TN:
SF:src/App.tsx
FN:60,getSidebarDefaultOpen
FN:68,MainLayout
FN:75,(anonymous_12)
FN:127,(anonymous_13)
FNF:4
FNH:0
FNDA:0,getSidebarDefaultOpen
FNDA:0,MainLayout
FNDA:0,(anonymous_12)
FNDA:0,(anonymous_13)
DA:1,0
DA:2,0
DA:3,0
DA:4,0
DA:5,0
DA:6,0
DA:7,0
DA:8,0
DA:9,0
DA:10,0
DA:11,0
DA:13,0
DA:14,0
DA:15,0
DA:17,0
DA:18,0
DA:19,0
DA:20,0
DA:21,0
DA:22,0
DA:23,0
DA:24,0
DA:25,0
DA:26,0
DA:27,0
DA:28,0
DA:29,0
DA:30,0
DA:31,0
DA:33,0
DA:34,0
DA:35,0
DA:36,0
DA:37,0
DA:38,0
DA:39,0
DA:40,0
DA:41,0
DA:42,0
DA:43,0
DA:44,0
DA:45,0
DA:46,0
DA:47,0
DA:48,0
DA:49,0
DA:51,0
DA:52,0
DA:53,0
DA:54,0
DA:55,0
DA:56,0
DA:58,0
DA:61,0
DA:62,0
DA:63,0
DA:65,0
DA:69,0
DA:70,0
DA:71,0
DA:72,0
DA:73,0
DA:75,0
DA:76,0
DA:77,0
DA:78,0
DA:79,0
DA:81,0
DA:85,0
DA:127,0
DA:128,0
DA:182,0
LF:72
LH:0
BRDA:63,0,0,0
BRDA:63,0,1,0
BRDA:72,1,0,0
BRDA:72,1,1,0
BRDA:76,2,0,0
BRDA:76,2,1,0
BRDA:93,3,0,0
BRDA:93,3,1,0
BRF:8
BRH:0
end_of_record
TN:
SF:src/test-llmo-mapper.ts
FN:5,testLLMOMapping
FNF:1
FNH:0
FNDA:0,testLLMOMapping
DA:3,0
DA:6,0
DA:10,0
DA:16,0
DA:36,0
DA:38,0
DA:43,0
DA:45,0
DA:54,0
DA:59,0
DA:61,0
LF:11
LH:0
BRDA:36,0,0,0
BRDA:36,0,1,0
BRDA:43,1,0,0
BRDA:43,1,1,0
BRF:4
BRH:0
end_of_record
TN:
SF:src/components/AppSidebar.tsx
FN:60,AppSidebar
FN:76,(anonymous_10)
FN:93,(anonymous_11)
FN:169,(anonymous_12)
FN:187,(anonymous_13)
FN:195,(anonymous_14)
FN:201,(anonymous_15)
FN:205,(anonymous_16)
FN:215,(anonymous_17)
FN:282,(anonymous_18)
FN:287,(anonymous_19)
FN:290,(anonymous_20)
FN:323,(anonymous_21)
FN:324,(anonymous_22)
FN:331,(anonymous_23)
FN:344,(anonymous_24)
FNF:16
FNH:4
FNDA:6,AppSidebar
FNDA:6,(anonymous_10)
FNDA:0,(anonymous_11)
FNDA:0,(anonymous_12)
FNDA:12,(anonymous_13)
FNDA:0,(anonymous_14)
FNDA:0,(anonymous_15)
FNDA:0,(anonymous_16)
FNDA:24,(anonymous_17)
FNDA:0,(anonymous_18)
FNDA:0,(anonymous_19)
FNDA:0,(anonymous_20)
FNDA:0,(anonymous_21)
FNDA:0,(anonymous_22)
FNDA:0,(anonymous_23)
FNDA:0,(anonymous_24)
DA:1,1
DA:15,1
DA:38,1
DA:39,1
DA:40,1
DA:41,1
DA:42,1
DA:43,1
DA:45,1
DA:46,1
DA:47,1
DA:56,1
DA:57,1
DA:60,1
DA:61,6
DA:62,6
DA:63,6
DA:64,6
DA:65,6
DA:66,6
DA:67,6
DA:68,6
DA:71,6
DA:72,6
DA:73,6
DA:74,6
DA:76,6
DA:77,6
DA:78,0
DA:79,0
DA:80,0
DA:82,0
DA:86,6
DA:87,6
DA:88,6
DA:89,6
DA:93,6
DA:94,0
DA:95,0
DA:99,6
DA:162,6
DA:169,0
DA:188,12
DA:195,0
DA:202,0
DA:203,0
DA:206,0
DA:207,0
DA:216,24
DA:217,24
DA:282,0
DA:287,0
DA:290,0
DA:324,0
DA:325,0
DA:327,0
DA:328,0
DA:332,0
DA:333,0
DA:344,0
LF:60
LH:38
BRDA:71,0,0,6
BRDA:71,0,1,6
BRDA:73,1,0,6
BRDA:73,1,1,6
BRDA:77,2,0,6
BRDA:77,2,1,0
BRDA:87,3,0,12
BRDA:87,3,1,6
BRDA:88,4,0,6
BRDA:88,4,1,6
BRDA:89,5,0,0
BRDA:89,5,1,6
BRDA:91,6,0,6
BRDA:91,6,1,6
BRDA:91,7,0,6
BRDA:91,7,1,6
BRDA:94,8,0,0
BRDA:94,8,1,0
BRDA:136,9,0,0
BRDA:136,9,1,6
BRDA:178,10,0,6
BRDA:178,10,1,6
BRDA:192,11,0,12
BRDA:192,11,1,6
BRDA:224,12,0,24
BRDA:224,12,1,6
BRDA:227,13,0,0
BRDA:227,13,1,24
BRDA:230,14,0,24
BRDA:230,14,1,0
BRDA:254,15,0,6
BRDA:254,15,1,0
BRDA:257,16,0,6
BRDA:257,16,1,0
BRDA:258,17,0,6
BRDA:258,17,1,0
BRDA:273,18,0,6
BRDA:273,18,1,0
BRDA:276,19,0,6
BRDA:276,19,1,0
BRDA:277,20,0,6
BRDA:277,20,1,0
BRDA:317,21,0,0
BRDA:317,21,1,6
BRDA:337,22,0,0
BRDA:337,22,1,0
BRDA:347,23,0,0
BRDA:347,23,1,0
BRDA:349,24,0,0
BRDA:349,24,1,0
BRF:50
BRH:30
end_of_record
TN:
SF:src/components/AudienceAnalysis.tsx
FN:10,(anonymous_0)
FN:53,(anonymous_1)
FN:75,(anonymous_2)
FN:85,(anonymous_3)
FN:104,(anonymous_4)
FNF:5
FNH:0
FNDA:0,(anonymous_0)
FNDA:0,(anonymous_1)
FNDA:0,(anonymous_2)
FNDA:0,(anonymous_3)
FNDA:0,(anonymous_4)
DA:2,0
DA:3,0
DA:4,0
DA:10,0
DA:11,0
DA:13,0
DA:19,0
DA:38,0
DA:54,0
DA:76,0
DA:86,0
DA:105,0
DA:167,0
LF:13
LH:0
BRDA:11,0,0,0
BRDA:11,0,1,0
BRF:2
BRH:0
end_of_record
TN:
SF:src/components/ContentAnalysis.tsx
FN:16,(anonymous_0)
FN:57,(anonymous_1)
FN:66,(anonymous_2)
FN:113,(anonymous_3)
FN:124,(anonymous_4)
FN:149,(anonymous_5)
FN:185,(anonymous_6)
FN:221,(anonymous_7)
FNF:8
FNH:0
FNDA:0,(anonymous_0)
FNDA:0,(anonymous_1)
FNDA:0,(anonymous_2)
FNDA:0,(anonymous_3)
FNDA:0,(anonymous_4)
FNDA:0,(anonymous_5)
FNDA:0,(anonymous_6)
FNDA:0,(anonymous_7)
DA:2,0
DA:3,0
DA:4,0
DA:5,0
DA:16,0
DA:17,0
DA:19,0
DA:57,0
DA:58,0
DA:59,0
DA:60,0
DA:61,0
DA:62,0
DA:66,0
DA:67,0
DA:68,0
DA:69,0
DA:70,0
DA:71,0
DA:75,0
DA:106,0
DA:113,0
DA:114,0
DA:116,0
DA:118,0
DA:120,0
DA:124,0
DA:125,0
DA:127,0
DA:129,0
DA:131,0
DA:135,0
DA:150,0
DA:186,0
DA:222,0
DA:273,0
LF:36
LH:0
BRDA:17,0,0,0
BRDA:17,0,1,0
BRDA:22,1,0,0
BRDA:22,1,1,0
BRDA:43,2,0,0
BRDA:43,2,1,0
BRDA:50,3,0,0
BRDA:50,3,1,0
BRDA:58,4,0,0
BRDA:58,4,1,0
BRDA:58,4,2,0
BRDA:58,4,3,0
BRDA:67,5,0,0
BRDA:67,5,1,0
BRDA:67,5,2,0
BRDA:67,5,3,0
BRDA:75,6,0,0
BRDA:75,6,1,0
BRDA:106,7,0,0
BRDA:106,7,1,0
BRDA:114,8,0,0
BRDA:114,8,1,0
BRDA:114,8,2,0
BRDA:125,9,0,0
BRDA:125,9,1,0
BRDA:125,9,2,0
BRDA:226,10,0,0
BRDA:226,10,1,0
BRDA:226,11,0,0
BRDA:226,11,1,0
BRDA:229,12,0,0
BRDA:229,12,1,0
BRDA:229,13,0,0
BRDA:229,13,1,0
BRF:34
BRH:0
end_of_record
TN:
SF:src/components/ErrorBoundary.tsx
FN:24,(anonymous_9)
FN:28,(anonymous_10)
FN:33,(anonymous_11)
FN:37,(anonymous_12)
FN:41,(anonymous_13)
FN:45,(anonymous_14)
FNF:6
FNH:0
FNDA:0,(anonymous_9)
FNDA:0,(anonymous_10)
FNDA:0,(anonymous_11)
FNDA:0,(anonymous_12)
FNDA:0,(anonymous_13)
FNDA:0,(anonymous_14)
DA:1,0
DA:2,0
DA:3,0
DA:17,0
DA:18,0
DA:25,0
DA:29,0
DA:30,0
DA:33,0
DA:34,0
DA:37,0
DA:38,0
DA:41,0
DA:42,0
DA:46,0
DA:47,0
DA:48,0
DA:51,0
DA:119,0
DA:123,0
LF:20
LH:0
BRDA:46,0,0,0
BRDA:46,0,1,0
BRDA:47,1,0,0
BRDA:47,1,1,0
BRDA:63,2,0,0
BRDA:63,2,1,0
BRDA:67,3,0,0
BRDA:67,3,1,0
BRDA:67,3,2,0
BRDA:67,4,0,0
BRDA:67,4,1,0
BRDA:75,5,0,0
BRDA:75,5,1,0
BRF:13
BRH:0
end_of_record
TN:
SF:src/components/ErrorDisplay.tsx
FN:12,(anonymous_1)
FN:13,(anonymous_2)
FN:44,(anonymous_3)
FN:162,(anonymous_4)
FN:184,(anonymous_5)
FN:197,(anonymous_6)
FNF:6
FNH:0
FNDA:0,(anonymous_1)
FNDA:0,(anonymous_2)
FNDA:0,(anonymous_3)
FNDA:0,(anonymous_4)
FNDA:0,(anonymous_5)
FNDA:0,(anonymous_6)
DA:1,0
DA:2,0
DA:3,0
DA:4,0
DA:12,0
DA:13,0
DA:14,0
DA:15,0
DA:17,0
DA:18,0
DA:20,0
DA:21,0
DA:23,0
DA:24,0
DA:26,0
DA:27,0
DA:29,0
DA:30,0
DA:32,0
DA:33,0
DA:35,0
DA:36,0
DA:38,0
DA:39,0
DA:41,0
DA:44,0
DA:45,0
DA:47,0
DA:58,0
DA:69,0
DA:80,0
DA:91,0
DA:102,0
DA:113,0
DA:124,0
DA:135,0
DA:146,0
DA:159,0
DA:160,0
DA:162,0
DA:163,0
DA:165,0
DA:167,0
DA:169,0
DA:171,0
DA:175,0
DA:184,0
DA:198,0
DA:224,0
LF:49
LH:0
BRDA:14,0,0,0
BRDA:14,0,1,0
BRDA:17,1,0,0
BRDA:17,1,1,0
BRDA:20,2,0,0
BRDA:20,2,1,0
BRDA:23,3,0,0
BRDA:23,3,1,0
BRDA:26,4,0,0
BRDA:26,4,1,0
BRDA:29,5,0,0
BRDA:29,5,1,0
BRDA:32,6,0,0
BRDA:32,6,1,0
BRDA:35,7,0,0
BRDA:35,7,1,0
BRDA:38,8,0,0
BRDA:38,8,1,0
BRDA:38,9,0,0
BRDA:38,9,1,0
BRDA:45,10,0,0
BRDA:45,10,1,0
BRDA:45,10,2,0
BRDA:45,10,3,0
BRDA:45,10,4,0
BRDA:45,10,5,0
BRDA:45,10,6,0
BRDA:45,10,7,0
BRDA:45,10,8,0
BRDA:45,10,9,0
BRDA:163,11,0,0
BRDA:163,11,1,0
BRDA:163,11,2,0
BRDA:163,11,3,0
BRDA:180,12,0,0
BRDA:180,12,1,0
BRDA:206,13,0,0
BRDA:206,13,1,0
BRF:38
BRH:0
end_of_record
TN:
SF:src/components/ErrorHandler.tsx
FN:32,(anonymous_1)
FN:41,(anonymous_2)
FN:56,(anonymous_3)
FN:71,(anonymous_4)
FN:220,(anonymous_5)
FN:239,(anonymous_6)
FN:263,(anonymous_7)
FN:285,(anonymous_8)
FNF:8
FNH:0
FNDA:0,(anonymous_1)
FNDA:0,(anonymous_2)
FNDA:0,(anonymous_3)
FNDA:0,(anonymous_4)
FNDA:0,(anonymous_5)
FNDA:0,(anonymous_6)
FNDA:0,(anonymous_7)
FNDA:0,(anonymous_8)
DA:1,0
DA:3,0
DA:4,0
DA:5,0
DA:15,0
DA:32,0
DA:39,0
DA:41,0
DA:42,0
DA:44,0
DA:46,0
DA:48,0
DA:50,0
DA:52,0
DA:56,0
DA:57,0
DA:59,0
DA:61,0
DA:63,0
DA:65,0
DA:67,0
DA:71,0
DA:72,0
DA:74,0
DA:100,0
DA:135,0
DA:159,0
DA:194,0
DA:220,0
DA:221,0
DA:237,0
DA:238,0
DA:239,0
DA:259,0
DA:263,0
DA:268,0
DA:276,0
DA:285,0
DA:286,0
DA:287,0
DA:294,0
DA:295,0
DA:301,0
DA:302,0
DA:308,0
DA:309,0
DA:315,0
DA:321,0
LF:48
LH:0
BRDA:37,0,0,0
BRDA:39,1,0,0
BRDA:39,1,1,0
BRDA:42,2,0,0
BRDA:42,2,1,0
BRDA:42,2,2,0
BRDA:42,2,3,0
BRDA:42,2,4,0
BRDA:57,3,0,0
BRDA:57,3,1,0
BRDA:57,3,2,0
BRDA:57,3,3,0
BRDA:57,3,4,0
BRDA:72,4,0,0
BRDA:72,4,1,0
BRDA:72,4,2,0
BRDA:72,4,3,0
BRDA:72,4,4,0
BRDA:76,5,0,0
BRDA:76,5,1,0
BRDA:86,6,0,0
BRDA:86,6,1,0
BRDA:102,7,0,0
BRDA:102,7,1,0
BRDA:121,8,0,0
BRDA:121,8,1,0
BRDA:145,9,0,0
BRDA:145,9,1,0
BRDA:161,10,0,0
BRDA:161,10,1,0
BRDA:180,11,0,0
BRDA:180,11,1,0
BRDA:196,12,0,0
BRDA:196,12,1,0
BRDA:205,13,0,0
BRDA:205,13,1,0
BRDA:237,14,0,0
BRDA:237,14,1,0
BRDA:277,15,0,0
BRDA:277,15,1,0
BRDA:286,16,0,0
BRDA:286,16,1,0
BRDA:289,17,0,0
BRDA:289,17,1,0
BRDA:294,18,0,0
BRDA:294,18,1,0
BRDA:301,19,0,0
BRDA:301,19,1,0
BRDA:308,20,0,0
BRDA:308,20,1,0
BRDA:317,21,0,0
BRDA:317,21,1,0
BRF:52
BRH:0
end_of_record
TN:
SF:src/components/GlobalSearch.tsx
FN:15,(anonymous_0)
FN:29,(anonymous_1)
FN:36,(anonymous_2)
FN:37,(anonymous_3)
FN:49,(anonymous_4)
FN:63,(anonymous_5)
FN:74,(anonymous_6)
FN:78,(anonymous_7)
FN:110,(anonymous_8)
FN:115,(anonymous_9)
FNF:10
FNH:0
FNDA:0,(anonymous_0)
FNDA:0,(anonymous_1)
FNDA:0,(anonymous_2)
FNDA:0,(anonymous_3)
FNDA:0,(anonymous_4)
FNDA:0,(anonymous_5)
FNDA:0,(anonymous_6)
FNDA:0,(anonymous_7)
FNDA:0,(anonymous_8)
FNDA:0,(anonymous_9)
DA:2,0
DA:3,0
DA:4,0
DA:5,0
DA:6,0
DA:15,0
DA:16,0
DA:17,0
DA:19,0
DA:28,0
DA:30,0
DA:36,0
DA:37,0
DA:38,0
DA:39,0
DA:40,0
DA:42,0
DA:43,0
DA:44,0
DA:48,0
DA:49,0
DA:52,0
DA:54,0
DA:63,0
DA:75,0
DA:79,0
DA:80,0
DA:81,0
DA:111,0
DA:115,0
DA:129,0
LF:31
LH:0
BRDA:28,0,0,0
BRDA:28,0,1,0
BRDA:30,1,0,0
BRDA:30,1,1,0
BRDA:30,1,2,0
BRDA:38,2,0,0
BRDA:38,2,1,0
BRDA:38,3,0,0
BRDA:38,3,1,0
BRDA:38,3,2,0
BRDA:42,4,0,0
BRDA:42,4,1,0
BRDA:52,5,0,0
BRDA:52,5,1,0
BRDA:70,6,0,0
BRDA:70,6,1,0
BRDA:72,7,0,0
BRDA:72,7,1,0
BRDA:106,8,0,0
BRDA:106,8,1,0
BRF:20
BRH:0
end_of_record
TN:
SF:src/components/ImpactEffortMatrix.tsx
FN:36,(anonymous_9)
FN:45,(anonymous_10)
FN:46,(anonymous_11)
FN:54,(anonymous_12)
FN:55,(anonymous_13)
FN:60,(anonymous_14)
FN:68,(anonymous_15)
FN:76,(anonymous_16)
FN:87,(anonymous_17)
FN:98,(anonymous_18)
FN:109,(anonymous_19)
FN:147,(anonymous_20)
FN:151,(anonymous_21)
FN:162,(anonymous_22)
FN:185,(anonymous_23)
FN:194,(anonymous_24)
FN:203,(anonymous_25)
FN:213,(anonymous_26)
FN:297,(anonymous_27)
FN:313,(anonymous_28)
FN:314,(anonymous_29)
FN:315,(anonymous_30)
FN:403,(anonymous_31)
FN:417,(anonymous_32)
FN:431,(anonymous_33)
FN:445,(anonymous_34)
FNF:26
FNH:0
FNDA:0,(anonymous_9)
FNDA:0,(anonymous_10)
FNDA:0,(anonymous_11)
FNDA:0,(anonymous_12)
FNDA:0,(anonymous_13)
FNDA:0,(anonymous_14)
FNDA:0,(anonymous_15)
FNDA:0,(anonymous_16)
FNDA:0,(anonymous_17)
FNDA:0,(anonymous_18)
FNDA:0,(anonymous_19)
FNDA:0,(anonymous_20)
FNDA:0,(anonymous_21)
FNDA:0,(anonymous_22)
FNDA:0,(anonymous_23)
FNDA:0,(anonymous_24)
FNDA:0,(anonymous_25)
FNDA:0,(anonymous_26)
FNDA:0,(anonymous_27)
FNDA:0,(anonymous_28)
FNDA:0,(anonymous_29)
FNDA:0,(anonymous_30)
FNDA:0,(anonymous_31)
FNDA:0,(anonymous_32)
FNDA:0,(anonymous_33)
FNDA:0,(anonymous_34)
DA:1,0
DA:2,0
DA:3,0
DA:5,0
DA:36,0
DA:40,0
DA:41,0
DA:42,0
DA:45,0
DA:46,0
DA:47,0
DA:48,0
DA:49,0
DA:54,0
DA:55,0
DA:56,0
DA:60,0
DA:62,0
DA:63,0
DA:64,0
DA:68,0
DA:69,0
DA:70,0
DA:71,0
DA:72,0
DA:76,0
DA:77,0
DA:78,0
DA:79,0
DA:80,0
DA:81,0
DA:82,0
DA:87,0
DA:88,0
DA:89,0
DA:90,0
DA:91,0
DA:92,0
DA:93,0
DA:98,0
DA:99,0
DA:100,0
DA:101,0
DA:102,0
DA:103,0
DA:104,0
DA:109,0
DA:110,0
DA:111,0
DA:112,0
DA:113,0
DA:114,0
DA:115,0
DA:119,0
DA:147,0
DA:152,0
DA:162,0
DA:186,0
DA:195,0
DA:204,0
DA:205,0
DA:214,0
DA:215,0
DA:298,0
DA:299,0
DA:300,0
DA:302,0
DA:313,0
DA:314,0
DA:315,0
DA:403,0
DA:417,0
DA:431,0
DA:445,0
DA:457,0
LF:75
LH:0
BRDA:47,0,0,0
BRDA:47,0,1,0
BRDA:48,1,0,0
BRDA:48,1,1,0
BRDA:49,2,0,0
BRDA:49,2,1,0
BRDA:69,3,0,0
BRDA:69,3,1,0
BRDA:69,4,0,0
BRDA:69,4,1,0
BRDA:70,5,0,0
BRDA:70,5,1,0
BRDA:70,6,0,0
BRDA:70,6,1,0
BRDA:71,7,0,0
BRDA:71,7,1,0
BRDA:71,8,0,0
BRDA:71,8,1,0
BRDA:77,9,0,0
BRDA:77,9,1,0
BRDA:77,9,2,0
BRDA:77,9,3,0
BRDA:77,9,4,0
BRDA:88,10,0,0
BRDA:88,10,1,0
BRDA:88,10,2,0
BRDA:88,10,3,0
BRDA:88,10,4,0
BRDA:99,11,0,0
BRDA:99,11,1,0
BRDA:99,11,2,0
BRDA:99,11,3,0
BRDA:99,11,4,0
BRDA:110,12,0,0
BRDA:110,12,1,0
BRDA:110,12,2,0
BRDA:110,12,3,0
BRDA:110,12,4,0
BRDA:204,13,0,0
BRDA:204,13,1,0
BRDA:214,14,0,0
BRDA:214,14,1,0
BRDA:306,15,0,0
BRDA:306,15,1,0
BRDA:320,16,0,0
BRDA:320,16,1,0
BRDA:325,17,0,0
BRDA:325,17,1,0
BRF:48
BRH:0
end_of_record
TN:
SF:src/components/MetricsOverview.tsx
FN:11,(anonymous_0)
FN:53,(anonymous_1)
FN:73,(anonymous_2)
FN:92,(anonymous_3)
FN:140,(anonymous_4)
FNF:5
FNH:0
FNDA:0,(anonymous_0)
FNDA:0,(anonymous_1)
FNDA:0,(anonymous_2)
FNDA:0,(anonymous_3)
FNDA:0,(anonymous_4)
DA:1,0
DA:2,0
DA:3,0
DA:4,0
DA:11,0
DA:12,0
DA:14,0
DA:49,0
DA:54,0
DA:74,0
DA:93,0
DA:141,0
DA:159,0
LF:13
LH:0
BRDA:12,0,0,0
BRDA:12,0,1,0
BRDA:19,1,0,0
BRDA:19,1,1,0
BRDA:19,2,0,0
BRDA:19,2,1,0
BRDA:19,3,0,0
BRDA:19,3,1,0
BRDA:27,4,0,0
BRDA:27,4,1,0
BRDA:27,5,0,0
BRDA:27,5,1,0
BRDA:27,6,0,0
BRDA:27,6,1,0
BRDA:35,7,0,0
BRDA:35,7,1,0
BRDA:35,8,0,0
BRDA:35,8,1,0
BRDA:35,9,0,0
BRDA:35,9,1,0
BRDA:43,10,0,0
BRDA:43,10,1,0
BRDA:43,11,0,0
BRDA:43,11,1,0
BRDA:43,12,0,0
BRDA:43,12,1,0
BRF:26
BRH:0
end_of_record
TN:
SF:src/components/ModelLogosCarousel.tsx
FN:28,ModelLogosCarousel
FN:33,(anonymous_2)
FNF:2
FNH:0
FNDA:0,ModelLogosCarousel
FNDA:0,(anonymous_2)
DA:1,0
DA:4,0
DA:28,0
DA:29,0
DA:30,0
DA:34,0
LF:6
LH:0
BRDA:31,0,0,0
BRDA:31,0,1,0
BRF:2
BRH:0
end_of_record
TN:
SF:src/components/NewAnalysisModal.tsx
FN:28,NewAnalysisModal
FN:37,(anonymous_10)
FN:112,(anonymous_11)
FN:174,(anonymous_12)
FNF:4
FNH:0
FNDA:0,NewAnalysisModal
FNDA:0,(anonymous_10)
FNDA:0,(anonymous_11)
FNDA:0,(anonymous_12)
DA:1,0
DA:2,0
DA:10,0
DA:11,0
DA:12,0
DA:13,0
DA:14,0
DA:15,0
DA:16,0
DA:17,0
DA:18,0
DA:19,0
DA:20,0
DA:21,0
DA:28,0
DA:29,0
DA:30,0
DA:31,0
DA:32,0
DA:33,0
DA:34,0
DA:35,0
DA:37,0
DA:38,0
DA:39,0
DA:41,0
DA:42,0
DA:43,0
DA:46,0
DA:47,0
DA:50,0
DA:53,0
DA:55,0
DA:56,0
DA:60,0
DA:63,0
DA:64,0
DA:67,0
DA:68,0
DA:71,0
DA:74,0
DA:75,0
DA:81,0
DA:85,0
DA:112,0
DA:175,0
LF:46
LH:0
BRDA:39,0,0,0
BRDA:39,0,1,0
BRDA:42,1,0,0
BRDA:42,1,1,0
BRDA:42,2,0,0
BRDA:42,2,1,0
BRDA:55,3,0,0
BRDA:55,3,1,0
BRDA:67,4,0,0
BRDA:67,4,1,0
BRDA:74,5,0,0
BRDA:74,5,1,0
BRDA:122,6,0,0
BRDA:122,6,1,0
BRDA:126,7,0,0
BRDA:126,7,1,0
BRDA:164,8,0,0
BRDA:164,8,1,0
BRDA:167,9,0,0
BRDA:167,9,1,0
BRDA:170,10,0,0
BRDA:170,10,1,0
BRF:22
BRH:0
end_of_record
TN:
SF:src/components/NotificationBell.tsx
FN:32,NotificationBell
FN:107,(anonymous_1)
FN:133,(anonymous_2)
FN:144,(anonymous_3)
FN:190,(anonymous_4)
FNF:5
FNH:0
FNDA:0,NotificationBell
FNDA:0,(anonymous_1)
FNDA:0,(anonymous_2)
FNDA:0,(anonymous_3)
FNDA:0,(anonymous_4)
DA:1,0
DA:2,0
DA:3,0
DA:4,0
DA:9,0
DA:10,0
DA:11,0
DA:12,0
DA:13,0
DA:14,0
DA:16,0
DA:24,0
DA:32,0
DA:33,0
DA:41,0
DA:43,0
DA:108,0
DA:134,0
DA:135,0
DA:137,0
DA:144,0
DA:190,0
LF:22
LH:0
BRDA:54,0,0,0
BRDA:54,0,1,0
BRDA:56,1,0,0
BRDA:56,1,1,0
BRDA:64,2,0,0
BRDA:64,2,1,0
BRDA:78,3,0,0
BRDA:78,3,1,0
BRDA:80,4,0,0
BRDA:80,4,1,0
BRDA:84,5,0,0
BRDA:84,5,1,0
BRDA:98,6,0,0
BRDA:98,6,1,0
BRDA:103,7,0,0
BRDA:103,7,1,0
BRDA:126,8,0,0
BRDA:126,8,1,0
BRDA:134,9,0,0
BRDA:134,9,1,0
BRDA:135,10,0,0
BRDA:135,10,1,0
BRDA:142,11,0,0
BRDA:142,11,1,0
BRDA:144,12,0,0
BRDA:144,12,1,0
BRDA:157,13,0,0
BRDA:157,13,1,0
BRDA:161,14,0,0
BRDA:161,14,1,0
BRDA:184,15,0,0
BRDA:184,15,1,0
BRF:32
BRH:0
end_of_record
TN:
SF:src/components/Onboarding.tsx
FN:155,Onboarding
FN:169,(anonymous_1)
FN:176,(anonymous_2)
FN:187,(anonymous_3)
FN:214,(anonymous_4)
FN:226,(anonymous_5)
FN:241,(anonymous_6)
FN:246,(anonymous_7)
FN:280,(anonymous_8)
FN:282,(anonymous_9)
FN:289,(anonymous_10)
FN:322,(anonymous_11)
FN:332,(anonymous_12)
FN:336,(anonymous_13)
FN:347,(anonymous_14)
FN:432,(anonymous_15)
FN:448,(anonymous_16)
FN:480,(anonymous_17)
FN:499,(anonymous_18)
FN:527,(anonymous_19)
FNF:20
FNH:0
FNDA:0,Onboarding
FNDA:0,(anonymous_1)
FNDA:0,(anonymous_2)
FNDA:0,(anonymous_3)
FNDA:0,(anonymous_4)
FNDA:0,(anonymous_5)
FNDA:0,(anonymous_6)
FNDA:0,(anonymous_7)
FNDA:0,(anonymous_8)
FNDA:0,(anonymous_9)
FNDA:0,(anonymous_10)
FNDA:0,(anonymous_11)
FNDA:0,(anonymous_12)
FNDA:0,(anonymous_13)
FNDA:0,(anonymous_14)
FNDA:0,(anonymous_15)
FNDA:0,(anonymous_16)
FNDA:0,(anonymous_17)
FNDA:0,(anonymous_18)
FNDA:0,(anonymous_19)
DA:1,0
DA:2,0
DA:3,0
DA:4,0
DA:5,0
DA:6,0
DA:8,0
DA:9,0
DA:10,0
DA:11,0
DA:36,0
DA:155,0
DA:156,0
DA:157,0
DA:158,0
DA:159,0
DA:160,0
DA:161,0
DA:162,0
DA:166,0
DA:169,0
DA:170,0
DA:171,0
DA:172,0
DA:176,0
DA:178,0
DA:180,0
DA:181,0
DA:185,0
DA:186,0
DA:187,0
DA:189,0
DA:192,0
DA:193,0
DA:196,0
DA:200,0
DA:204,0
DA:207,0
DA:210,0
DA:214,0
DA:215,0
DA:218,0
DA:219,0
DA:220,0
DA:221,0
DA:226,0
DA:227,0
DA:230,0
DA:231,0
DA:235,0
DA:236,0
DA:240,0
DA:241,0
DA:243,0
DA:244,0
DA:246,0
DA:247,0
DA:249,0
DA:250,0
DA:251,0
DA:253,0
DA:256,0
DA:259,0
DA:263,0
DA:264,0
DA:268,0
DA:269,0
DA:271,0
DA:272,0
DA:280,0
DA:281,0
DA:282,0
DA:289,0
DA:290,0
DA:292,0
DA:293,0
DA:294,0
DA:295,0
DA:298,0
DA:300,0
DA:306,0
DA:307,0
DA:311,0
DA:319,0
DA:324,0
DA:325,0
DA:334,0
DA:338,0
DA:339,0
DA:340,0
DA:348,0
DA:349,0
DA:350,0
DA:351,0
DA:433,0
DA:434,0
DA:436,0
DA:437,0
DA:450,0
DA:451,0
DA:453,0
DA:454,0
DA:481,0
DA:482,0
DA:484,0
DA:485,0
DA:501,0
DA:502,0
DA:504,0
DA:505,0
DA:528,0
DA:529,0
LF:112
LH:0
BRDA:171,0,0,0
BRDA:171,0,1,0
BRDA:178,1,0,0
BRDA:178,1,1,0
BRDA:180,2,0,0
BRDA:180,2,1,0
BRDA:185,3,0,0
BRDA:185,3,1,0
BRDA:185,4,0,0
BRDA:185,4,1,0
BRDA:189,5,0,0
BRDA:189,5,1,0
BRDA:192,6,0,0
BRDA:192,6,1,0
BRDA:200,7,0,0
BRDA:200,7,1,0
BRDA:204,8,0,0
BRDA:204,8,1,0
BRDA:227,9,0,0
BRDA:227,9,1,0
BRDA:230,10,0,0
BRDA:230,10,1,0
BRDA:230,11,0,0
BRDA:230,11,1,0
BRDA:230,11,2,0
BRDA:235,12,0,0
BRDA:235,12,1,0
BRDA:244,13,0,0
BRDA:244,13,1,0
BRDA:249,14,0,0
BRDA:249,14,1,0
BRDA:256,15,0,0
BRDA:256,15,1,0
BRDA:268,16,0,0
BRDA:268,16,1,0
BRDA:281,17,0,0
BRDA:281,17,1,0
BRDA:290,18,0,0
BRDA:290,18,1,0
BRDA:306,19,0,0
BRDA:306,19,1,0
BRDA:311,20,0,0
BRDA:311,20,1,0
BRDA:324,21,0,0
BRDA:324,21,1,0
BRDA:324,22,0,0
BRDA:324,22,1,0
BRDA:339,23,0,0
BRDA:339,23,1,0
BRDA:350,24,0,0
BRDA:350,24,1,0
BRDA:384,25,0,0
BRDA:384,25,1,0
BRDA:389,26,0,0
BRDA:389,26,1,0
BRDA:394,27,0,0
BRDA:394,27,1,0
BRDA:399,28,0,0
BRDA:399,28,1,0
BRDA:404,29,0,0
BRDA:404,29,1,0
BRDA:409,30,0,0
BRDA:409,30,1,0
BRDA:424,31,0,0
BRDA:424,31,1,0
BRDA:436,32,0,0
BRDA:436,32,1,0
BRDA:450,33,0,0
BRDA:450,33,1,0
BRDA:464,34,0,0
BRDA:464,34,1,0
BRDA:472,35,0,0
BRDA:472,35,1,0
BRDA:484,36,0,0
BRDA:484,36,1,0
BRDA:492,37,0,0
BRDA:492,37,1,0
BRDA:501,38,0,0
BRDA:501,38,1,0
BRDA:516,39,0,0
BRDA:516,39,1,0
BRDA:524,40,0,0
BRDA:524,40,1,0
BRDA:546,41,0,0
BRDA:546,41,1,0
BRDA:561,42,0,0
BRDA:561,42,1,0
BRDA:561,42,2,0
BRDA:565,43,0,0
BRDA:565,43,1,0
BRF:90
BRH:0
end_of_record
TN:
SF:src/components/OnboardingProvider.tsx
FN:17,OnboardingProvider
FN:24,(anonymous_1)
FN:78,(anonymous_2)
FN:106,(anonymous_3)
FN:126,(anonymous_4)
FN:144,(anonymous_5)
FNF:6
FNH:0
FNDA:0,OnboardingProvider
FNDA:0,(anonymous_1)
FNDA:0,(anonymous_2)
FNDA:0,(anonymous_3)
FNDA:0,(anonymous_4)
FNDA:0,(anonymous_5)
DA:1,0
DA:2,0
DA:3,0
DA:4,0
DA:5,0
DA:7,0
DA:17,0
DA:18,0
DA:19,0
DA:20,0
DA:21,0
DA:24,0
DA:25,0
DA:26,0
DA:27,0
DA:30,0
DA:31,0
DA:32,0
DA:36,0
DA:37,0
DA:38,0
DA:42,0
DA:43,0
DA:44,0
DA:48,0
DA:54,0
DA:57,0
DA:58,0
DA:62,0
DA:64,0
DA:67,0
DA:68,0
DA:72,0
DA:78,0
DA:80,0
DA:81,0
DA:85,0
DA:86,0
DA:87,0
DA:90,0
DA:106,0
DA:107,0
DA:108,0
DA:111,0
DA:112,0
DA:113,0
DA:115,0
DA:116,0
DA:117,0
DA:126,0
DA:127,0
DA:128,0
DA:131,0
DA:132,0
DA:134,0
DA:135,0
DA:136,0
DA:144,0
DA:145,0
DA:149,0
DA:151,0
DA:152,0
DA:154,0
DA:157,0
DA:162,0
LF:65
LH:0
BRDA:25,0,0,0
BRDA:25,0,1,0
BRDA:25,1,0,0
BRDA:25,1,1,0
BRDA:30,2,0,0
BRDA:30,2,1,0
BRDA:36,3,0,0
BRDA:36,3,1,0
BRDA:42,4,0,0
BRDA:42,4,1,0
BRDA:48,5,0,0
BRDA:48,5,1,0
BRDA:54,6,0,0
BRDA:54,6,1,0
BRDA:54,6,2,0
BRDA:62,7,0,0
BRDA:62,7,1,0
BRDA:64,8,0,0
BRDA:64,8,1,0
BRDA:64,8,2,0
BRDA:64,8,3,0
BRDA:87,9,0,0
BRDA:87,9,1,0
BRDA:116,10,0,0
BRDA:116,10,1,0
BRDA:135,11,0,0
BRDA:135,11,1,0
BRDA:145,12,0,0
BRDA:145,12,1,0
BRDA:149,13,0,0
BRDA:149,13,1,0
BRDA:149,14,0,0
BRDA:149,14,1,0
BRDA:152,15,0,0
BRDA:152,15,1,0
BRDA:152,16,0,0
BRDA:152,16,1,0
BRDA:152,16,2,0
BRDA:165,17,0,0
BRDA:165,17,1,0
BRDA:165,17,2,0
BRDA:172,18,0,0
BRDA:172,18,1,0
BRDA:172,18,2,0
BRF:44
BRH:0
end_of_record
TN:
SF:src/components/OnboardingTour.tsx
FN:18,OnboardingTour
FN:25,(anonymous_1)
FN:29,(anonymous_2)
FN:35,(anonymous_3)
FN:44,(anonymous_4)
FN:46,(anonymous_5)
FN:61,(anonymous_6)
FN:85,(anonymous_7)
FN:88,(anonymous_8)
FN:104,(anonymous_9)
FN:121,(anonymous_10)
FN:126,(anonymous_11)
FN:143,(anonymous_12)
FN:150,(anonymous_13)
FN:167,(anonymous_14)
FN:170,(anonymous_15)
FN:187,(anonymous_16)
FN:190,(anonymous_17)
FN:207,(anonymous_18)
FN:210,(anonymous_19)
FN:227,(anonymous_20)
FN:230,(anonymous_21)
FN:247,(anonymous_22)
FN:250,(anonymous_23)
FN:267,(anonymous_24)
FN:270,(anonymous_25)
FN:287,(anonymous_26)
FN:290,(anonymous_27)
FN:307,(anonymous_28)
FN:310,(anonymous_29)
FN:340,(anonymous_30)
FN:347,(anonymous_31)
FN:355,(anonymous_32)
FN:365,(anonymous_33)
FN:382,(anonymous_34)
FN:391,(anonymous_35)
FN:403,(anonymous_36)
FN:412,(anonymous_37)
FN:428,(anonymous_38)
FNF:39
FNH:0
FNDA:0,OnboardingTour
FNDA:0,(anonymous_1)
FNDA:0,(anonymous_2)
FNDA:0,(anonymous_3)
FNDA:0,(anonymous_4)
FNDA:0,(anonymous_5)
FNDA:0,(anonymous_6)
FNDA:0,(anonymous_7)
FNDA:0,(anonymous_8)
FNDA:0,(anonymous_9)
FNDA:0,(anonymous_10)
FNDA:0,(anonymous_11)
FNDA:0,(anonymous_12)
FNDA:0,(anonymous_13)
FNDA:0,(anonymous_14)
FNDA:0,(anonymous_15)
FNDA:0,(anonymous_16)
FNDA:0,(anonymous_17)
FNDA:0,(anonymous_18)
FNDA:0,(anonymous_19)
FNDA:0,(anonymous_20)
FNDA:0,(anonymous_21)
FNDA:0,(anonymous_22)
FNDA:0,(anonymous_23)
FNDA:0,(anonymous_24)
FNDA:0,(anonymous_25)
FNDA:0,(anonymous_26)
FNDA:0,(anonymous_27)
FNDA:0,(anonymous_28)
FNDA:0,(anonymous_29)
FNDA:0,(anonymous_30)
FNDA:0,(anonymous_31)
FNDA:0,(anonymous_32)
FNDA:0,(anonymous_33)
FNDA:0,(anonymous_34)
FNDA:0,(anonymous_35)
FNDA:0,(anonymous_36)
FNDA:0,(anonymous_37)
FNDA:0,(anonymous_38)
DA:1,0
DA:2,0
DA:3,0
DA:4,0
DA:5,0
DA:6,0
DA:18,0
DA:19,0
DA:20,0
DA:21,0
DA:22,0
DA:23,0
DA:25,0
DA:26,0
DA:29,0
DA:30,0
DA:35,0
DA:36,0
DA:37,0
DA:38,0
DA:44,0
DA:46,0
DA:47,0
DA:60,0
DA:61,0
DA:62,0
DA:63,0
DA:64,0
DA:68,0
DA:71,0
DA:75,0
DA:88,0
DA:89,0
DA:92,0
DA:93,0
DA:96,0
DA:98,0
DA:102,0
DA:104,0
DA:105,0
DA:106,0
DA:124,0
DA:126,0
DA:127,0
DA:131,0
DA:145,0
DA:146,0
DA:149,0
DA:150,0
DA:151,0
DA:155,0
DA:169,0
DA:170,0
DA:171,0
DA:175,0
DA:189,0
DA:190,0
DA:191,0
DA:195,0
DA:209,0
DA:210,0
DA:211,0
DA:215,0
DA:229,0
DA:230,0
DA:231,0
DA:235,0
DA:249,0
DA:250,0
DA:251,0
DA:255,0
DA:269,0
DA:270,0
DA:271,0
DA:275,0
DA:289,0
DA:290,0
DA:291,0
DA:295,0
DA:309,0
DA:310,0
DA:311,0
DA:315,0
DA:321,0
DA:343,0
DA:344,0
DA:350,0
DA:351,0
DA:360,0
DA:363,0
DA:365,0
DA:367,0
DA:368,0
DA:370,0
DA:371,0
DA:374,0
DA:379,0
DA:382,0
DA:383,0
DA:391,0
DA:392,0
DA:393,0
DA:395,0
DA:396,0
DA:398,0
DA:403,0
DA:405,0
DA:406,0
DA:410,0
DA:412,0
DA:413,0
DA:414,0
DA:416,0
DA:418,0
DA:419,0
DA:421,0
DA:424,0
DA:428,0
DA:429,0
DA:430,0
DA:431,0
DA:432,0
DA:434,0
DA:435,0
DA:440,0
LF:125
LH:0
BRDA:26,0,0,0
BRDA:26,0,1,0
BRDA:37,1,0,0
BRDA:37,1,1,0
BRDA:63,2,0,0
BRDA:63,2,1,0
BRDA:68,3,0,0
BRDA:68,3,1,0
BRDA:89,4,0,0
BRDA:89,4,1,0
BRDA:89,4,2,0
BRDA:92,5,0,0
BRDA:92,5,1,0
BRDA:102,6,0,0
BRDA:102,6,1,0
BRDA:105,7,0,0
BRDA:105,7,1,0
BRDA:124,8,0,0
BRDA:124,8,1,0
BRDA:146,9,0,0
BRDA:146,9,1,0
BRDA:149,10,0,0
BRDA:149,10,1,0
BRDA:169,11,0,0
BRDA:169,11,1,0
BRDA:189,12,0,0
BRDA:189,12,1,0
BRDA:209,13,0,0
BRDA:209,13,1,0
BRDA:229,14,0,0
BRDA:229,14,1,0
BRDA:249,15,0,0
BRDA:249,15,1,0
BRDA:269,16,0,0
BRDA:269,16,1,0
BRDA:289,17,0,0
BRDA:289,17,1,0
BRDA:309,18,0,0
BRDA:309,18,1,0
BRDA:343,19,0,0
BRDA:343,19,1,0
BRDA:350,20,0,0
BRDA:350,20,1,0
BRDA:363,21,0,0
BRDA:363,21,1,0
BRDA:367,22,0,0
BRDA:367,22,1,0
BRDA:370,23,0,0
BRDA:370,23,1,0
BRDA:383,24,0,0
BRDA:383,24,1,0
BRDA:383,25,0,0
BRDA:383,25,1,0
BRDA:395,26,0,0
BRDA:395,26,1,0
BRDA:395,27,0,0
BRDA:395,27,1,0
BRDA:405,28,0,0
BRDA:405,28,1,0
BRDA:410,29,0,0
BRDA:410,29,1,0
BRDA:413,30,0,0
BRDA:413,30,1,0
BRDA:416,31,0,0
BRDA:416,31,1,0
BRDA:430,32,0,0
BRDA:430,32,1,0
BRDA:434,33,0,0
BRDA:434,33,1,0
BRF:69
BRH:0
end_of_record
TN:
SF:src/components/PasswordInput.tsx
FN:31,(anonymous_9)
FN:53,(anonymous_10)
FN:64,(anonymous_11)
FN:74,(anonymous_12)
FN:97,(anonymous_13)
FN:98,(anonymous_14)
FN:112,(anonymous_15)
FN:176,(anonymous_16)
FNF:8
FNH:0
FNDA:0,(anonymous_9)
FNDA:0,(anonymous_10)
FNDA:0,(anonymous_11)
FNDA:0,(anonymous_12)
FNDA:0,(anonymous_13)
FNDA:0,(anonymous_14)
FNDA:0,(anonymous_15)
FNDA:0,(anonymous_16)
DA:1,0
DA:2,0
DA:3,0
DA:4,0
DA:7,0
DA:31,0
DA:48,0
DA:49,0
DA:50,0
DA:53,0
DA:54,0
DA:55,0
DA:56,0
DA:59,0
DA:60,0
DA:61,0
DA:64,0
DA:65,0
DA:66,0
DA:67,0
DA:68,0
DA:69,0
DA:70,0
DA:74,0
DA:75,0
DA:76,0
DA:77,0
DA:78,0
DA:79,0
DA:80,0
DA:84,0
DA:97,0
DA:98,0
DA:112,0
DA:177,0
DA:196,0
LF:36
LH:0
BRDA:36,0,0,0
BRDA:37,1,0,0
BRDA:38,2,0,0
BRDA:39,3,0,0
BRDA:40,4,0,0
BRDA:42,5,0,0
BRDA:43,6,0,0
BRDA:44,7,0,0
BRDA:45,8,0,0
BRDA:54,9,0,0
BRDA:54,9,1,0
BRDA:65,10,0,0
BRDA:65,10,1,0
BRDA:65,10,2,0
BRDA:65,10,3,0
BRDA:65,10,4,0
BRDA:75,11,0,0
BRDA:75,11,1,0
BRDA:75,11,2,0
BRDA:75,11,3,0
BRDA:75,11,4,0
BRDA:88,12,0,0
BRDA:88,12,1,0
BRDA:95,13,0,0
BRDA:95,13,1,0
BRDA:105,14,0,0
BRDA:105,14,1,0
BRDA:105,14,2,0
BRDA:105,14,3,0
BRDA:117,15,0,0
BRDA:117,15,1,0
BRDA:132,16,0,0
BRDA:132,16,1,0
BRDA:134,17,0,0
BRDA:134,17,1,0
BRDA:134,18,0,0
BRDA:134,18,1,0
BRDA:135,19,0,0
BRDA:135,19,1,0
BRDA:154,20,0,0
BRDA:154,20,1,0
BRDA:154,20,2,0
BRDA:154,20,3,0
BRDA:154,20,4,0
BRDA:174,21,0,0
BRDA:174,21,1,0
BRDA:174,21,2,0
BRDA:174,21,3,0
BRDA:174,21,4,0
BRDA:174,21,5,0
BRDA:186,22,0,0
BRDA:186,22,1,0
BRDA:186,22,2,0
BRDA:186,22,3,0
BRDA:186,22,4,0
BRDA:186,22,5,0
BRF:56
BRH:0
end_of_record
TN:
SF:src/components/PlanSelector.tsx
FN:43,getAiModelsForPlan
FN:44,(anonymous_10)
FN:56,(anonymous_11)
FN:79,(anonymous_12)
FN:80,(anonymous_13)
FN:84,(anonymous_14)
FN:90,(anonymous_15)
FN:97,(anonymous_16)
FN:114,(anonymous_17)
FN:121,(anonymous_18)
FN:126,(anonymous_19)
FN:146,(anonymous_20)
FN:225,(anonymous_21)
FN:252,(anonymous_22)
FN:257,(anonymous_23)
FN:276,(anonymous_24)
FN:291,(anonymous_25)
FN:322,(anonymous_26)
FN:379,(anonymous_27)
FN:394,(anonymous_28)
FN:412,(anonymous_29)
FN:432,(anonymous_30)
FN:450,(anonymous_31)
FN:490,(anonymous_32)
FN:493,(anonymous_33)
FN:512,(anonymous_34)
FN:541,(anonymous_35)
FNF:27
FNH:0
FNDA:0,getAiModelsForPlan
FNDA:0,(anonymous_10)
FNDA:0,(anonymous_11)
FNDA:0,(anonymous_12)
FNDA:0,(anonymous_13)
FNDA:0,(anonymous_14)
FNDA:0,(anonymous_15)
FNDA:0,(anonymous_16)
FNDA:0,(anonymous_17)
FNDA:0,(anonymous_18)
FNDA:0,(anonymous_19)
FNDA:0,(anonymous_20)
FNDA:0,(anonymous_21)
FNDA:0,(anonymous_22)
FNDA:0,(anonymous_23)
FNDA:0,(anonymous_24)
FNDA:0,(anonymous_25)
FNDA:0,(anonymous_26)
FNDA:0,(anonymous_27)
FNDA:0,(anonymous_28)
FNDA:0,(anonymous_29)
FNDA:0,(anonymous_30)
FNDA:0,(anonymous_31)
FNDA:0,(anonymous_32)
FNDA:0,(anonymous_33)
FNDA:0,(anonymous_34)
FNDA:0,(anonymous_35)
DA:1,0
DA:2,0
DA:3,0
DA:4,0
DA:5,0
DA:9,0
DA:10,0
DA:11,0
DA:12,0
DA:13,0
DA:16,0
DA:44,0
DA:45,0
DA:47,0
DA:56,0
DA:70,0
DA:72,0
DA:73,0
DA:74,0
DA:75,0
DA:76,0
DA:77,0
DA:79,0
DA:80,0
DA:81,0
DA:84,0
DA:85,0
DA:86,0
DA:90,0
DA:92,0
DA:93,0
DA:97,0
DA:98,0
DA:99,0
DA:100,0
DA:103,0
DA:104,0
DA:105,0
DA:106,0
DA:109,0
DA:110,0
DA:111,0
DA:114,0
DA:115,0
DA:116,0
DA:117,0
DA:118,0
DA:121,0
DA:122,0
DA:124,0
DA:125,0
DA:126,0
DA:127,0
DA:128,0
DA:133,0
DA:141,0
DA:142,0
DA:143,0
DA:146,0
DA:147,0
DA:148,0
DA:149,0
DA:151,0
DA:155,0
DA:157,0
DA:158,0
DA:162,0
DA:163,0
DA:165,0
DA:166,0
DA:167,0
DA:171,0
DA:172,0
DA:177,0
DA:190,0
DA:192,0
DA:193,0
DA:196,0
DA:197,0
DA:199,0
DA:200,0
DA:205,0
DA:206,0
DA:209,0
DA:214,0
DA:220,0
DA:225,0
DA:226,0
DA:227,0
DA:228,0
DA:230,0
DA:232,0
DA:235,0
DA:237,0
DA:241,0
DA:243,0
DA:245,0
DA:252,0
DA:253,0
DA:254,0
DA:257,0
DA:258,0
DA:276,0
DA:277,0
DA:279,0
DA:281,0
DA:283,0
DA:285,0
DA:287,0
DA:291,0
DA:293,0
DA:296,0
DA:297,0
DA:307,0
DA:323,0
DA:380,0
DA:381,0
DA:382,0
DA:383,0
DA:395,0
DA:413,0
DA:433,0
DA:450,0
DA:490,0
DA:493,0
DA:512,0
DA:541,0
DA:569,0
LF:128
LH:0
BRDA:45,0,0,0
BRDA:45,0,1,0
BRDA:57,1,0,0
BRDA:58,2,0,0
BRDA:81,3,0,0
BRDA:81,3,1,0
BRDA:85,4,0,0
BRDA:85,4,1,0
BRDA:92,5,0,0
BRDA:92,5,1,0
BRDA:92,6,0,0
BRDA:92,6,1,0
BRDA:98,7,0,0
BRDA:98,7,1,0
BRDA:99,8,0,0
BRDA:99,8,1,0
BRDA:103,9,0,0
BRDA:103,9,1,0
BRDA:122,10,0,0
BRDA:122,10,1,0
BRDA:127,11,0,0
BRDA:127,11,1,0
BRDA:155,12,0,0
BRDA:155,12,1,0
BRDA:155,13,0,0
BRDA:155,13,1,0
BRDA:157,14,0,0
BRDA:157,14,1,0
BRDA:163,15,0,0
BRDA:163,15,1,0
BRDA:171,16,0,0
BRDA:171,16,1,0
BRDA:190,17,0,0
BRDA:190,17,1,0
BRDA:192,18,0,0
BRDA:192,18,1,0
BRDA:205,19,0,0
BRDA:205,19,1,0
BRDA:216,20,0,0
BRDA:216,20,1,0
BRDA:230,21,0,0
BRDA:230,21,1,0
BRDA:230,22,0,0
BRDA:230,22,1,0
BRDA:241,23,0,0
BRDA:241,23,1,0
BRDA:253,24,0,0
BRDA:253,24,1,0
BRDA:253,25,0,0
BRDA:253,25,1,0
BRDA:254,26,0,0
BRDA:254,26,1,0
BRDA:277,27,0,0
BRDA:277,27,1,0
BRDA:277,27,2,0
BRDA:277,27,3,0
BRDA:277,27,4,0
BRDA:296,28,0,0
BRDA:296,28,1,0
BRDA:326,29,0,0
BRDA:326,29,1,0
BRDA:332,30,0,0
BRDA:332,30,1,0
BRDA:339,31,0,0
BRDA:339,31,1,0
BRDA:339,31,2,0
BRDA:367,32,0,0
BRDA:367,32,1,0
BRDA:372,33,0,0
BRDA:372,33,1,0
BRDA:381,34,0,0
BRDA:381,34,1,0
BRDA:381,35,0,0
BRDA:381,35,1,0
BRDA:382,36,0,0
BRDA:382,36,1,0
BRDA:390,37,0,0
BRDA:390,37,1,0
BRDA:410,38,0,0
BRDA:410,38,1,0
BRDA:444,39,0,0
BRDA:444,39,1,0
BRDA:446,40,0,0
BRDA:446,40,1,0
BRDA:451,41,0,0
BRDA:451,41,1,0
BRDA:452,42,0,0
BRDA:452,42,1,0
BRDA:454,43,0,0
BRDA:454,43,1,0
BRDA:459,44,0,0
BRDA:459,44,1,0
BRDA:463,45,0,0
BRDA:463,45,1,0
BRDA:465,46,0,0
BRDA:465,46,1,0
BRDA:490,47,0,0
BRDA:490,47,1,0
BRDA:518,48,0,0
BRDA:518,48,1,0
BRDA:552,49,0,0
BRDA:552,49,1,0
BRF:102
BRH:0
end_of_record
TN:
SF:src/components/ProjectOnboarding.tsx
FN:99,(anonymous_0)
FN:104,ProjectOnboarding
FN:119,(anonymous_2)
FN:139,(anonymous_3)
FN:141,(anonymous_4)
FN:184,(anonymous_5)
FN:207,(anonymous_6)
FN:213,(anonymous_7)
FN:214,(anonymous_8)
FN:216,(anonymous_9)
FN:221,(anonymous_10)
FN:222,(anonymous_11)
FN:224,(anonymous_12)
FN:229,(anonymous_13)
FN:230,(anonymous_14)
FN:236,(anonymous_15)
FN:240,(anonymous_16)
FN:244,(anonymous_17)
FN:263,(anonymous_18)
FN:271,(anonymous_19)
FN:304,(anonymous_20)
FN:412,(anonymous_21)
FN:422,(anonymous_22)
FN:446,(anonymous_23)
FN:456,(anonymous_24)
FN:470,(anonymous_25)
FN:480,(anonymous_26)
FN:487,(anonymous_27)
FN:517,(anonymous_28)
FN:528,(anonymous_29)
FN:569,(anonymous_30)
FN:569,(anonymous_31)
FN:572,(anonymous_32)
FN:577,(anonymous_33)
FN:593,(anonymous_34)
FN:604,(anonymous_35)
FNF:36
FNH:0
FNDA:0,(anonymous_0)
FNDA:0,ProjectOnboarding
FNDA:0,(anonymous_2)
FNDA:0,(anonymous_3)
FNDA:0,(anonymous_4)
FNDA:0,(anonymous_5)
FNDA:0,(anonymous_6)
FNDA:0,(anonymous_7)
FNDA:0,(anonymous_8)
FNDA:0,(anonymous_9)
FNDA:0,(anonymous_10)
FNDA:0,(anonymous_11)
FNDA:0,(anonymous_12)
FNDA:0,(anonymous_13)
FNDA:0,(anonymous_14)
FNDA:0,(anonymous_15)
FNDA:0,(anonymous_16)
FNDA:0,(anonymous_17)
FNDA:0,(anonymous_18)
FNDA:0,(anonymous_19)
FNDA:0,(anonymous_20)
FNDA:0,(anonymous_21)
FNDA:0,(anonymous_22)
FNDA:0,(anonymous_23)
FNDA:0,(anonymous_24)
FNDA:0,(anonymous_25)
FNDA:0,(anonymous_26)
FNDA:0,(anonymous_27)
FNDA:0,(anonymous_28)
FNDA:0,(anonymous_29)
FNDA:0,(anonymous_30)
FNDA:0,(anonymous_31)
FNDA:0,(anonymous_32)
FNDA:0,(anonymous_33)
FNDA:0,(anonymous_34)
FNDA:0,(anonymous_35)
DA:1,0
DA:2,0
DA:3,0
DA:4,0
DA:6,0
DA:7,0
DA:8,0
DA:9,0
DA:10,0
DA:29,0
DA:31,0
DA:40,0
DA:85,0
DA:99,0
DA:101,0
DA:104,0
DA:105,0
DA:106,0
DA:107,0
DA:108,0
DA:109,0
DA:110,0
DA:111,0
DA:112,0
DA:113,0
DA:114,0
DA:116,0
DA:119,0
DA:120,0
DA:122,0
DA:124,0
DA:126,0
DA:128,0
DA:130,0
DA:132,0
DA:134,0
DA:139,0
DA:140,0
DA:141,0
DA:153,0
DA:161,0
DA:162,0
DA:163,0
DA:165,0
DA:166,0
DA:171,0
DA:172,0
DA:174,0
DA:175,0
DA:178,0
DA:184,0
DA:185,0
DA:187,0
DA:188,0
DA:191,0
DA:193,0
DA:203,0
DA:207,0
DA:208,0
DA:209,0
DA:213,0
DA:214,0
DA:215,0
DA:216,0
DA:221,0
DA:222,0
DA:223,0
DA:224,0
DA:229,0
DA:230,0
DA:236,0
DA:237,0
DA:240,0
DA:241,0
DA:244,0
DA:245,0
DA:248,0
DA:249,0
DA:251,0
DA:253,0
DA:255,0
DA:257,0
DA:259,0
DA:263,0
DA:265,0
DA:272,0
DA:304,0
DA:412,0
DA:422,0
DA:446,0
DA:456,0
DA:472,0
DA:481,0
DA:488,0
DA:518,0
DA:519,0
DA:528,0
DA:569,0
DA:570,0
DA:571,0
DA:572,0
DA:574,0
DA:577,0
DA:594,0
DA:595,0
DA:604,0
LF:106
LH:0
BRDA:99,0,0,0
BRDA:116,1,0,0
BRDA:116,1,1,0
BRDA:120,2,0,0
BRDA:120,2,1,0
BRDA:120,2,2,0
BRDA:120,2,3,0
BRDA:120,2,4,0
BRDA:120,2,5,0
BRDA:120,2,6,0
BRDA:141,3,0,0
BRDA:141,3,1,0
BRDA:154,4,0,0
BRDA:154,4,1,0
BRDA:161,5,0,0
BRDA:161,5,1,0
BRDA:162,6,0,0
BRDA:162,6,1,0
BRDA:165,7,0,0
BRDA:165,7,1,0
BRDA:171,8,0,0
BRDA:171,8,1,0
BRDA:174,9,0,0
BRDA:174,9,1,0
BRDA:185,10,0,0
BRDA:185,10,1,0
BRDA:195,11,0,0
BRDA:195,11,1,0
BRDA:196,12,0,0
BRDA:196,12,1,0
BRDA:208,13,0,0
BRDA:208,13,1,0
BRDA:215,14,0,0
BRDA:215,14,1,0
BRDA:223,15,0,0
BRDA:223,15,1,0
BRDA:245,16,0,0
BRDA:245,16,1,0
BRDA:245,16,2,0
BRDA:245,16,3,0
BRDA:245,16,4,0
BRDA:248,17,0,0
BRDA:248,17,1,0
BRDA:249,18,0,0
BRDA:249,18,1,0
BRDA:253,19,0,0
BRDA:253,19,1,0
BRDA:263,20,0,0
BRDA:263,20,1,0
BRDA:276,21,0,0
BRDA:276,21,1,0
BRDA:278,22,0,0
BRDA:278,22,1,0
BRDA:285,23,0,0
BRDA:285,23,1,0
BRDA:297,24,0,0
BRDA:297,24,1,0
BRDA:310,25,0,0
BRDA:310,25,1,0
BRDA:318,26,0,0
BRDA:318,26,1,0
BRDA:332,27,0,0
BRDA:332,27,1,0
BRDA:339,28,0,0
BRDA:339,28,1,0
BRDA:346,29,0,0
BRDA:346,29,1,0
BRDA:358,30,0,0
BRDA:358,30,1,0
BRDA:366,31,0,0
BRDA:366,31,1,0
BRDA:380,32,0,0
BRDA:380,32,1,0
BRDA:387,33,0,0
BRDA:387,33,1,0
BRDA:394,34,0,0
BRDA:394,34,1,0
BRDA:404,35,0,0
BRDA:404,35,1,0
BRDA:432,36,0,0
BRDA:432,36,1,0
BRDA:503,37,0,0
BRDA:503,37,1,0
BRDA:524,38,0,0
BRDA:524,38,1,0
BRDA:531,39,0,0
BRDA:531,39,1,0
BRDA:541,40,0,0
BRDA:541,40,1,0
BRDA:555,41,0,0
BRDA:555,41,1,0
BRDA:570,42,0,0
BRDA:570,42,1,0
BRDA:581,43,0,0
BRDA:581,43,1,0
BRDA:591,44,0,0
BRDA:591,44,1,0
BRDA:600,45,0,0
BRDA:600,45,1,0
BRDA:607,46,0,0
BRDA:607,46,1,0
BRDA:617,47,0,0
BRDA:617,47,1,0
BRDA:640,48,0,0
BRDA:640,48,1,0
BRDA:656,49,0,0
BRDA:656,49,1,0
BRDA:661,50,0,0
BRDA:661,50,1,0
BRDA:662,51,0,0
BRDA:662,51,1,0
BRF:111
BRH:0
end_of_record
TN:
SF:src/components/ProtectedRoute.tsx
FN:12,ProtectedRoute
FN:19,(anonymous_1)
FN:20,(anonymous_2)
FN:94,AdminRoute
FN:100,(anonymous_4)
FN:101,(anonymous_5)
FNF:6
FNH:0
FNDA:0,ProtectedRoute
FNDA:0,(anonymous_1)
FNDA:0,(anonymous_2)
FNDA:0,AdminRoute
FNDA:0,(anonymous_4)
FNDA:0,(anonymous_5)
DA:1,0
DA:2,0
DA:3,0
DA:4,0
DA:5,0
DA:12,0
DA:13,0
DA:14,0
DA:15,0
DA:16,0
DA:19,0
DA:20,0
DA:22,0
DA:23,0
DA:24,0
DA:27,0
DA:28,0
DA:29,0
DA:32,0
DA:33,0
DA:34,0
DA:37,0
DA:39,0
DA:43,0
DA:46,0
DA:47,0
DA:57,0
DA:59,0
DA:63,0
DA:64,0
DA:69,0
DA:75,0
DA:83,0
DA:84,0
DA:87,0
DA:94,0
DA:95,0
DA:96,0
DA:97,0
DA:100,0
DA:101,0
DA:102,0
DA:103,0
DA:104,0
DA:105,0
DA:106,0
DA:108,0
DA:109,0
DA:110,0
DA:111,0
DA:113,0
DA:116,0
DA:117,0
DA:120,0
DA:123,0
DA:126,0
DA:127,0
DA:137,0
DA:138,0
DA:141,0
DA:142,0
DA:145,0
LF:62
LH:0
BRDA:22,0,0,0
BRDA:22,0,1,0
BRDA:22,1,0,0
BRDA:22,1,1,0
BRDA:27,2,0,0
BRDA:27,2,1,0
BRDA:27,3,0,0
BRDA:27,3,1,0
BRDA:46,4,0,0
BRDA:46,4,1,0
BRDA:46,5,0,0
BRDA:46,5,1,0
BRDA:57,6,0,0
BRDA:57,6,1,0
BRDA:63,7,0,0
BRDA:63,7,1,0
BRDA:63,8,0,0
BRDA:63,8,1,0
BRDA:69,9,0,0
BRDA:69,9,1,0
BRDA:70,10,0,0
BRDA:70,10,1,0
BRDA:70,10,2,0
BRDA:70,10,3,0
BRDA:83,11,0,0
BRDA:83,11,1,0
BRDA:102,12,0,0
BRDA:102,12,1,0
BRDA:102,13,0,0
BRDA:102,13,1,0
BRDA:104,14,0,0
BRDA:104,14,1,0
BRDA:104,15,0,0
BRDA:104,15,1,0
BRDA:106,16,0,0
BRDA:106,16,1,0
BRDA:109,17,0,0
BRDA:109,17,1,0
BRDA:111,18,0,0
BRDA:111,18,1,0
BRDA:117,19,0,0
BRDA:117,19,1,0
BRDA:126,20,0,0
BRDA:126,20,1,0
BRDA:126,21,0,0
BRDA:126,21,1,0
BRDA:137,22,0,0
BRDA:137,22,1,0
BRDA:141,23,0,0
BRDA:141,23,1,0
BRF:50
BRH:0
end_of_record
TN:
SF:src/components/RateLimitBanner.tsx
FN:11,(anonymous_1)
FNF:1
FNH:0
FNDA:0,(anonymous_1)
DA:1,0
DA:2,0
DA:11,0
DA:17,0
DA:19,0
DA:46,0
LF:6
LH:0
BRDA:14,0,0,0
BRDA:17,1,0,0
BRDA:17,1,1,0
BRDA:27,2,0,0
BRDA:27,2,1,0
BRDA:32,3,0,0
BRDA:32,3,1,0
BRF:7
BRH:0
end_of_record
TN:
SF:src/components/RecommendationsPanel.tsx
FN:12,(anonymous_0)
FN:52,(anonymous_1)
FN:63,(anonymous_2)
FN:92,(anonymous_3)
FN:159,(anonymous_4)
FN:199,(anonymous_5)
FNF:6
FNH:0
FNDA:0,(anonymous_0)
FNDA:0,(anonymous_1)
FNDA:0,(anonymous_2)
FNDA:0,(anonymous_3)
FNDA:0,(anonymous_4)
FNDA:0,(anonymous_5)
DA:2,0
DA:3,0
DA:4,0
DA:5,0
DA:6,0
DA:12,0
DA:13,0
DA:15,0
DA:45,0
DA:52,0
DA:53,0
DA:55,0
DA:57,0
DA:59,0
DA:63,0
DA:64,0
DA:66,0
DA:68,0
DA:70,0
DA:74,0
DA:93,0
DA:160,0
DA:200,0
DA:224,0
LF:24
LH:0
BRDA:13,0,0,0
BRDA:13,0,1,0
BRDA:53,1,0,0
BRDA:53,1,1,0
BRDA:53,1,2,0
BRDA:64,2,0,0
BRDA:64,2,1,0
BRDA:64,2,2,0
BRDA:201,3,0,0
BRDA:201,3,1,0
BRDA:202,4,0,0
BRDA:202,4,1,0
BRDA:206,5,0,0
BRDA:206,5,1,0
BRDA:207,6,0,0
BRDA:207,6,1,0
BRDA:211,7,0,0
BRDA:211,7,1,0
BRDA:212,8,0,0
BRDA:212,8,1,0
BRF:20
BRH:0
end_of_record
TN:
SF:src/components/SessionList.tsx
FN:32,(anonymous_9)
FN:47,(anonymous_10)
FN:64,(anonymous_11)
FN:68,(anonymous_12)
FN:77,(anonymous_13)
FN:89,(anonymous_14)
FN:134,(anonymous_15)
FN:135,(anonymous_16)
FN:137,(anonymous_17)
FN:138,(anonymous_18)
FN:199,(anonymous_19)
FN:281,(anonymous_20)
FNF:12
FNH:0
FNDA:0,(anonymous_9)
FNDA:0,(anonymous_10)
FNDA:0,(anonymous_11)
FNDA:0,(anonymous_12)
FNDA:0,(anonymous_13)
FNDA:0,(anonymous_14)
FNDA:0,(anonymous_15)
FNDA:0,(anonymous_16)
FNDA:0,(anonymous_17)
FNDA:0,(anonymous_18)
FNDA:0,(anonymous_19)
FNDA:0,(anonymous_20)
DA:1,0
DA:2,0
DA:4,0
DA:5,0
DA:6,0
DA:7,0
DA:19,0
DA:20,0
DA:32,0
DA:33,0
DA:35,0
DA:37,0
DA:39,0
DA:41,0
DA:43,0
DA:47,0
DA:48,0
DA:50,0
DA:52,0
DA:54,0
DA:56,0
DA:64,0
DA:65,0
DA:66,0
DA:68,0
DA:69,0
DA:70,0
DA:71,0
DA:73,0
DA:77,0
DA:78,0
DA:79,0
DA:80,0
DA:82,0
DA:86,0
DA:87,0
DA:90,0
DA:105,0
DA:106,0
DA:123,0
DA:124,0
DA:133,0
DA:134,0
DA:135,0
DA:137,0
DA:138,0
DA:139,0
DA:141,0
DA:200,0
DA:281,0
DA:298,0
LF:51
LH:0
BRDA:35,0,0,0
BRDA:35,0,1,0
BRDA:35,0,2,0
BRDA:35,0,3,0
BRDA:48,1,0,0
BRDA:48,1,1,0
BRDA:48,1,2,0
BRDA:48,1,3,0
BRDA:86,2,0,0
BRDA:86,2,1,0
BRDA:105,3,0,0
BRDA:105,3,1,0
BRDA:123,4,0,0
BRDA:123,4,1,0
BRDA:139,5,0,0
BRDA:139,5,1,0
BRDA:147,6,0,0
BRDA:147,6,1,0
BRDA:147,7,0,0
BRDA:147,7,1,0
BRDA:148,8,0,0
BRDA:148,8,1,0
BRDA:154,9,0,0
BRDA:154,9,1,0
BRDA:163,10,0,0
BRDA:163,10,1,0
BRDA:204,11,0,0
BRDA:204,11,1,0
BRDA:212,12,0,0
BRDA:212,12,1,0
BRDA:214,13,0,0
BRDA:214,13,1,0
BRDA:222,14,0,0
BRDA:222,14,1,0
BRDA:233,15,0,0
BRDA:233,15,1,0
BRDA:245,16,0,0
BRDA:245,16,1,0
BRDA:247,17,0,0
BRDA:247,17,1,0
BRDA:254,18,0,0
BRDA:254,18,1,0
BRDA:263,19,0,0
BRDA:263,19,1,0
BRF:44
BRH:0
end_of_record
TN:
SF:src/components/SiteUrlsOverview.tsx
FN:36,(anonymous_9)
FN:47,(anonymous_10)
FN:57,(anonymous_11)
FN:68,(anonymous_12)
FN:94,(anonymous_13)
FN:203,(anonymous_14)
FN:208,(anonymous_15)
FN:212,(anonymous_16)
FN:222,(anonymous_17)
FN:260,(anonymous_18)
FN:267,(anonymous_19)
FN:291,(anonymous_20)
FN:335,(anonymous_21)
FN:373,(anonymous_22)
FN:382,(anonymous_23)
FN:434,(anonymous_24)
FN:456,(anonymous_25)
FN:456,(anonymous_26)
FN:459,(anonymous_27)
FN:467,(anonymous_28)
FN:476,(anonymous_29)
FNF:21
FNH:0
FNDA:0,(anonymous_9)
FNDA:0,(anonymous_10)
FNDA:0,(anonymous_11)
FNDA:0,(anonymous_12)
FNDA:0,(anonymous_13)
FNDA:0,(anonymous_14)
FNDA:0,(anonymous_15)
FNDA:0,(anonymous_16)
FNDA:0,(anonymous_17)
FNDA:0,(anonymous_18)
FNDA:0,(anonymous_19)
FNDA:0,(anonymous_20)
FNDA:0,(anonymous_21)
FNDA:0,(anonymous_22)
FNDA:0,(anonymous_23)
FNDA:0,(anonymous_24)
FNDA:0,(anonymous_25)
FNDA:0,(anonymous_26)
FNDA:0,(anonymous_27)
FNDA:0,(anonymous_28)
FNDA:0,(anonymous_29)
DA:1,0
DA:2,0
DA:3,0
DA:4,0
DA:5,0
DA:6,0
DA:7,0
DA:19,0
DA:20,0
DA:21,0
DA:36,0
DA:37,0
DA:38,0
DA:39,0
DA:40,0
DA:41,0
DA:43,0
DA:44,0
DA:47,0
DA:48,0
DA:49,0
DA:50,0
DA:52,0
DA:57,0
DA:58,0
DA:68,0
DA:69,0
DA:70,0
DA:71,0
DA:75,0
DA:76,0
DA:78,0
DA:79,0
DA:82,0
DA:84,0
DA:85,0
DA:86,0
DA:87,0
DA:88,0
DA:89,0
DA:91,0
DA:94,0
DA:107,0
DA:108,0
DA:112,0
DA:163,0
DA:164,0
DA:167,0
DA:170,0
DA:195,0
DA:196,0
DA:198,0
DA:203,0
DA:204,0
DA:208,0
DA:209,0
DA:210,0
DA:212,0
DA:213,0
DA:217,0
DA:222,0
DA:223,0
DA:225,0
DA:228,0
DA:235,0
DA:237,0
DA:243,0
DA:250,0
DA:252,0
DA:260,0
DA:261,0
DA:262,0
DA:263,0
DA:267,0
DA:268,0
DA:270,0
DA:272,0
DA:274,0
DA:276,0
DA:280,0
DA:281,0
DA:292,0
DA:309,0
DA:335,0
DA:373,0
DA:383,0
DA:434,0
DA:456,0
DA:459,0
DA:467,0
DA:476,0
DA:491,0
LF:92
LH:0
BRDA:49,0,0,0
BRDA:49,0,1,0
BRDA:75,1,0,0
BRDA:75,1,1,0
BRDA:75,2,0,0
BRDA:75,2,1,0
BRDA:78,3,0,0
BRDA:78,3,1,0
BRDA:84,4,0,0
BRDA:84,4,1,0
BRDA:86,5,0,0
BRDA:86,5,1,0
BRDA:88,6,0,0
BRDA:88,6,1,0
BRDA:94,7,0,0
BRDA:94,7,1,0
BRDA:95,8,0,0
BRDA:95,8,1,0
BRDA:96,9,0,0
BRDA:96,9,1,0
BRDA:96,9,2,0
BRDA:96,9,3,0
BRDA:97,10,0,0
BRDA:97,10,1,0
BRDA:97,10,2,0
BRDA:97,11,0,0
BRDA:97,11,1,0
BRDA:97,11,2,0
BRDA:97,11,3,0
BRDA:98,12,0,0
BRDA:98,12,1,0
BRDA:98,12,2,0
BRDA:98,12,3,0
BRDA:99,13,0,0
BRDA:99,13,1,0
BRDA:99,13,2,0
BRDA:99,13,3,0
BRDA:100,14,0,0
BRDA:100,14,1,0
BRDA:101,15,0,0
BRDA:101,15,1,0
BRDA:101,15,2,0
BRDA:101,15,3,0
BRDA:102,16,0,0
BRDA:102,16,1,0
BRDA:102,16,2,0
BRDA:103,17,0,0
BRDA:103,17,1,0
BRDA:103,17,2,0
BRDA:104,18,0,0
BRDA:104,18,1,0
BRDA:104,18,2,0
BRDA:167,19,0,0
BRDA:167,19,1,0
BRDA:209,20,0,0
BRDA:209,20,1,0
BRDA:213,21,0,0
BRDA:213,21,1,0
BRDA:213,21,2,0
BRDA:213,21,3,0
BRDA:223,22,0,0
BRDA:223,22,1,0
BRDA:261,23,0,0
BRDA:261,23,1,0
BRDA:262,24,0,0
BRDA:262,24,1,0
BRDA:268,25,0,0
BRDA:268,25,1,0
BRDA:268,25,2,0
BRDA:268,25,3,0
BRDA:280,26,0,0
BRDA:280,26,1,0
BRDA:323,27,0,0
BRDA:323,27,1,0
BRDA:343,28,0,0
BRDA:343,28,1,0
BRDA:359,29,0,0
BRDA:359,29,1,0
BRDA:363,30,0,0
BRDA:363,30,1,0
BRDA:366,31,0,0
BRDA:366,31,1,0
BRDA:371,32,0,0
BRDA:371,32,1,0
BRDA:395,33,0,0
BRDA:395,33,1,0
BRDA:398,34,0,0
BRDA:398,34,1,0
BRDA:419,35,0,0
BRDA:419,35,1,0
BRDA:420,36,0,0
BRDA:420,36,1,0
BRDA:428,37,0,0
BRDA:428,37,1,0
BRDA:429,38,0,0
BRDA:429,38,1,0
BRDA:450,39,0,0
BRDA:450,39,1,0
BRDA:456,40,0,0
BRDA:456,40,1,0
BRDA:459,41,0,0
BRDA:459,41,1,0
BRF:102
BRH:0
end_of_record
TN:
SF:src/components/SourcesAnalytics.tsx
FN:123,SourcesAnalytics
FN:139,(anonymous_10)
FN:151,(anonymous_11)
FN:181,(anonymous_12)
FN:213,(anonymous_13)
FN:223,(anonymous_14)
FN:226,(anonymous_15)
FN:258,(anonymous_16)
FNF:8
FNH:0
FNDA:0,SourcesAnalytics
FNDA:0,(anonymous_10)
FNDA:0,(anonymous_11)
FNDA:0,(anonymous_12)
FNDA:0,(anonymous_13)
FNDA:0,(anonymous_14)
FNDA:0,(anonymous_15)
FNDA:0,(anonymous_16)
DA:1,0
DA:2,0
DA:8,0
DA:9,0
DA:10,0
DA:20,0
DA:23,0
DA:35,0
DA:111,0
DA:123,0
DA:124,0
DA:126,0
DA:139,0
DA:151,0
DA:182,0
DA:213,0
DA:223,0
DA:227,0
DA:259,0
LF:19
LH:0
BRDA:137,0,0,0
BRDA:137,0,1,0
BRDA:141,1,0,0
BRDA:141,1,1,0
BRDA:149,2,0,0
BRDA:149,2,1,0
BRDA:153,3,0,0
BRDA:153,3,1,0
BRF:8
BRH:0
end_of_record
TN:
SF:src/components/StreamingNotification.tsx
FN:45,getEventIcon
FN:64,formatTime
FN:68,formatDuration
FN:76,StreamingNotification
FN:87,(anonymous_13)
FN:89,(anonymous_14)
FN:93,(anonymous_15)
FN:103,(anonymous_16)
FN:116,(anonymous_17)
FN:225,(anonymous_18)
FN:265,(anonymous_19)
FN:279,(anonymous_20)
FN:287,(anonymous_21)
FN:303,(anonymous_22)
FNF:14
FNH:0
FNDA:0,getEventIcon
FNDA:0,formatTime
FNDA:0,formatDuration
FNDA:0,StreamingNotification
FNDA:0,(anonymous_13)
FNDA:0,(anonymous_14)
FNDA:0,(anonymous_15)
FNDA:0,(anonymous_16)
FNDA:0,(anonymous_17)
FNDA:0,(anonymous_18)
FNDA:0,(anonymous_19)
FNDA:0,(anonymous_20)
FNDA:0,(anonymous_21)
FNDA:0,(anonymous_22)
DA:1,0
DA:2,0
DA:3,0
DA:4,0
DA:16,0
DA:17,0
DA:18,0
DA:20,0
DA:46,0
DA:48,0
DA:50,0
DA:52,0
DA:54,0
DA:56,0
DA:58,0
DA:60,0
DA:65,0
DA:69,0
DA:70,0
DA:71,0
DA:72,0
DA:73,0
DA:76,0
DA:77,0
DA:78,0
DA:79,0
DA:80,0
DA:81,0
DA:84,0
DA:87,0
DA:88,0
DA:89,0
DA:91,0
DA:93,0
DA:97,0
DA:99,0
DA:100,0
DA:101,0
DA:103,0
DA:105,0
DA:106,0
DA:109,0
DA:110,0
DA:113,0
DA:116,0
DA:117,0
DA:118,0
DA:120,0
DA:124,0
DA:226,0
DA:265,0
DA:279,0
DA:288,0
DA:303,0
LF:54
LH:0
BRDA:46,0,0,0
BRDA:46,0,1,0
BRDA:46,0,2,0
BRDA:46,0,3,0
BRDA:46,0,4,0
BRDA:46,0,5,0
BRDA:46,0,6,0
BRDA:69,1,0,0
BRDA:69,1,1,0
BRDA:70,2,0,0
BRDA:70,2,1,0
BRDA:84,3,0,0
BRDA:84,3,1,0
BRDA:88,4,0,0
BRDA:88,4,1,0
BRDA:91,5,0,0
BRDA:91,5,1,0
BRDA:97,6,0,0
BRDA:97,6,1,0
BRDA:99,7,0,0
BRDA:99,7,1,0
BRDA:109,8,0,0
BRDA:109,8,1,0
BRDA:117,9,0,0
BRDA:117,9,1,0
BRDA:130,10,0,0
BRDA:130,10,1,0
BRDA:136,11,0,0
BRDA:136,11,1,0
BRDA:137,12,0,0
BRDA:137,12,1,0
BRDA:138,13,0,0
BRDA:138,13,1,0
BRDA:141,14,0,0
BRDA:141,14,1,0
BRDA:142,15,0,0
BRDA:142,15,1,0
BRDA:143,16,0,0
BRDA:143,16,1,0
BRDA:147,17,0,0
BRDA:147,17,1,0
BRDA:148,18,0,0
BRDA:148,18,1,0
BRDA:149,19,0,0
BRDA:149,19,1,0
BRDA:151,20,0,0
BRDA:151,20,1,0
BRDA:166,21,0,0
BRDA:166,21,1,0
BRDA:180,22,0,0
BRDA:180,22,1,0
BRDA:183,23,0,0
BRDA:183,23,1,0
BRDA:187,24,0,0
BRDA:187,24,1,0
BRDA:189,25,0,0
BRDA:189,25,1,0
BRDA:203,26,0,0
BRDA:203,26,1,0
BRDA:213,27,0,0
BRDA:213,27,1,0
BRDA:230,28,0,0
BRDA:230,28,1,0
BRDA:244,29,0,0
BRDA:244,29,1,0
BRDA:244,29,2,0
BRDA:250,30,0,0
BRDA:250,30,1,0
BRDA:260,31,0,0
BRDA:260,31,1,0
BRDA:275,32,0,0
BRDA:275,32,1,0
BRDA:282,33,0,0
BRDA:282,33,1,0
BRDA:285,34,0,0
BRDA:285,34,1,0
BRDA:293,35,0,0
BRDA:293,35,1,0
BRDA:294,36,0,0
BRDA:294,36,1,0
BRDA:317,37,0,0
BRDA:317,37,1,0
BRDA:317,37,2,0
BRDA:323,38,0,0
BRDA:323,38,1,0
BRF:85
BRH:0
end_of_record
TN:
SF:src/components/ThemeToggle.tsx
FN:6,ThemeToggle
FN:14,(anonymous_2)
FN:23,(anonymous_3)
FN:42,ThemeToggleSimple
FN:49,(anonymous_5)
FNF:5
FNH:0
FNDA:0,ThemeToggle
FNDA:0,(anonymous_2)
FNDA:0,(anonymous_3)
FNDA:0,ThemeToggleSimple
FNDA:0,(anonymous_5)
DA:1,0
DA:2,0
DA:3,0
DA:4,0
DA:6,0
DA:7,0
DA:9,0
DA:14,0
DA:23,0
DA:42,0
DA:43,0
DA:45,0
DA:49,0
LF:13
LH:0
BRDA:12,0,0,0
BRDA:12,0,1,0
BRDA:21,1,0,0
BRDA:21,1,1,0
BRDA:49,2,0,0
BRDA:49,2,1,0
BRDA:52,3,0,0
BRDA:52,3,1,0
BRF:8
BRH:0
end_of_record
TN:
SF:src/components/UsageLimits.tsx
FN:14,(anonymous_1)
FNF:1
FNH:0
FNDA:0,(anonymous_1)
DA:1,0
DA:2,0
DA:3,0
DA:4,0
DA:5,0
DA:6,0
DA:7,0
DA:8,0
DA:14,0
DA:15,0
DA:17,0
DA:18,0
DA:21,0
DA:23,0
DA:27,0
DA:31,0
DA:32,0
DA:33,0
DA:35,0
DA:178,0
LF:20
LH:0
BRDA:14,0,0,0
BRDA:17,1,0,0
BRDA:17,1,1,0
BRDA:23,2,0,0
BRDA:23,2,1,0
BRDA:27,3,0,0
BRDA:27,3,1,0
BRDA:31,4,0,0
BRDA:31,4,1,0
BRDA:32,5,0,0
BRDA:32,5,1,0
BRDA:33,6,0,0
BRDA:33,6,1,0
BRDA:49,7,0,0
BRDA:49,7,1,0
BRDA:50,8,0,0
BRDA:50,8,1,0
BRDA:66,9,0,0
BRDA:66,9,1,0
BRDA:73,10,0,0
BRDA:73,10,1,0
BRDA:77,11,0,0
BRDA:77,11,1,0
BRDA:77,12,0,0
BRDA:77,12,1,0
BRDA:79,13,0,0
BRDA:79,13,1,0
BRDA:97,14,0,0
BRDA:97,14,1,0
BRDA:104,15,0,0
BRDA:104,15,1,0
BRDA:108,16,0,0
BRDA:108,16,1,0
BRDA:108,17,0,0
BRDA:108,17,1,0
BRDA:110,18,0,0
BRDA:110,18,1,0
BRDA:121,19,0,0
BRDA:121,19,1,0
BRDA:121,19,2,0
BRDA:121,19,3,0
BRDA:121,19,4,0
BRDA:128,20,0,0
BRDA:128,20,1,0
BRDA:128,21,0,0
BRDA:128,21,1,0
BRDA:134,22,0,0
BRDA:134,22,1,0
BRDA:134,23,0,0
BRDA:134,23,1,0
BRDA:152,24,0,0
BRDA:152,24,1,0
BRF:52
BRH:0
end_of_record
TN:
SF:src/components/UsageQuota.tsx
FN:27,(anonymous_9)
FN:41,(anonymous_10)
FN:96,(anonymous_11)
FN:101,(anonymous_12)
FN:110,(anonymous_13)
FN:116,(anonymous_14)
FN:149,(anonymous_15)
FNF:7
FNH:0
FNDA:0,(anonymous_9)
FNDA:0,(anonymous_10)
FNDA:0,(anonymous_11)
FNDA:0,(anonymous_12)
FNDA:0,(anonymous_13)
FNDA:0,(anonymous_14)
FNDA:0,(anonymous_15)
DA:1,0
DA:2,0
DA:4,0
DA:5,0
DA:6,0
DA:7,0
DA:19,0
DA:27,0
DA:38,0
DA:41,0
DA:43,0
DA:44,0
DA:48,0
DA:75,0
DA:76,0
DA:88,0
DA:89,0
DA:90,0
DA:91,0
DA:93,0
DA:96,0
DA:97,0
DA:98,0
DA:101,0
DA:102,0
DA:103,0
DA:110,0
DA:111,0
DA:112,0
DA:113,0
DA:116,0
DA:117,0
DA:118,0
DA:119,0
DA:122,0
DA:150,0
DA:151,0
DA:152,0
DA:154,0
DA:274,0
LF:40
LH:0
BRDA:28,0,0,0
BRDA:29,1,0,0
BRDA:30,2,0,0
BRDA:43,3,0,0
BRDA:43,3,1,0
BRDA:43,4,0,0
BRDA:43,4,1,0
BRDA:75,5,0,0
BRDA:75,5,1,0
BRDA:75,6,0,0
BRDA:75,6,1,0
BRDA:93,7,0,0
BRDA:93,7,1,0
BRDA:93,7,2,0
BRDA:93,7,3,0
BRDA:103,8,0,0
BRDA:103,8,1,0
BRDA:111,9,0,0
BRDA:111,9,1,0
BRDA:112,10,0,0
BRDA:112,10,1,0
BRDA:117,11,0,0
BRDA:117,11,1,0
BRDA:118,12,0,0
BRDA:118,12,1,0
BRDA:129,13,0,0
BRDA:129,13,1,0
BRDA:131,14,0,0
BRDA:131,14,1,0
BRDA:138,15,0,0
BRDA:138,15,1,0
BRDA:139,16,0,0
BRDA:139,16,1,0
BRDA:148,17,0,0
BRDA:148,17,1,0
BRDA:158,18,0,0
BRDA:158,18,1,0
BRDA:172,19,0,0
BRDA:172,19,1,0
BRDA:172,20,0,0
BRDA:172,20,1,0
BRDA:172,21,0,0
BRDA:172,21,1,0
BRDA:175,22,0,0
BRDA:175,22,1,0
BRDA:184,23,0,0
BRDA:184,23,1,0
BRDA:186,24,0,0
BRDA:186,24,1,0
BRDA:196,25,0,0
BRDA:196,25,1,0
BRDA:196,25,2,0
BRDA:196,25,3,0
BRDA:196,25,4,0
BRDA:203,26,0,0
BRDA:203,26,1,0
BRDA:206,27,0,0
BRDA:206,27,1,0
BRDA:224,28,0,0
BRDA:224,28,1,0
BRDA:224,28,2,0
BRDA:247,29,0,0
BRDA:247,29,1,0
BRDA:247,29,2,0
BRF:64
BRH:0
end_of_record
TN:
SF:src/components/competitive-analysis/CompetitiveOverview.tsx
FN:11,(anonymous_1)
FN:12,(anonymous_2)
FN:16,(anonymous_3)
FN:22,(anonymous_4)
FNF:4
FNH:0
FNDA:0,(anonymous_1)
FNDA:0,(anonymous_2)
FNDA:0,(anonymous_3)
FNDA:0,(anonymous_4)
DA:1,0
DA:2,0
DA:4,0
DA:5,0
DA:11,0
DA:12,0
DA:13,0
DA:16,0
DA:17,0
DA:18,0
DA:19,0
DA:22,0
DA:23,0
DA:24,0
DA:25,0
DA:28,0
DA:123,0
LF:17
LH:0
BRDA:13,0,0,0
BRDA:13,0,1,0
BRDA:17,1,0,0
BRDA:17,1,1,0
BRDA:18,2,0,0
BRDA:18,2,1,0
BRDA:23,3,0,0
BRDA:23,3,1,0
BRDA:24,4,0,0
BRDA:24,4,1,0
BRDA:109,5,0,0
BRDA:109,5,1,0
BRF:12
BRH:0
end_of_record
TN:
SF:src/components/competitive-analysis/DetailedCompetitiveAnalysis.tsx
FN:36,DetailedCompetitiveAnalysis
FN:44,(anonymous_1)
FN:77,(anonymous_2)
FN:83,(anonymous_3)
FN:92,(anonymous_4)
FN:174,(anonymous_5)
FN:195,(anonymous_6)
FN:209,(anonymous_7)
FN:258,(anonymous_8)
FN:273,(anonymous_9)
FN:287,(anonymous_10)
FNF:11
FNH:0
FNDA:0,DetailedCompetitiveAnalysis
FNDA:0,(anonymous_1)
FNDA:0,(anonymous_2)
FNDA:0,(anonymous_3)
FNDA:0,(anonymous_4)
FNDA:0,(anonymous_5)
FNDA:0,(anonymous_6)
FNDA:0,(anonymous_7)
FNDA:0,(anonymous_8)
FNDA:0,(anonymous_9)
FNDA:0,(anonymous_10)
DA:1,0
DA:2,0
DA:3,0
DA:4,0
DA:40,0
DA:41,0
DA:45,0
DA:64,0
DA:65,0
DA:77,0
DA:78,0
DA:79,0
DA:80,0
DA:83,0
DA:84,0
DA:85,0
DA:86,0
DA:89,0
DA:93,0
DA:175,0
DA:196,0
DA:210,0
DA:259,0
DA:274,0
DA:288,0
DA:305,0
LF:26
LH:0
BRDA:38,0,0,0
BRDA:40,1,0,0
BRDA:40,1,1,0
BRDA:64,2,0,0
BRDA:64,2,1,0
BRDA:64,3,0,0
BRDA:64,3,1,0
BRDA:77,4,0,0
BRDA:78,5,0,0
BRDA:78,5,1,0
BRDA:79,6,0,0
BRDA:79,6,1,0
BRDA:84,7,0,0
BRDA:84,7,1,0
BRDA:85,8,0,0
BRDA:85,8,1,0
BRDA:117,9,0,0
BRDA:117,9,1,0
BRDA:119,10,0,0
BRDA:119,10,1,0
BRDA:127,11,0,0
BRDA:127,11,1,0
BRDA:129,12,0,0
BRDA:129,12,1,0
BRDA:137,13,0,0
BRDA:137,13,1,0
BRDA:146,14,0,0
BRDA:146,14,1,0
BRDA:155,15,0,0
BRDA:155,15,1,0
BRDA:170,16,0,0
BRDA:170,16,1,0
BRDA:170,16,2,0
BRDA:191,17,0,0
BRDA:191,17,1,0
BRDA:191,17,2,0
BRDA:205,18,0,0
BRDA:205,18,1,0
BRDA:205,18,2,0
BRDA:219,19,0,0
BRDA:219,19,1,0
BRDA:228,20,0,0
BRDA:228,20,1,0
BRDA:228,20,2,0
BRDA:254,21,0,0
BRDA:254,21,1,0
BRDA:254,21,2,0
BRDA:269,22,0,0
BRDA:269,22,1,0
BRDA:269,22,2,0
BRDA:283,23,0,0
BRDA:283,23,1,0
BRDA:283,23,2,0
BRF:53
BRH:0
end_of_record
TN:
SF:src/components/competitive-analysis/MetricsComparison.tsx
FN:25,(anonymous_9)
FN:29,(anonymous_10)
FN:44,(anonymous_11)
FN:54,(anonymous_12)
FN:58,(anonymous_13)
FN:62,(anonymous_14)
FN:69,(anonymous_15)
FN:84,(anonymous_16)
FN:96,(anonymous_17)
FN:208,(anonymous_18)
FNF:10
FNH:0
FNDA:0,(anonymous_9)
FNDA:0,(anonymous_10)
FNDA:0,(anonymous_11)
FNDA:0,(anonymous_12)
FNDA:0,(anonymous_13)
FNDA:0,(anonymous_14)
FNDA:0,(anonymous_15)
FNDA:0,(anonymous_16)
FNDA:0,(anonymous_17)
FNDA:0,(anonymous_18)
DA:1,0
DA:2,0
DA:4,0
DA:5,0
DA:6,0
DA:17,0
DA:18,0
DA:19,0
DA:25,0
DA:26,0
DA:27,0
DA:29,0
DA:30,0
DA:32,0
DA:34,0
DA:36,0
DA:38,0
DA:40,0
DA:44,0
DA:45,0
DA:46,0
DA:47,0
DA:48,0
DA:49,0
DA:50,0
DA:54,0
DA:55,0
DA:58,0
DA:59,0
DA:62,0
DA:63,0
DA:64,0
DA:65,0
DA:66,0
DA:69,0
DA:71,0
DA:85,0
DA:97,0
DA:98,0
DA:208,0
DA:275,0
LF:41
LH:0
BRDA:26,0,0,0
BRDA:26,0,1,0
BRDA:30,1,0,0
BRDA:30,1,1,0
BRDA:30,1,2,0
BRDA:30,1,3,0
BRDA:30,1,4,0
BRDA:45,2,0,0
BRDA:45,2,1,0
BRDA:45,2,2,0
BRDA:45,2,3,0
BRDA:45,2,4,0
BRDA:62,3,0,0
BRDA:63,4,0,0
BRDA:63,4,1,0
BRDA:64,5,0,0
BRDA:64,5,1,0
BRDA:65,6,0,0
BRDA:65,6,1,0
BRDA:104,7,0,0
BRDA:104,7,1,0
BRDA:197,8,0,0
BRDA:197,8,1,0
BRDA:210,9,0,0
BRDA:210,9,1,0
BRDA:224,10,0,0
BRDA:224,10,1,0
BRF:27
BRH:0
end_of_record
TN:
SF:src/components/competitive-analysis/MiniLLMAnalysis.example.tsx
FN:99,(anonymous_1)
FNF:1
FNH:0
FNDA:0,(anonymous_1)
DA:4,0
DA:8,0
DA:99,0
DA:100,0
DA:117,0
LF:5
LH:0
BRF:0
BRH:0
end_of_record
TN:
SF:src/components/competitive-analysis/MiniLLMAnalysis.tsx
FN:30,(anonymous_0)
FN:32,(anonymous_1)
FN:116,(anonymous_2)
FN:170,(anonymous_3)
FN:181,(anonymous_4)
FN:190,(anonymous_5)
FN:250,(anonymous_6)
FN:271,(anonymous_7)
FN:292,(anonymous_8)
FN:313,(anonymous_9)
FN:343,(anonymous_10)
FNF:11
FNH:0
FNDA:0,(anonymous_0)
FNDA:0,(anonymous_1)
FNDA:0,(anonymous_2)
FNDA:0,(anonymous_3)
FNDA:0,(anonymous_4)
FNDA:0,(anonymous_5)
FNDA:0,(anonymous_6)
FNDA:0,(anonymous_7)
FNDA:0,(anonymous_8)
FNDA:0,(anonymous_9)
FNDA:0,(anonymous_10)
DA:1,0
DA:2,0
DA:3,0
DA:4,0
DA:5,0
DA:6,0
DA:30,0
DA:32,0
DA:33,0
DA:35,0
DA:38,0
DA:39,0
DA:40,0
DA:43,0
DA:44,0
DA:45,0
DA:47,0
DA:49,0
DA:50,0
DA:52,0
DA:53,0
DA:55,0
DA:56,0
DA:60,0
DA:63,0
DA:64,0
DA:65,0
DA:67,0
DA:68,0
DA:72,0
DA:73,0
DA:75,0
DA:76,0
DA:79,0
DA:80,0
DA:87,0
DA:88,0
DA:89,0
DA:90,0
DA:91,0
DA:92,0
DA:93,0
DA:95,0
DA:96,0
DA:107,0
DA:109,0
DA:112,0
DA:113,0
DA:117,0
DA:136,0
DA:137,0
DA:152,0
DA:170,0
DA:181,0
DA:191,0
DA:251,0
DA:272,0
DA:293,0
DA:314,0
DA:343,0
DA:358,0
LF:61
LH:0
BRDA:30,0,0,0
BRDA:33,1,0,0
BRDA:33,1,1,0
BRDA:33,2,0,0
BRDA:33,2,1,0
BRDA:43,3,0,0
BRDA:43,3,1,0
BRDA:43,4,0,0
BRDA:43,4,1,0
BRDA:47,5,0,0
BRDA:47,5,1,0
BRDA:47,6,0,0
BRDA:47,6,1,0
BRDA:47,6,2,0
BRDA:49,7,0,0
BRDA:49,7,1,0
BRDA:49,8,0,0
BRDA:49,8,1,0
BRDA:49,8,2,0
BRDA:49,8,3,0
BRDA:52,9,0,0
BRDA:52,9,1,0
BRDA:52,10,0,0
BRDA:52,10,1,0
BRDA:52,10,2,0
BRDA:52,10,3,0
BRDA:55,11,0,0
BRDA:55,11,1,0
BRDA:55,12,0,0
BRDA:55,12,1,0
BRDA:55,12,2,0
BRDA:63,13,0,0
BRDA:63,13,1,0
BRDA:63,14,0,0
BRDA:63,14,1,0
BRDA:64,15,0,0
BRDA:64,15,1,0
BRDA:64,16,0,0
BRDA:64,16,1,0
BRDA:67,17,0,0
BRDA:67,17,1,0
BRDA:67,18,0,0
BRDA:67,18,1,0
BRDA:72,19,0,0
BRDA:72,19,1,0
BRDA:72,20,0,0
BRDA:72,20,1,0
BRDA:75,21,0,0
BRDA:75,21,1,0
BRDA:75,22,0,0
BRDA:75,22,1,0
BRDA:79,23,0,0
BRDA:79,23,1,0
BRDA:88,24,0,0
BRDA:88,24,1,0
BRDA:91,25,0,0
BRDA:91,25,1,0
BRDA:91,26,0,0
BRDA:91,26,1,0
BRDA:91,26,2,0
BRDA:92,27,0,0
BRDA:92,27,1,0
BRDA:92,28,0,0
BRDA:92,28,1,0
BRDA:95,29,0,0
BRDA:95,29,1,0
BRDA:95,30,0,0
BRDA:95,30,1,0
BRDA:112,31,0,0
BRDA:112,31,1,0
BRDA:136,32,0,0
BRDA:136,32,1,0
BRDA:136,33,0,0
BRDA:136,33,1,0
BRDA:226,34,0,0
BRDA:226,34,1,0
BRDA:226,34,2,0
BRDA:240,35,0,0
BRDA:240,35,1,0
BRDA:240,35,2,0
BRDA:261,36,0,0
BRDA:261,36,1,0
BRDA:261,36,2,0
BRDA:282,37,0,0
BRDA:282,37,1,0
BRDA:282,37,2,0
BRDA:303,38,0,0
BRDA:303,38,1,0
BRDA:303,38,2,0
BRDA:326,39,0,0
BRDA:326,39,1,0
BRDA:326,39,2,0
BRDA:326,39,3,0
BRF:93
BRH:0
end_of_record
TN:
SF:src/components/competitive-analysis/SWOTAnalysis.tsx
FN:20,(anonymous_1)
FN:50,(anonymous_2)
FN:79,(anonymous_3)
FN:101,(anonymous_4)
FN:123,(anonymous_5)
FNF:5
FNH:0
FNDA:0,(anonymous_1)
FNDA:0,(anonymous_2)
FNDA:0,(anonymous_3)
FNDA:0,(anonymous_4)
FNDA:0,(anonymous_5)
DA:1,0
DA:2,0
DA:3,0
DA:4,0
DA:20,0
DA:21,0
DA:51,0
DA:80,0
DA:102,0
DA:124,0
DA:179,0
LF:11
LH:0
BRDA:56,0,0,0
BRDA:56,0,1,0
BRF:2
BRH:0
end_of_record
TN:
SF:src/components/competitive-analysis/StrategicRecommendations.tsx
FN:22,(anonymous_9)
FN:26,(anonymous_10)
FN:36,(anonymous_11)
FN:47,(anonymous_12)
FN:58,(anonymous_13)
FN:93,(anonymous_14)
FN:98,(anonymous_15)
FN:130,(anonymous_16)
FN:181,(anonymous_17)
FNF:9
FNH:0
FNDA:0,(anonymous_9)
FNDA:0,(anonymous_10)
FNDA:0,(anonymous_11)
FNDA:0,(anonymous_12)
FNDA:0,(anonymous_13)
FNDA:0,(anonymous_14)
FNDA:0,(anonymous_15)
FNDA:0,(anonymous_16)
FNDA:0,(anonymous_17)
DA:1,0
DA:2,0
DA:3,0
DA:4,0
DA:5,0
DA:22,0
DA:23,0
DA:24,0
DA:26,0
DA:27,0
DA:28,0
DA:29,0
DA:31,0
DA:33,0
DA:36,0
DA:37,0
DA:44,0
DA:47,0
DA:48,0
DA:55,0
DA:58,0
DA:59,0
DA:66,0
DA:69,0
DA:94,0
DA:98,0
DA:131,0
DA:181,0
DA:227,0
LF:29
LH:0
BRDA:28,0,0,0
BRDA:28,0,1,0
BRDA:114,1,0,0
BRDA:114,1,1,0
BRDA:123,2,0,0
BRDA:123,2,1,0
BRDA:148,3,0,0
BRDA:148,3,1,0
BRDA:148,4,0,0
BRDA:148,4,1,0
BRDA:154,5,0,0
BRDA:154,5,1,0
BRDA:160,6,0,0
BRDA:160,6,1,0
BRDA:160,7,0,0
BRDA:160,7,1,0
BRDA:183,8,0,0
BRDA:183,8,1,0
BRDA:197,9,0,0
BRDA:197,9,1,0
BRF:20
BRH:0
end_of_record
TN:
SF:src/components/dashboard/ScoreCard.tsx
FN:4,getScoreColor
FN:11,getScoreLabel
FN:18,getBarHex
FN:33,ScoreCard
FNF:4
FNH:0
FNDA:0,getScoreColor
FNDA:0,getScoreLabel
FNDA:0,getBarHex
FNDA:0,ScoreCard
DA:1,0
DA:5,0
DA:6,0
DA:7,0
DA:8,0
DA:12,0
DA:13,0
DA:14,0
DA:15,0
DA:19,0
DA:20,0
DA:21,0
DA:22,0
DA:33,0
DA:34,0
DA:35,0
DA:57,0
LF:17
LH:0
BRDA:5,0,0,0
BRDA:5,0,1,0
BRDA:6,1,0,0
BRDA:6,1,1,0
BRDA:7,2,0,0
BRDA:7,2,1,0
BRDA:12,3,0,0
BRDA:12,3,1,0
BRDA:13,4,0,0
BRDA:13,4,1,0
BRDA:14,5,0,0
BRDA:14,5,1,0
BRDA:19,6,0,0
BRDA:19,6,1,0
BRDA:20,7,0,0
BRDA:20,7,1,0
BRDA:21,8,0,0
BRDA:21,8,1,0
BRDA:34,9,0,0
BRDA:34,9,1,0
BRDA:37,10,0,0
BRDA:37,10,1,0
BRDA:61,11,0,0
BRDA:61,11,1,0
BRDA:79,12,0,0
BRDA:79,12,1,0
BRF:26
BRH:0
end_of_record
TN:
SF:src/components/llmo-report/AudienceSection.tsx
FN:16,(anonymous_1)
FN:59,(anonymous_2)
FN:70,(anonymous_3)
FN:153,(anonymous_4)
FNF:4
FNH:0
FNDA:0,(anonymous_1)
FNDA:0,(anonymous_2)
FNDA:0,(anonymous_3)
FNDA:0,(anonymous_4)
DA:1,0
DA:3,0
DA:4,0
DA:5,0
DA:6,0
DA:16,0
DA:17,0
DA:18,0
DA:33,0
DA:60,0
DA:70,0
DA:71,0
DA:153,0
DA:154,0
DA:175,0
DA:178,0
DA:184,0
LF:17
LH:0
BRDA:17,0,0,0
BRDA:17,0,1,0
BRDA:17,1,0,0
BRDA:17,1,1,0
BRDA:48,2,0,0
BRDA:48,2,1,0
BRDA:54,3,0,0
BRDA:54,3,1,0
BRDA:83,4,0,0
BRDA:83,4,1,0
BRDA:93,5,0,0
BRDA:93,5,1,0
BRDA:102,6,0,0
BRDA:102,6,1,0
BRDA:112,7,0,0
BRDA:112,7,1,0
BRDA:122,8,0,0
BRDA:122,8,1,0
BRDA:122,8,2,0
BRDA:122,8,3,0
BRDA:178,9,0,0
BRDA:178,9,1,0
BRDA:178,9,2,0
BRDA:178,9,3,0
BRDA:178,9,4,0
BRDA:195,10,0,0
BRDA:195,10,1,0
BRDA:196,11,0,0
BRDA:196,11,1,0
BRF:29
BRH:0
end_of_record
TN:
SF:src/components/llmo-report/LLMOReportDisplay.tsx
FN:25,(anonymous_1)
FN:190,(anonymous_2)
FN:267,getTotalSectionsWithData
FN:277,hasAnyData
FNF:4
FNH:0
FNDA:0,(anonymous_1)
FNDA:0,(anonymous_2)
FNDA:0,getTotalSectionsWithData
FNDA:0,hasAnyData
DA:1,0
DA:3,0
DA:5,0
DA:6,0
DA:7,0
DA:8,0
DA:9,0
DA:10,0
DA:12,0
DA:13,0
DA:14,0
DA:25,0
DA:30,0
DA:32,0
DA:33,0
DA:48,0
DA:191,0
DA:268,0
DA:269,0
DA:270,0
DA:271,0
DA:272,0
DA:273,0
DA:274,0
DA:278,0
LF:25
LH:0
BRDA:27,0,0,0
BRDA:32,1,0,0
BRDA:32,1,1,0
BRDA:178,2,0,0
BRDA:178,2,1,0
BRDA:210,3,0,0
BRDA:210,3,1,0
BRDA:217,4,0,0
BRDA:217,4,1,0
BRDA:224,5,0,0
BRDA:224,5,1,0
BRDA:231,6,0,0
BRDA:231,6,1,0
BRDA:238,7,0,0
BRDA:238,7,1,0
BRDA:246,8,0,0
BRDA:246,8,1,0
BRDA:269,9,0,0
BRDA:269,9,1,0
BRDA:270,10,0,0
BRDA:270,10,1,0
BRDA:271,11,0,0
BRDA:271,11,1,0
BRDA:272,12,0,0
BRDA:272,12,1,0
BRDA:273,13,0,0
BRDA:273,13,1,0
BRDA:279,14,0,0
BRDA:279,14,1,0
BRDA:279,14,2,0
BRDA:279,14,3,0
BRDA:279,14,4,0
BRF:32
BRH:0
end_of_record
TN:
SF:src/components/llmo-report/PerceptionSection.tsx
FN:16,(anonymous_1)
FN:59,(anonymous_2)
FN:70,(anonymous_3)
FN:172,(anonymous_4)
FNF:4
FNH:0
FNDA:0,(anonymous_1)
FNDA:0,(anonymous_2)
FNDA:0,(anonymous_3)
FNDA:0,(anonymous_4)
DA:1,0
DA:3,0
DA:4,0
DA:5,0
DA:6,0
DA:16,0
DA:17,0
DA:18,0
DA:33,0
DA:60,0
DA:70,0
DA:71,0
DA:172,0
DA:173,0
DA:200,0
DA:202,0
LF:16
LH:0
BRDA:17,0,0,0
BRDA:17,0,1,0
BRDA:17,1,0,0
BRDA:17,1,1,0
BRDA:48,2,0,0
BRDA:48,2,1,0
BRDA:54,3,0,0
BRDA:54,3,1,0
BRDA:83,4,0,0
BRDA:83,4,1,0
BRDA:92,5,0,0
BRDA:92,5,1,0
BRDA:102,6,0,0
BRDA:102,6,1,0
BRDA:112,7,0,0
BRDA:112,7,1,0
BRDA:124,8,0,0
BRDA:124,8,1,0
BRDA:142,9,0,0
BRDA:142,9,1,0
BRDA:211,10,0,0
BRDA:211,10,1,0
BRF:22
BRH:0
end_of_record
TN:
SF:src/components/llmo-report/RecommendationSection.tsx
FN:15,(anonymous_1)
FN:28,(anonymous_2)
FN:63,(anonymous_3)
FN:74,(anonymous_4)
FN:156,(anonymous_5)
FN:174,getScoreColor
FN:181,getScoreBarColor
FNF:7
FNH:0
FNDA:0,(anonymous_1)
FNDA:0,(anonymous_2)
FNDA:0,(anonymous_3)
FNDA:0,(anonymous_4)
FNDA:0,(anonymous_5)
FNDA:0,getScoreColor
FNDA:0,getScoreBarColor
DA:1,0
DA:3,0
DA:4,0
DA:5,0
DA:15,0
DA:16,0
DA:17,0
DA:27,0
DA:28,0
DA:31,0
DA:64,0
DA:74,0
DA:75,0
DA:157,0
DA:175,0
DA:176,0
DA:177,0
DA:178,0
DA:182,0
DA:183,0
DA:184,0
DA:185,0
LF:22
LH:0
BRDA:16,0,0,0
BRDA:16,0,1,0
BRDA:16,1,0,0
BRDA:16,1,1,0
BRDA:46,2,0,0
BRDA:46,2,1,0
BRDA:105,3,0,0
BRDA:105,3,1,0
BRDA:121,4,0,0
BRDA:121,4,1,0
BRDA:134,5,0,0
BRDA:134,5,1,0
BRDA:149,6,0,0
BRDA:149,6,1,0
BRDA:149,6,2,0
BRDA:175,7,0,0
BRDA:175,7,1,0
BRDA:176,8,0,0
BRDA:176,8,1,0
BRDA:177,9,0,0
BRDA:177,9,1,0
BRDA:182,10,0,0
BRDA:182,10,1,0
BRDA:183,11,0,0
BRDA:183,11,1,0
BRDA:184,12,0,0
BRDA:184,12,1,0
BRF:27
BRH:0
end_of_record
TN:
SF:src/components/llmo-report/SemanticSection.tsx
FN:15,(anonymous_1)
FN:28,(anonymous_2)
FN:63,(anonymous_3)
FN:74,(anonymous_4)
FN:82,(anonymous_5)
FN:102,(anonymous_6)
FN:131,(anonymous_7)
FN:155,(anonymous_8)
FN:192,getScoreColor
FN:199,getScoreBarColor
FNF:10
FNH:0
FNDA:0,(anonymous_1)
FNDA:0,(anonymous_2)
FNDA:0,(anonymous_3)
FNDA:0,(anonymous_4)
FNDA:0,(anonymous_5)
FNDA:0,(anonymous_6)
FNDA:0,(anonymous_7)
FNDA:0,(anonymous_8)
FNDA:0,getScoreColor
FNDA:0,getScoreBarColor
DA:1,0
DA:3,0
DA:4,0
DA:5,0
DA:15,0
DA:16,0
DA:17,0
DA:27,0
DA:28,0
DA:31,0
DA:64,0
DA:74,0
DA:75,0
DA:82,0
DA:84,0
DA:103,0
DA:132,0
DA:155,0
DA:156,0
DA:165,0
DA:167,0
DA:193,0
DA:194,0
DA:195,0
DA:196,0
DA:200,0
DA:201,0
DA:202,0
DA:203,0
LF:29
LH:0
BRDA:16,0,0,0
BRDA:16,0,1,0
BRDA:16,1,0,0
BRDA:16,1,1,0
BRDA:46,2,0,0
BRDA:46,2,1,0
BRDA:100,3,0,0
BRDA:100,3,1,0
BRDA:109,4,0,0
BRDA:109,4,1,0
BRDA:124,5,0,0
BRDA:124,5,1,0
BRDA:124,5,2,0
BRDA:165,6,0,0
BRDA:165,6,1,0
BRDA:173,7,0,0
BRDA:173,7,1,0
BRDA:193,8,0,0
BRDA:193,8,1,0
BRDA:194,9,0,0
BRDA:194,9,1,0
BRDA:195,10,0,0
BRDA:195,10,1,0
BRDA:200,11,0,0
BRDA:200,11,1,0
BRDA:201,12,0,0
BRDA:201,12,1,0
BRDA:202,13,0,0
BRDA:202,13,1,0
BRF:29
BRH:0
end_of_record
TN:
SF:src/components/llmo-report/StatsCard.tsx
FN:18,(anonymous_1)
FNF:1
FNH:0
FNDA:0,(anonymous_1)
DA:1,0
DA:18,0
DA:26,0
DA:35,0
LF:4
LH:0
BRDA:24,0,0,0
BRDA:42,1,0,0
BRDA:42,1,1,0
BRDA:44,2,0,0
BRDA:44,2,1,0
BRDA:46,3,0,0
BRDA:46,3,1,0
BRDA:46,4,0,0
BRDA:46,4,1,0
BRDA:55,5,0,0
BRDA:55,5,1,0
BRF:11
BRH:0
end_of_record
TN:
SF:src/components/llmo-report/StrategicSection.tsx
FN:13,(anonymous_1)
FN:42,(anonymous_2)
FN:53,(anonymous_3)
FN:89,(anonymous_4)
FN:109,(anonymous_5)
FN:147,(anonymous_6)
FNF:6
FNH:0
FNDA:0,(anonymous_1)
FNDA:0,(anonymous_2)
FNDA:0,(anonymous_3)
FNDA:0,(anonymous_4)
FNDA:0,(anonymous_5)
FNDA:0,(anonymous_6)
DA:1,0
DA:3,0
DA:13,0
DA:14,0
DA:15,0
DA:25,0
DA:43,0
DA:53,0
DA:54,0
DA:90,0
DA:110,0
DA:147,0
DA:148,0
DA:163,0
DA:165,0
LF:15
LH:0
BRDA:14,0,0,0
BRDA:14,0,1,0
BRDA:14,1,0,0
BRDA:14,1,1,0
BRDA:36,2,0,0
BRDA:36,2,1,0
BRDA:65,3,0,0
BRDA:65,3,1,0
BRDA:82,4,0,0
BRDA:82,4,1,0
BRDA:82,4,2,0
BRDA:102,5,0,0
BRDA:102,5,1,0
BRDA:102,5,2,0
BRDA:123,6,0,0
BRDA:123,6,1,0
BRDA:174,7,0,0
BRDA:174,7,1,0
BRF:18
BRH:0
end_of_record
TN:
SF:src/components/llmo-report/index.ts
FN:2,(anonymous_0)
FN:3,(anonymous_1)
FN:4,(anonymous_2)
FN:5,(anonymous_3)
FN:6,(anonymous_4)
FN:7,(anonymous_5)
FN:8,(anonymous_6)
FN:23,(anonymous_7)
FNF:8
FNH:0
FNDA:0,(anonymous_0)
FNDA:0,(anonymous_1)
FNDA:0,(anonymous_2)
FNDA:0,(anonymous_3)
FNDA:0,(anonymous_4)
FNDA:0,(anonymous_5)
FNDA:0,(anonymous_6)
FNDA:0,(anonymous_7)
DA:2,0
DA:3,0
DA:4,0
DA:5,0
DA:6,0
DA:7,0
DA:8,0
DA:23,0
LF:8
LH:0
BRF:0
BRH:0
end_of_record
TN:
SF:src/components/onboarding/OnboardingBreadcrumb.tsx
FN:18,OnboardingBreadcrumb
FN:23,(anonymous_1)
FN:24,(anonymous_2)
FN:32,(anonymous_3)
FN:41,(anonymous_4)
FNF:5
FNH:0
FNDA:0,OnboardingBreadcrumb
FNDA:0,(anonymous_1)
FNDA:0,(anonymous_2)
FNDA:0,(anonymous_3)
FNDA:0,(anonymous_4)
DA:1,0
DA:2,0
DA:10,0
DA:18,0
DA:23,0
DA:24,0
DA:26,0
DA:29,0
DA:33,0
DA:34,0
DA:35,0
DA:36,0
DA:38,0
DA:41,0
LF:14
LH:0
BRDA:26,0,0,0
BRDA:26,0,1,0
BRDA:36,1,0,0
BRDA:36,1,1,0
BRDA:41,2,0,0
BRDA:41,2,1,0
BRDA:45,3,0,0
BRDA:45,3,1,0
BRDA:47,4,0,0
BRDA:47,4,1,0
BRDA:50,5,0,0
BRDA:50,5,1,0
BRDA:51,6,0,0
BRDA:51,6,1,0
BRDA:54,7,0,0
BRDA:54,7,1,0
BRDA:54,7,2,0
BRDA:59,8,0,0
BRDA:59,8,1,0
BRF:19
BRH:0
end_of_record
TN:
SF:src/components/onboarding/OnboardingProgress.tsx
FN:9,OnboardingProgress
FNF:1
FNH:0
FNDA:0,OnboardingProgress
DA:9,0
DA:10,0
DA:12,0
LF:3
LH:0
BRF:0
BRH:0
end_of_record
TN:
SF:src/components/onboarding/SkipOnboardingButton.tsx
FN:8,SkipOnboardingButton
FNF:1
FNH:0
FNDA:0,SkipOnboardingButton
DA:1,0
DA:2,0
DA:8,0
DA:9,0
LF:4
LH:0
BRF:0
BRH:0
end_of_record
TN:
SF:src/components/optimizer/HtmlDiffViewer.tsx
FN:8,HtmlDiffViewer
FNF:1
FNH:0
FNDA:0,HtmlDiffViewer
DA:1,0
DA:8,0
DA:9,0
LF:3
LH:0
BRF:0
BRH:0
end_of_record
TN:
SF:src/components/optimizer/SchemaPreview.tsx
FN:14,SchemaPreview
FN:18,(anonymous_10)
FN:22,(anonymous_11)
FN:46,(anonymous_12)
FN:54,(anonymous_13)
FN:71,(anonymous_14)
FNF:6
FNH:0
FNDA:0,SchemaPreview
FNDA:0,(anonymous_10)
FNDA:0,(anonymous_11)
FNDA:0,(anonymous_12)
FNDA:0,(anonymous_13)
FNDA:0,(anonymous_14)
DA:1,0
DA:2,0
DA:14,0
DA:15,0
DA:16,0
DA:18,0
DA:19,0
DA:20,0
DA:21,0
DA:22,0
DA:28,0
DA:29,0
DA:37,0
DA:47,0
DA:48,0
DA:50,0
DA:55,0
DA:56,0
DA:57,0
DA:72,0
DA:73,0
LF:21
LH:0
BRDA:14,0,0,0
BRDA:28,1,0,0
BRDA:28,1,1,0
BRDA:42,2,0,0
BRDA:42,2,1,0
BRDA:48,3,0,0
BRDA:48,3,1,0
BRDA:56,4,0,0
BRDA:56,4,1,0
BRDA:61,5,0,0
BRDA:61,5,1,0
BRDA:78,6,0,0
BRDA:78,6,1,0
BRDA:85,7,0,0
BRDA:85,7,1,0
BRF:15
BRH:0
end_of_record
TN:
SF:src/components/optimizer/SimulationTab.tsx
FN:47,getPlatformLabel
FN:87,(anonymous_10)
FN:88,(anonymous_11)
FN:92,SectionGroup
FN:106,SimulationTab
FN:133,(anonymous_14)
FN:134,(anonymous_15)
FN:141,(anonymous_16)
FN:146,(anonymous_17)
FN:148,(anonymous_18)
FN:151,(anonymous_19)
FN:151,(anonymous_20)
FN:152,(anonymous_21)
FN:152,(anonymous_22)
FN:160,(anonymous_23)
FN:195,(anonymous_24)
FN:201,(anonymous_25)
FN:234,(anonymous_26)
FN:274,(anonymous_27)
FN:286,(anonymous_28)
FN:391,(anonymous_29)
FN:404,(anonymous_30)
FN:420,(anonymous_31)
FN:434,(anonymous_32)
FN:443,(anonymous_33)
FN:457,(anonymous_34)
FN:462,(anonymous_35)
FN:468,(anonymous_36)
FN:469,(anonymous_37)
FN:470,(anonymous_38)
FN:585,(anonymous_39)
FN:604,(anonymous_40)
FN:623,(anonymous_41)
FN:638,(anonymous_42)
FN:686,(anonymous_43)
FN:697,(anonymous_44)
FN:711,(anonymous_45)
FN:741,(anonymous_46)
FN:760,(anonymous_47)
FN:764,(anonymous_48)
FN:786,(anonymous_49)
FN:810,(anonymous_50)
FN:850,SubSection
FN:862,CollapsibleSection
FN:875,(anonymous_53)
FNF:45
FNH:0
FNDA:0,getPlatformLabel
FNDA:0,(anonymous_10)
FNDA:0,(anonymous_11)
FNDA:0,SectionGroup
FNDA:0,SimulationTab
FNDA:0,(anonymous_14)
FNDA:0,(anonymous_15)
FNDA:0,(anonymous_16)
FNDA:0,(anonymous_17)
FNDA:0,(anonymous_18)
FNDA:0,(anonymous_19)
FNDA:0,(anonymous_20)
FNDA:0,(anonymous_21)
FNDA:0,(anonymous_22)
FNDA:0,(anonymous_23)
FNDA:0,(anonymous_24)
FNDA:0,(anonymous_25)
FNDA:0,(anonymous_26)
FNDA:0,(anonymous_27)
FNDA:0,(anonymous_28)
FNDA:0,(anonymous_29)
FNDA:0,(anonymous_30)
FNDA:0,(anonymous_31)
FNDA:0,(anonymous_32)
FNDA:0,(anonymous_33)
FNDA:0,(anonymous_34)
FNDA:0,(anonymous_35)
FNDA:0,(anonymous_36)
FNDA:0,(anonymous_37)
FNDA:0,(anonymous_38)
FNDA:0,(anonymous_39)
FNDA:0,(anonymous_40)
FNDA:0,(anonymous_41)
FNDA:0,(anonymous_42)
FNDA:0,(anonymous_43)
FNDA:0,(anonymous_44)
FNDA:0,(anonymous_45)
FNDA:0,(anonymous_46)
FNDA:0,(anonymous_47)
FNDA:0,(anonymous_48)
FNDA:0,(anonymous_49)
FNDA:0,(anonymous_50)
FNDA:0,SubSection
FNDA:0,CollapsibleSection
FNDA:0,(anonymous_53)
DA:1,0
DA:2,0
DA:3,0
DA:7,0
DA:34,0
DA:48,0
DA:87,0
DA:88,0
DA:93,0
DA:106,0
DA:122,0
DA:123,0
DA:124,0
DA:125,0
DA:126,0
DA:127,0
DA:129,0
DA:130,0
DA:131,0
DA:133,0
DA:134,0
DA:135,0
DA:136,0
DA:137,0
DA:141,0
DA:142,0
DA:143,0
DA:146,0
DA:147,0
DA:148,0
DA:151,0
DA:152,0
DA:154,0
DA:160,0
DA:163,0
DA:164,0
DA:165,0
DA:166,0
DA:168,0
DA:169,0
DA:170,0
DA:172,0
DA:196,0
DA:197,0
DA:198,0
DA:201,0
DA:234,0
DA:274,0
DA:287,0
DA:392,0
DA:405,0
DA:406,0
DA:421,0
DA:435,0
DA:444,0
DA:458,0
DA:459,0
DA:462,0
DA:463,0
DA:464,0
DA:465,0
DA:466,0
DA:468,0
DA:469,0
DA:470,0
DA:472,0
DA:473,0
DA:474,0
DA:477,0
DA:481,0
DA:586,0
DA:605,0
DA:624,0
DA:638,0
DA:687,0
DA:688,0
DA:689,0
DA:698,0
DA:712,0
DA:742,0
DA:761,0
DA:764,0
DA:787,0
DA:812,0
DA:815,0
DA:851,0
DA:872,0
DA:875,0
LF:88
LH:0
BRDA:48,0,0,0
BRDA:48,0,1,0
BRDA:88,1,0,0
BRDA:88,1,1,0
BRDA:99,2,0,0
BRDA:99,2,1,0
BRDA:109,3,0,0
BRDA:110,4,0,0
BRDA:111,5,0,0
BRDA:112,6,0,0
BRDA:113,7,0,0
BRDA:114,8,0,0
BRDA:130,9,0,0
BRDA:130,9,1,0
BRDA:130,10,0,0
BRDA:130,10,1,0
BRDA:136,11,0,0
BRDA:136,11,1,0
BRDA:154,12,0,0
BRDA:154,12,1,0
BRDA:155,13,0,0
BRDA:155,13,1,0
BRDA:156,14,0,0
BRDA:156,14,1,0
BRDA:157,15,0,0
BRDA:157,15,1,0
BRDA:158,16,0,0
BRDA:158,16,1,0
BRDA:159,17,0,0
BRDA:159,17,1,0
BRDA:163,18,0,0
BRDA:163,18,1,0
BRDA:163,18,2,0
BRDA:163,18,3,0
BRDA:163,18,4,0
BRDA:164,19,0,0
BRDA:164,19,1,0
BRDA:168,20,0,0
BRDA:168,20,1,0
BRDA:169,21,0,0
BRDA:169,21,1,0
BRDA:170,22,0,0
BRDA:170,22,1,0
BRDA:170,23,0,0
BRDA:170,23,1,0
BRDA:176,24,0,0
BRDA:176,24,1,0
BRDA:176,24,2,0
BRDA:176,24,3,0
BRDA:176,24,4,0
BRDA:176,24,5,0
BRDA:182,25,0,0
BRDA:182,25,1,0
BRDA:183,26,0,0
BRDA:183,26,1,0
BRDA:184,27,0,0
BRDA:184,27,1,0
BRDA:185,28,0,0
BRDA:185,28,1,0
BRDA:207,29,0,0
BRDA:207,29,1,0
BRDA:208,30,0,0
BRDA:208,30,1,0
BRDA:209,31,0,0
BRDA:209,31,1,0
BRDA:211,32,0,0
BRDA:211,32,1,0
BRDA:212,33,0,0
BRDA:212,33,1,0
BRDA:218,34,0,0
BRDA:218,34,1,0
BRDA:243,35,0,0
BRDA:243,35,1,0
BRDA:246,36,0,0
BRDA:246,36,1,0
BRDA:253,37,0,0
BRDA:253,37,1,0
BRDA:254,38,0,0
BRDA:254,38,1,0
BRDA:254,39,0,0
BRDA:254,39,1,0
BRDA:254,39,2,0
BRDA:261,40,0,0
BRDA:261,40,1,0
BRDA:264,41,0,0
BRDA:264,41,1,0
BRDA:271,42,0,0
BRDA:271,42,1,0
BRDA:281,43,0,0
BRDA:281,43,1,0
BRDA:284,44,0,0
BRDA:284,44,1,0
BRDA:303,45,0,0
BRDA:303,45,1,0
BRDA:303,45,2,0
BRDA:303,45,3,0
BRDA:304,46,0,0
BRDA:304,46,1,0
BRDA:318,47,0,0
BRDA:318,47,1,0
BRDA:318,48,0,0
BRDA:318,48,1,0
BRDA:319,49,0,0
BRDA:319,49,1,0
BRDA:319,50,0,0
BRDA:319,50,1,0
BRDA:322,51,0,0
BRDA:322,51,1,0
BRDA:322,52,0,0
BRDA:322,52,1,0
BRDA:327,53,0,0
BRDA:327,53,1,0
BRDA:335,54,0,0
BRDA:335,54,1,0
BRDA:346,55,0,0
BRDA:346,55,1,0
BRDA:352,56,0,0
BRDA:352,56,1,0
BRDA:356,57,0,0
BRDA:356,57,1,0
BRDA:356,57,2,0
BRDA:356,57,3,0
BRDA:356,57,4,0
BRDA:356,57,5,0
BRDA:356,57,6,0
BRDA:356,57,7,0
BRDA:365,58,0,0
BRDA:365,58,1,0
BRDA:368,59,0,0
BRDA:368,59,1,0
BRDA:374,60,0,0
BRDA:374,60,1,0
BRDA:380,61,0,0
BRDA:380,61,1,0
BRDA:388,62,0,0
BRDA:388,62,1,0
BRDA:388,62,2,0
BRDA:401,63,0,0
BRDA:401,63,1,0
BRDA:401,63,2,0
BRDA:405,64,0,0
BRDA:405,64,1,0
BRDA:417,65,0,0
BRDA:417,65,1,0
BRDA:422,66,0,0
BRDA:422,66,1,0
BRDA:429,67,0,0
BRDA:429,67,1,0
BRDA:429,67,2,0
BRDA:432,68,0,0
BRDA:432,68,1,0
BRDA:441,69,0,0
BRDA:441,69,1,0
BRDA:457,70,0,0
BRDA:457,70,1,0
BRDA:457,70,2,0
BRDA:457,70,3,0
BRDA:463,71,0,0
BRDA:463,71,1,0
BRDA:464,72,0,0
BRDA:464,72,1,0
BRDA:465,73,0,0
BRDA:465,73,1,0
BRDA:466,74,0,0
BRDA:466,74,1,0
BRDA:468,75,0,0
BRDA:468,75,1,0
BRDA:469,76,0,0
BRDA:469,76,1,0
BRDA:470,77,0,0
BRDA:470,77,1,0
BRDA:472,78,0,0
BRDA:472,78,1,0
BRDA:473,79,0,0
BRDA:473,79,1,0
BRDA:474,80,0,0
BRDA:474,80,1,0
BRDA:474,81,0,0
BRDA:474,81,1,0
BRDA:477,82,0,0
BRDA:477,82,1,0
BRDA:477,82,2,0
BRDA:477,82,3,0
BRDA:504,83,0,0
BRDA:504,83,1,0
BRDA:521,84,0,0
BRDA:521,84,1,0
BRDA:533,85,0,0
BRDA:533,85,1,0
BRDA:537,86,0,0
BRDA:537,86,1,0
BRDA:537,86,2,0
BRDA:537,86,3,0
BRDA:540,87,0,0
BRDA:540,87,1,0
BRDA:540,88,0,0
BRDA:540,88,1,0
BRDA:541,89,0,0
BRDA:541,89,1,0
BRDA:541,90,0,0
BRDA:541,90,1,0
BRDA:547,91,0,0
BRDA:547,91,1,0
BRDA:550,92,0,0
BRDA:550,92,1,0
BRDA:552,93,0,0
BRDA:552,93,1,0
BRDA:554,94,0,0
BRDA:554,94,1,0
BRDA:565,95,0,0
BRDA:565,95,1,0
BRDA:568,96,0,0
BRDA:568,96,1,0
BRDA:576,97,0,0
BRDA:576,97,1,0
BRDA:581,98,0,0
BRDA:581,98,1,0
BRDA:595,99,0,0
BRDA:595,99,1,0
BRDA:600,100,0,0
BRDA:600,100,1,0
BRDA:614,101,0,0
BRDA:614,101,1,0
BRDA:619,102,0,0
BRDA:619,102,1,0
BRDA:635,103,0,0
BRDA:635,103,1,0
BRDA:635,103,2,0
BRDA:645,104,0,0
BRDA:645,104,1,0
BRDA:646,105,0,0
BRDA:646,105,1,0
BRDA:648,106,0,0
BRDA:648,106,1,0
BRDA:650,107,0,0
BRDA:650,107,1,0
BRDA:660,108,0,0
BRDA:660,108,1,0
BRDA:678,109,0,0
BRDA:678,109,1,0
BRDA:678,109,2,0
BRDA:678,110,0,0
BRDA:678,110,1,0
BRDA:678,111,0,0
BRDA:678,111,1,0
BRDA:678,112,0,0
BRDA:678,112,1,0
BRDA:678,113,0,0
BRDA:678,113,1,0
BRDA:687,114,0,0
BRDA:687,114,1,0
BRDA:687,114,2,0
BRDA:688,115,0,0
BRDA:688,115,1,0
BRDA:688,115,2,0
BRDA:691,116,0,0
BRDA:691,116,1,0
BRDA:705,117,0,0
BRDA:705,117,1,0
BRDA:728,118,0,0
BRDA:728,118,1,0
BRDA:732,119,0,0
BRDA:732,119,1,0
BRDA:751,120,0,0
BRDA:751,120,1,0
BRDA:775,121,0,0
BRDA:775,121,1,0
BRDA:798,122,0,0
BRDA:798,122,1,0
BRDA:812,123,0,0
BRDA:812,123,1,0
BRDA:813,124,0,0
BRDA:813,124,1,0
BRDA:826,125,0,0
BRDA:826,125,1,0
BRDA:838,126,0,0
BRDA:838,126,1,0
BRDA:838,126,2,0
BRDA:838,126,3,0
BRDA:886,127,0,0
BRDA:886,127,1,0
BRDA:890,128,0,0
BRDA:890,128,1,0
BRF:283
BRH:0
end_of_record
TN:
SF:src/components/reports/ReportDetails.tsx
FN:12,(anonymous_0)
FN:15,(anonymous_1)
FN:24,(anonymous_2)
FN:192,(anonymous_3)
FN:196,(anonymous_4)
FN:233,(anonymous_5)
FN:249,(anonymous_6)
FN:288,(anonymous_7)
FNF:8
FNH:0
FNDA:0,(anonymous_0)
FNDA:0,(anonymous_1)
FNDA:0,(anonymous_2)
FNDA:0,(anonymous_3)
FNDA:0,(anonymous_4)
FNDA:0,(anonymous_5)
FNDA:0,(anonymous_6)
FNDA:0,(anonymous_7)
DA:1,0
DA:2,0
DA:3,0
DA:4,0
DA:5,0
DA:12,0
DA:13,0
DA:15,0
DA:16,0
DA:17,0
DA:18,0
DA:19,0
DA:20,0
DA:24,0
DA:25,0
DA:26,0
DA:27,0
DA:31,0
DA:32,0
DA:45,0
DA:48,0
DA:159,0
DA:193,0
DA:196,0
DA:234,0
DA:250,0
DA:289,0
DA:338,0
LF:28
LH:0
BRDA:16,0,0,0
BRDA:16,0,1,0
BRDA:16,0,2,0
BRDA:16,0,3,0
BRDA:25,1,0,0
BRDA:25,1,1,0
BRDA:26,2,0,0
BRDA:26,2,1,0
BRDA:31,3,0,0
BRDA:31,3,1,0
BRDA:50,4,0,0
BRDA:50,4,1,0
BRDA:55,5,0,0
BRDA:55,5,1,0
BRDA:55,6,0,0
BRDA:55,6,1,0
BRDA:56,7,0,0
BRDA:56,7,1,0
BRDA:56,8,0,0
BRDA:56,8,1,0
BRDA:57,9,0,0
BRDA:57,9,1,0
BRDA:77,10,0,0
BRDA:77,10,1,0
BRDA:82,11,0,0
BRDA:82,11,1,0
BRDA:82,12,0,0
BRDA:82,12,1,0
BRDA:83,13,0,0
BRDA:83,13,1,0
BRDA:83,14,0,0
BRDA:83,14,1,0
BRDA:84,15,0,0
BRDA:84,15,1,0
BRDA:88,16,0,0
BRDA:88,16,1,0
BRDA:88,17,0,0
BRDA:88,17,1,0
BRDA:93,18,0,0
BRDA:93,18,1,0
BRDA:93,19,0,0
BRDA:93,19,1,0
BRDA:104,20,0,0
BRDA:104,20,1,0
BRDA:109,21,0,0
BRDA:109,21,1,0
BRDA:109,22,0,0
BRDA:109,22,1,0
BRDA:110,23,0,0
BRDA:110,23,1,0
BRDA:110,24,0,0
BRDA:110,24,1,0
BRDA:111,25,0,0
BRDA:111,25,1,0
BRDA:115,26,0,0
BRDA:115,26,1,0
BRDA:115,27,0,0
BRDA:115,27,1,0
BRDA:120,28,0,0
BRDA:120,28,1,0
BRDA:120,29,0,0
BRDA:120,29,1,0
BRDA:131,30,0,0
BRDA:131,30,1,0
BRDA:136,31,0,0
BRDA:136,31,1,0
BRDA:136,32,0,0
BRDA:136,32,1,0
BRDA:137,33,0,0
BRDA:137,33,1,0
BRDA:137,34,0,0
BRDA:137,34,1,0
BRDA:138,35,0,0
BRDA:138,35,1,0
BRDA:142,36,0,0
BRDA:142,36,1,0
BRDA:142,37,0,0
BRDA:142,37,1,0
BRDA:147,38,0,0
BRDA:147,38,1,0
BRDA:147,39,0,0
BRDA:147,39,1,0
BRDA:177,40,0,0
BRDA:177,40,1,0
BRDA:181,41,0,0
BRDA:181,41,1,0
BRDA:185,42,0,0
BRDA:185,42,1,0
BRDA:196,43,0,0
BRDA:196,43,1,0
BRDA:206,44,0,0
BRDA:206,44,1,0
BRDA:207,45,0,0
BRDA:207,45,1,0
BRDA:211,46,0,0
BRDA:211,46,1,0
BRDA:211,47,0,0
BRDA:211,47,1,0
BRDA:220,48,0,0
BRDA:220,48,1,0
BRDA:229,49,0,0
BRDA:229,49,1,0
BRDA:263,50,0,0
BRDA:263,50,1,0
BRDA:278,51,0,0
BRDA:278,51,1,0
BRDA:300,52,0,0
BRDA:300,52,1,0
BRDA:300,52,2,0
BRDA:307,53,0,0
BRDA:307,53,1,0
BRDA:319,54,0,0
BRDA:319,54,1,0
BRF:113
BRH:0
end_of_record
TN:
SF:src/components/reports/ReportModules.tsx
FN:12,(anonymous_0)
FN:183,(anonymous_1)
FN:193,(anonymous_2)
FN:219,(anonymous_3)
FN:230,(anonymous_4)
FN:250,(anonymous_5)
FN:277,(anonymous_6)
FNF:7
FNH:0
FNDA:0,(anonymous_0)
FNDA:0,(anonymous_1)
FNDA:0,(anonymous_2)
FNDA:0,(anonymous_3)
FNDA:0,(anonymous_4)
FNDA:0,(anonymous_5)
FNDA:0,(anonymous_6)
DA:1,0
DA:2,0
DA:3,0
DA:4,0
DA:5,0
DA:12,0
DA:13,0
DA:16,0
DA:183,0
DA:184,0
DA:185,0
DA:186,0
DA:187,0
DA:188,0
DA:193,0
DA:195,0
DA:196,0
DA:209,0
DA:220,0
DA:230,0
DA:251,0
DA:278,0
DA:298,0
LF:23
LH:0
BRDA:24,0,0,0
BRDA:24,0,1,0
BRDA:26,1,0,0
BRDA:26,1,1,0
BRDA:27,2,0,0
BRDA:27,2,1,0
BRDA:30,3,0,0
BRDA:30,3,1,0
BRDA:31,4,0,0
BRDA:31,4,1,0
BRDA:34,5,0,0
BRDA:34,5,1,0
BRDA:35,6,0,0
BRDA:35,6,1,0
BRDA:38,7,0,0
BRDA:38,7,1,0
BRDA:39,8,0,0
BRDA:39,8,1,0
BRDA:42,9,0,0
BRDA:42,9,1,0
BRDA:43,10,0,0
BRDA:43,10,1,0
BRDA:54,11,0,0
BRDA:54,11,1,0
BRDA:56,12,0,0
BRDA:56,12,1,0
BRDA:57,13,0,0
BRDA:57,13,1,0
BRDA:60,14,0,0
BRDA:60,14,1,0
BRDA:61,15,0,0
BRDA:61,15,1,0
BRDA:64,16,0,0
BRDA:64,16,1,0
BRDA:65,17,0,0
BRDA:65,17,1,0
BRDA:68,18,0,0
BRDA:68,18,1,0
BRDA:69,19,0,0
BRDA:69,19,1,0
BRDA:78,20,0,0
BRDA:78,20,1,0
BRDA:81,21,0,0
BRDA:81,21,1,0
BRDA:84,22,0,0
BRDA:84,22,1,0
BRDA:85,23,0,0
BRDA:85,23,1,0
BRDA:93,24,0,0
BRDA:93,24,1,0
BRDA:96,25,0,0
BRDA:96,25,1,0
BRDA:97,26,0,0
BRDA:97,26,1,0
BRDA:108,27,0,0
BRDA:108,27,1,0
BRDA:110,28,0,0
BRDA:110,28,1,0
BRDA:111,29,0,0
BRDA:111,29,1,0
BRDA:114,30,0,0
BRDA:114,30,1,0
BRDA:115,31,0,0
BRDA:115,31,1,0
BRDA:118,32,0,0
BRDA:118,32,1,0
BRDA:119,33,0,0
BRDA:119,33,1,0
BRDA:128,34,0,0
BRDA:128,34,1,0
BRDA:131,35,0,0
BRDA:131,35,1,0
BRDA:134,36,0,0
BRDA:134,36,1,0
BRDA:135,37,0,0
BRDA:135,37,1,0
BRDA:138,38,0,0
BRDA:138,38,1,0
BRDA:139,39,0,0
BRDA:139,39,1,0
BRDA:139,40,0,0
BRDA:139,40,1,0
BRDA:142,41,0,0
BRDA:142,41,1,0
BRDA:143,42,0,0
BRDA:143,42,1,0
BRDA:143,43,0,0
BRDA:143,43,1,0
BRDA:146,44,0,0
BRDA:146,44,1,0
BRDA:147,45,0,0
BRDA:147,45,1,0
BRDA:147,46,0,0
BRDA:147,46,1,0
BRDA:150,47,0,0
BRDA:150,47,1,0
BRDA:151,48,0,0
BRDA:151,48,1,0
BRDA:151,49,0,0
BRDA:151,49,1,0
BRDA:166,50,0,0
BRDA:166,50,1,0
BRDA:169,51,0,0
BRDA:169,51,1,0
BRDA:173,52,0,0
BRDA:173,52,1,0
BRDA:176,53,0,0
BRDA:176,53,1,0
BRDA:177,54,0,0
BRDA:177,54,1,0
BRDA:184,55,0,0
BRDA:184,55,1,0
BRDA:184,55,2,0
BRDA:184,55,3,0
BRDA:195,56,0,0
BRDA:195,56,1,0
BRDA:230,57,0,0
BRDA:230,57,1,0
BRDA:240,58,0,0
BRDA:240,58,1,0
BRDA:246,59,0,0
BRDA:246,59,1,0
BRDA:264,60,0,0
BRDA:264,60,1,0
BRDA:274,61,0,0
BRDA:274,61,1,0
BRDA:274,61,2,0
BRF:127
BRH:0
end_of_record
TN:
SF:src/components/reports/ReportOverview.tsx
FN:11,(anonymous_0)
FN:63,(anonymous_1)
FN:87,(anonymous_2)
FNF:3
FNH:0
FNDA:0,(anonymous_0)
FNDA:0,(anonymous_1)
FNDA:0,(anonymous_2)
DA:2,0
DA:3,0
DA:4,0
DA:5,0
DA:11,0
DA:12,0
DA:64,0
DA:88,0
DA:200,0
LF:9
LH:0
BRF:0
BRH:0
end_of_record
TN:
SF:src/components/ui/GoogleButton.tsx
FN:9,GoogleButton
FN:12,(anonymous_1)
FNF:2
FNH:0
FNDA:0,GoogleButton
FNDA:0,(anonymous_1)
DA:1,0
DA:2,0
DA:9,0
DA:10,0
DA:12,0
DA:13,0
DA:14,0
DA:20,0
LF:8
LH:0
BRDA:9,0,0,0
BRDA:9,1,0,0
BRDA:28,2,0,0
BRDA:28,2,1,0
BRDA:51,3,0,0
BRDA:51,3,1,0
BRF:6
BRH:0
end_of_record
TN:
SF:src/components/ui/InfoTooltip.tsx
FN:22,(anonymous_1)
FNF:1
FNH:0
FNDA:0,(anonymous_1)
DA:1,0
DA:2,0
DA:3,0
DA:8,0
DA:22,0
DA:28,0
LF:6
LH:0
BRDA:26,0,0,0
BRF:1
BRH:0
end_of_record
TN:
SF:src/components/ui/accordion.tsx
FN:12,(anonymous_9)
FN:24,(anonymous_10)
FN:44,(anonymous_11)
FNF:3
FNH:0
FNDA:0,(anonymous_9)
FNDA:0,(anonymous_10)
FNDA:0,(anonymous_11)
DA:1,0
DA:2,0
DA:3,0
DA:5,0
DA:7,0
DA:9,0
DA:13,0
DA:19,0
DA:21,0
DA:25,0
DA:39,0
DA:41,0
DA:45,0
DA:54,0
DA:56,0
LF:15
LH:0
BRF:0
BRH:0
end_of_record
TN:
SF:src/components/ui/alert-dialog.tsx
FN:16,(anonymous_9)
FN:31,(anonymous_10)
FN:46,(anonymous_11)
FN:60,(anonymous_12)
FN:77,(anonymous_13)
FN:89,(anonymous_14)
FN:102,(anonymous_15)
FN:114,(anonymous_16)
FNF:8
FNH:0
FNDA:0,(anonymous_9)
FNDA:0,(anonymous_10)
FNDA:0,(anonymous_11)
FNDA:0,(anonymous_12)
FNDA:0,(anonymous_13)
FNDA:0,(anonymous_14)
FNDA:0,(anonymous_15)
FNDA:0,(anonymous_16)
DA:1,0
DA:2,0
DA:4,0
DA:5,0
DA:7,0
DA:9,0
DA:11,0
DA:13,0
DA:17,0
DA:26,0
DA:28,0
DA:32,0
DA:44,0
DA:46,0
DA:50,0
DA:58,0
DA:60,0
DA:64,0
DA:72,0
DA:74,0
DA:78,0
DA:84,0
DA:86,0
DA:90,0
DA:96,0
DA:99,0
DA:103,0
DA:109,0
DA:111,0
DA:115,0
DA:125,0
DA:128,0
DA:129,0
DA:130,0
DA:131,0
DA:132,0
DA:133,0
DA:134,0
DA:135,0
DA:136,0
DA:137,0
DA:138,0
LF:42
LH:0
BRF:0
BRH:0
end_of_record
TN:
SF:src/components/ui/alert.tsx
FN:25,(anonymous_9)
FN:38,(anonymous_10)
FN:50,(anonymous_11)
FNF:3
FNH:0
FNDA:0,(anonymous_9)
FNDA:0,(anonymous_10)
FNDA:0,(anonymous_11)
DA:1,0
DA:2,0
DA:4,0
DA:6,0
DA:22,0
DA:26,0
DA:33,0
DA:35,0
DA:39,0
DA:45,0
DA:47,0
DA:51,0
DA:57,0
DA:59,0
LF:14
LH:0
BRF:0
BRH:0
end_of_record
TN:
SF:src/components/ui/aspect-ratio.tsx
FNF:0
FNH:0
DA:1,0
DA:3,0
DA:5,0
LF:3
LH:0
BRF:0
BRH:0
end_of_record
TN:
SF:src/components/ui/avatar.tsx
FN:9,(anonymous_9)
FN:24,(anonymous_10)
FN:36,(anonymous_11)
FNF:3
FNH:3
FNDA:6,(anonymous_9)
FNDA:6,(anonymous_10)
FNDA:6,(anonymous_11)
DA:1,1
DA:2,1
DA:4,1
DA:6,1
DA:10,6
DA:19,1
DA:21,1
DA:25,6
DA:31,1
DA:33,1
DA:37,6
DA:46,1
DA:48,1
LF:13
LH:13
BRF:0
BRH:0
end_of_record
TN:
SF:src/components/ui/badge.tsx
FN:30,Badge
FNF:1
FNH:0
FNDA:0,Badge
DA:1,0
DA:2,0
DA:4,0
DA:6,0
DA:31,0
DA:36,0
LF:6
LH:0
BRF:0
BRH:0
end_of_record
TN:
SF:src/components/ui/breadcrumb-custom.tsx
FN:9,(anonymous_0)
FN:13,(anonymous_1)
FNF:2
FNH:0
FNDA:0,(anonymous_0)
FNDA:0,(anonymous_1)
DA:2,0
DA:3,0
DA:9,0
DA:10,0
DA:14,0
LF:5
LH:0
BRDA:16,0,0,0
[...]
DA:95,0
DA:103,0
DA:108,0
DA:113,0
DA:118,0
DA:123,0
DA:128,0
DA:133,0
DA:138,0
DA:143,0
DA:144,0
DA:147,0
DA:152,0
DA:157,0
DA:158,0
DA:160,0
DA:161,0
DA:162,0
DA:164,0
DA:167,0
DA:168,0
DA:172,0
DA:175,0
DA:179,0
DA:182,0
DA:183,0
DA:184,0
DA:185,0
DA:187,0
DA:192,0
DA:193,0
DA:197,0
DA:198,0
DA:199,0
DA:200,0
LF:43
LH:0
BRDA:64,0,0,0
BRDA:77,1,0,0
BRDA:77,1,1,0
BRDA:79,2,0,0
BRDA:79,2,1,0
BRDA:107,3,0,0
BRDA:107,4,0,0
BRDA:137,5,0,0
BRDA:137,6,0,0
BRDA:143,7,0,0
BRDA:143,7,1,0
BRDA:156,8,0,0
BRDA:156,9,0,0
BRDA:160,10,0,0
BRDA:160,10,1,0
BRDA:161,11,0,0
BRDA:161,11,1,0
BRDA:167,12,0,0
BRDA:167,12,1,0
BRDA:168,13,0,0
BRDA:168,13,1,0
BRDA:198,14,0,0
BRDA:198,14,1,0
BRDA:199,15,0,0
BRDA:199,15,1,0
BRF:25
BRH:0
end_of_record
TN:
SF:src/services/matrixMapper.ts
FN:20,mapApiDataToMatrix
FN:23,(anonymous_1)
FN:31,(anonymous_2)
FN:55,(anonymous_3)
FN:79,(anonymous_4)
FN:103,(anonymous_5)
FN:127,(anonymous_6)
FN:154,calculateImpactScore
FN:179,(anonymous_8)
FN:184,(anonymous_9)
FN:189,(anonymous_10)
FN:219,calculateEffortScore
FN:244,(anonymous_12)
FN:249,(anonymous_13)
FN:254,(anonymous_14)
FN:284,determinePriority
FN:309,determineCategoryType
FN:322,estimateTime
FN:355,determineDifficulty
FN:372,generateImplementationGuide
FNF:20
FNH:0
FNDA:0,mapApiDataToMatrix
FNDA:0,(anonymous_1)
FNDA:0,(anonymous_2)
FNDA:0,(anonymous_3)
FNDA:0,(anonymous_4)
FNDA:0,(anonymous_5)
FNDA:0,(anonymous_6)
FNDA:0,calculateImpactScore
FNDA:0,(anonymous_8)
FNDA:0,(anonymous_9)
FNDA:0,(anonymous_10)
FNDA:0,calculateEffortScore
FNDA:0,(anonymous_12)
FNDA:0,(anonymous_13)
FNDA:0,(anonymous_14)
FNDA:0,determinePriority
FNDA:0,determineCategoryType
FNDA:0,estimateTime
FNDA:0,determineDifficulty
FNDA:0,generateImplementationGuide
DA:20,0
DA:21,0
DA:23,0
DA:25,0
DA:28,0
DA:29,0
DA:30,0
DA:31,0
DA:32,0
DA:33,0
DA:52,0
DA:53,0
DA:54,0
DA:55,0
DA:56,0
DA:57,0
DA:76,0
DA:77,0
DA:78,0
DA:79,0
DA:80,0
DA:81,0
DA:100,0
DA:101,0
DA:102,0
DA:103,0
DA:104,0
DA:105,0
DA:124,0
DA:125,0
DA:126,0
DA:127,0
DA:128,0
DA:129,0
DA:148,0
DA:155,0
DA:158,0
DA:165,0
DA:171,0
DA:176,0
DA:179,0
DA:180,0
DA:184,0
DA:185,0
DA:189,0
DA:190,0
DA:194,0
DA:196,0
DA:197,0
DA:199,0
DA:200,0
DA:202,0
DA:203,0
DA:205,0
DA:206,0
DA:208,0
DA:209,0
DA:213,0
DA:220,0
DA:223,0
DA:230,0
DA:236,0
DA:241,0
DA:244,0
DA:245,0
DA:249,0
DA:250,0
DA:254,0
DA:255,0
DA:259,0
DA:261,0
DA:262,0
DA:264,0
DA:265,0
DA:267,0
DA:268,0
DA:270,0
DA:271,0
DA:273,0
DA:274,0
DA:278,0
DA:285,0
DA:288,0
DA:289,0
DA:293,0
DA:294,0
DA:298,0
DA:299,0
DA:303,0
DA:310,0
DA:311,0
DA:313,0
DA:314,0
DA:315,0
DA:316,0
DA:323,0
DA:325,0
DA:326,0
DA:329,0
DA:330,0
DA:333,0
DA:334,0
DA:337,0
DA:338,0
DA:342,0
DA:343,0
DA:344,0
DA:345,0
DA:346,0
DA:347,0
DA:348,0
DA:356,0
DA:358,0
DA:359,0
DA:362,0
DA:363,0
DA:366,0
DA:373,0
LF:118
LH:0
BRDA:25,0,0,0
BRDA:25,0,1,0
BRDA:28,1,0,0
BRDA:28,1,1,0
BRDA:30,2,0,0
BRDA:30,2,1,0
BRDA:32,3,0,0
BRDA:32,3,1,0
BRDA:32,4,0,0
BRDA:32,4,1,0
BRDA:52,5,0,0
BRDA:52,5,1,0
BRDA:54,6,0,0
BRDA:54,6,1,0
BRDA:56,7,0,0
BRDA:56,7,1,0
BRDA:56,8,0,0
BRDA:56,8,1,0
BRDA:76,9,0,0
BRDA:76,9,1,0
BRDA:78,10,0,0
BRDA:78,10,1,0
BRDA:80,11,0,0
BRDA:80,11,1,0
BRDA:80,12,0,0
BRDA:80,12,1,0
BRDA:100,13,0,0
BRDA:100,13,1,0
BRDA:102,14,0,0
BRDA:102,14,1,0
BRDA:104,15,0,0
BRDA:104,15,1,0
BRDA:104,16,0,0
BRDA:104,16,1,0
BRDA:124,17,0,0
BRDA:124,17,1,0
BRDA:126,18,0,0
BRDA:126,18,1,0
BRDA:128,19,0,0
BRDA:128,19,1,0
BRDA:128,20,0,0
BRDA:128,20,1,0
BRDA:179,21,0,0
BRDA:179,21,1,0
BRDA:184,22,0,0
BRDA:184,22,1,0
BRDA:189,23,0,0
BRDA:189,23,1,0
BRDA:194,24,0,0
BRDA:194,24,1,0
BRDA:194,24,2,0
BRDA:194,24,3,0
BRDA:194,24,4,0
BRDA:244,25,0,0
BRDA:244,25,1,0
BRDA:249,26,0,0
BRDA:249,26,1,0
BRDA:254,27,0,0
BRDA:254,27,1,0
BRDA:259,28,0,0
BRDA:259,28,1,0
BRDA:259,28,2,0
BRDA:259,28,3,0
BRDA:259,28,4,0
BRDA:288,29,0,0
BRDA:288,29,1,0
BRDA:288,30,0,0
BRDA:288,30,1,0
BRDA:288,30,2,0
BRDA:293,31,0,0
BRDA:293,31,1,0
BRDA:293,32,0,0
BRDA:293,32,1,0
BRDA:293,32,2,0
BRDA:298,33,0,0
BRDA:298,33,1,0
BRDA:298,34,0,0
BRDA:298,34,1,0
BRDA:298,34,2,0
BRDA:313,35,0,0
BRDA:313,35,1,0
BRDA:313,36,0,0
BRDA:313,36,1,0
BRDA:314,37,0,0
BRDA:314,37,1,0
BRDA:314,38,0,0
BRDA:314,38,1,0
BRDA:315,39,0,0
BRDA:315,39,1,0
BRDA:315,40,0,0
BRDA:315,40,1,0
BRDA:325,41,0,0
BRDA:325,41,1,0
BRDA:325,42,0,0
BRDA:325,42,1,0
BRDA:325,42,2,0
BRDA:329,43,0,0
BRDA:329,43,1,0
BRDA:329,44,0,0
BRDA:329,44,1,0
BRDA:329,44,2,0
BRDA:333,45,0,0
BRDA:333,45,1,0
BRDA:333,46,0,0
BRDA:333,46,1,0
BRDA:333,46,2,0
BRDA:337,47,0,0
BRDA:337,47,1,0
BRDA:337,48,0,0
BRDA:337,48,1,0
BRDA:337,48,2,0
BRDA:342,49,0,0
BRDA:342,49,1,0
BRDA:342,49,2,0
BRDA:342,49,3,0
BRDA:342,49,4,0
BRDA:342,49,5,0
BRDA:358,50,0,0
BRDA:358,50,1,0
BRDA:358,51,0,0
BRDA:358,51,1,0
BRDA:358,51,2,0
BRDA:362,52,0,0
BRDA:362,52,1,0
BRDA:362,53,0,0
BRDA:362,53,1,0
BRDA:362,53,2,0
BRF:127
BRH:0
end_of_record
TN:
SF:src/services/notificationService.ts
FN:4,(anonymous_0)
FN:30,getNotifications
FN:58,getUnreadCount
FN:74,getNotificationStats
FN:90,markNotificationAsRead
FN:104,markAllNotificationsAsRead
FN:118,archiveNotification
FN:132,deleteNotification
FNF:8
FNH:0
FNDA:0,(anonymous_0)
FNDA:0,getNotifications
FNDA:0,getUnreadCount
FNDA:0,getNotificationStats
FNDA:0,markNotificationAsRead
FNDA:0,markAllNotificationsAsRead
FNDA:0,archiveNotification
FNDA:0,deleteNotification
DA:1,0
DA:4,0
DA:5,0
DA:6,0
DA:8,0
DA:11,0
DA:30,0
DA:35,0
DA:39,0
DA:40,0
DA:43,0
DA:48,0
DA:49,0
DA:52,0
DA:58,0
DA:59,0
DA:64,0
DA:65,0
DA:68,0
DA:74,0
DA:75,0
DA:80,0
DA:81,0
DA:84,0
DA:90,0
DA:91,0
DA:96,0
DA:97,0
DA:104,0
DA:105,0
DA:110,0
DA:111,0
DA:118,0
DA:119,0
DA:124,0
DA:125,0
DA:132,0
DA:133,0
DA:138,0
DA:139,0
LF:40
LH:0
BRDA:5,0,0,0
BRDA:5,0,1,0
BRDA:5,1,0,0
BRDA:5,1,1,0
BRDA:6,2,0,0
BRDA:6,2,1,0
BRDA:8,3,0,0
BRDA:8,3,1,0
BRDA:8,4,0,0
BRDA:8,4,1,0
BRDA:31,5,0,0
BRDA:32,6,0,0
BRDA:33,7,0,0
BRDA:39,8,0,0
BRDA:39,8,1,0
BRDA:48,9,0,0
BRDA:48,9,1,0
BRDA:64,10,0,0
BRDA:64,10,1,0
BRDA:80,11,0,0
BRDA:80,11,1,0
BRDA:96,12,0,0
BRDA:96,12,1,0
BRDA:110,13,0,0
BRDA:110,13,1,0
BRDA:124,14,0,0
BRDA:124,14,1,0
BRDA:138,15,0,0
BRDA:138,15,1,0
BRF:29
BRH:0
end_of_record
TN:
SF:src/services/onboardingService.ts
FN:23,(anonymous_0)
FN:30,(anonymous_1)
FN:48,(anonymous_2)
FN:72,(anonymous_3)
FN:81,(anonymous_4)
FN:96,(anonymous_5)
FN:111,(anonymous_6)
FN:126,(anonymous_7)
FN:138,(anonymous_8)
FN:156,(anonymous_9)
FNF:10
FNH:0
FNDA:0,(anonymous_0)
FNDA:0,(anonymous_1)
FNDA:0,(anonymous_2)
FNDA:0,(anonymous_3)
FNDA:0,(anonymous_4)
FNDA:0,(anonymous_5)
FNDA:0,(anonymous_6)
FNDA:0,(anonymous_7)
FNDA:0,(anonymous_8)
FNDA:0,(anonymous_9)
DA:16,0
DA:24,0
DA:34,0
DA:35,0
DA:36,0
DA:38,0
DA:47,0
DA:48,0
DA:52,0
DA:59,0
DA:60,0
DA:62,0
DA:63,0
DA:65,0
DA:73,0
DA:84,0
DA:99,0
DA:114,0
DA:130,0
DA:148,0
DA:169,0
DA:176,0
LF:22
LH:0
BRDA:16,0,0,0
BRDA:16,0,1,0
BRDA:16,1,0,0
BRDA:16,1,1,0
BRDA:18,2,0,0
BRDA:18,2,1,0
BRDA:18,3,0,0
BRDA:18,3,1,0
BRDA:32,4,0,0
BRDA:35,5,0,0
BRDA:35,5,1,0
BRDA:36,6,0,0
BRDA:36,6,1,0
BRDA:42,7,0,0
BRDA:42,7,1,0
BRDA:43,8,0,0
BRDA:43,8,1,0
BRDA:47,9,0,0
BRDA:47,9,1,0
BRDA:53,10,0,0
BRDA:53,10,1,0
BRDA:53,10,2,0
BRDA:62,11,0,0
BRDA:62,11,1,0
BRF:24
BRH:0
end_of_record
TN:
SF:src/services/paymentService.ts
FN:16,(anonymous_0)
FN:23,(anonymous_1)
FN:24,(anonymous_2)
FN:30,(anonymous_3)
FN:55,(anonymous_4)
FN:61,(anonymous_5)
FN:125,(anonymous_6)
FN:137,(anonymous_7)
FN:167,(anonymous_8)
FN:174,(anonymous_9)
FN:187,(anonymous_10)
FN:194,(anonymous_11)
FN:206,(anonymous_12)
FN:218,(anonymous_13)
FN:247,(anonymous_14)
FN:263,(anonymous_15)
FN:283,(anonymous_16)
FN:293,(anonymous_17)
FNF:18
FNH:0
FNDA:0,(anonymous_0)
FNDA:0,(anonymous_1)
FNDA:0,(anonymous_2)
FNDA:0,(anonymous_3)
FNDA:0,(anonymous_4)
FNDA:0,(anonymous_5)
FNDA:0,(anonymous_6)
FNDA:0,(anonymous_7)
FNDA:0,(anonymous_8)
FNDA:0,(anonymous_9)
FNDA:0,(anonymous_10)
FNDA:0,(anonymous_11)
FNDA:0,(anonymous_12)
FNDA:0,(anonymous_13)
FNDA:0,(anonymous_14)
FNDA:0,(anonymous_15)
FNDA:0,(anonymous_16)
FNDA:0,(anonymous_17)
DA:1,0
DA:4,0
DA:5,0
DA:11,0
DA:17,0
DA:24,0
DA:31,0
DA:32,0
DA:33,0
DA:35,0
DA:37,0
DA:38,0
DA:40,0
DA:42,0
DA:43,0
DA:46,0
DA:48,0
DA:61,0
DA:63,0
DA:64,0
DA:65,0
DA:69,0
DA:70,0
DA:74,0
DA:75,0
DA:76,0
DA:78,0
DA:93,0
DA:104,0
DA:116,0
DA:117,0
DA:119,0
DA:126,0
DA:127,0
DA:128,0
DA:131,0
DA:132,0
DA:133,0
DA:137,0
DA:140,0
DA:143,0
DA:144,0
DA:147,0
DA:148,0
DA:157,0
DA:160,0
DA:161,0
DA:168,0
DA:169,0
DA:170,0
DA:174,0
DA:177,0
DA:178,0
DA:180,0
DA:181,0
DA:188,0
DA:189,0
DA:190,0
DA:194,0
DA:196,0
DA:197,0
DA:199,0
DA:200,0
DA:207,0
DA:208,0
DA:209,0
DA:211,0
DA:219,0
DA:221,0
DA:222,0
DA:225,0
DA:227,0
DA:228,0
DA:229,0
DA:230,0
DA:234,0
DA:235,0
DA:236,0
DA:237,0
DA:241,0
DA:248,0
DA:249,0
DA:251,0
DA:252,0
DA:253,0
DA:254,0
DA:257,0
DA:264,0
DA:265,0
DA:267,0
DA:268,0
DA:269,0
DA:271,0
DA:278,0
DA:284,0
DA:285,0
DA:287,0
DA:288,0
DA:290,0
DA:295,0
DA:297,0
DA:302,0
LF:102
LH:0
BRDA:24,0,0,0
BRDA:24,0,1,0
BRDA:33,1,0,0
BRDA:33,1,1,0
BRDA:40,2,0,0
BRDA:40,2,1,0
BRDA:40,3,0,0
BRDA:40,3,1,0
BRDA:64,4,0,0
BRDA:64,4,1,0
BRDA:69,5,0,0
BRDA:69,5,1,0
BRDA:76,6,0,0
BRDA:76,6,1,0
BRDA:127,7,0,0
BRDA:127,7,1,0
BRDA:132,8,0,0
BRDA:132,8,1,0
BRDA:147,9,0,0
BRDA:147,9,1,0
BRDA:169,10,0,0
BRDA:169,10,1,0
BRDA:189,11,0,0
BRDA:189,11,1,0
BRDA:209,12,0,0
BRDA:209,12,1,0
BRDA:221,13,0,0
BRDA:221,13,1,0
BRDA:221,14,0,0
BRDA:221,14,1,0
BRDA:227,15,0,0
BRDA:227,15,1,0
BRDA:228,16,0,0
BRDA:228,16,1,0
BRDA:229,17,0,0
BRDA:229,17,1,0
BRDA:234,18,0,0
BRDA:234,18,1,0
BRDA:235,19,0,0
BRDA:235,19,1,0
BRDA:236,20,0,0
BRDA:236,20,1,0
BRDA:249,21,0,0
BRDA:249,21,1,0
BRDA:251,22,0,0
BRDA:251,22,1,0
BRDA:253,23,0,0
BRDA:253,23,1,0
BRDA:265,24,0,0
BRDA:265,24,1,0
BRDA:287,25,0,0
BRDA:287,25,1,0
BRF:52
BRH:0
end_of_record
TN:
SF:src/services/reportPdfService.ts
FN:17,cleanDomain
FN:30,formatDate
FN:40,getFaviconUrl
FN:49,getModelFavicon
FN:66,renderCircularGaugeSvg
FN:96,renderMaterialityMatrixSvg
FN:113,(anonymous_6)
FN:114,(anonymous_7)
FN:117,(anonymous_8)
FN:197,generateFullReportPdf
FN:234,(anonymous_10)
FN:243,(anonymous_11)
FN:249,(anonymous_12)
FN:265,(anonymous_13)
FN:272,(anonymous_14)
FN:274,(anonymous_15)
FN:275,(anonymous_16)
FN:276,(anonymous_17)
FN:278,(anonymous_18)
FN:285,(anonymous_19)
FN:300,(anonymous_20)
FN:309,(anonymous_21)
FN:638,(anonymous_22)
FN:674,(anonymous_23)
FN:778,(anonymous_24)
FN:850,(anonymous_25)
FN:887,(anonymous_26)
FN:945,(anonymous_27)
FNF:28
FNH:0
FNDA:0,cleanDomain
FNDA:0,formatDate
FNDA:0,getFaviconUrl
FNDA:0,getModelFavicon
FNDA:0,renderCircularGaugeSvg
FNDA:0,renderMaterialityMatrixSvg
FNDA:0,(anonymous_6)
FNDA:0,(anonymous_7)
FNDA:0,(anonymous_8)
FNDA:0,generateFullReportPdf
FNDA:0,(anonymous_10)
FNDA:0,(anonymous_11)
FNDA:0,(anonymous_12)
FNDA:0,(anonymous_13)
FNDA:0,(anonymous_14)
FNDA:0,(anonymous_15)
FNDA:0,(anonymous_16)
FNDA:0,(anonymous_17)
FNDA:0,(anonymous_18)
FNDA:0,(anonymous_19)
FNDA:0,(anonymous_20)
FNDA:0,(anonymous_21)
FNDA:0,(anonymous_22)
FNDA:0,(anonymous_23)
FNDA:0,(anonymous_24)
FNDA:0,(anonymous_25)
FNDA:0,(anonymous_26)
FNDA:0,(anonymous_27)
DA:2,0
DA:6,0
DA:18,0
DA:19,0
DA:20,0
DA:21,0
DA:23,0
DA:31,0
DA:32,0
DA:33,0
DA:34,0
DA:41,0
DA:42,0
DA:43,0
DA:50,0
DA:51,0
DA:52,0
DA:53,0
DA:54,0
DA:55,0
DA:56,0
DA:57,0
DA:58,0
DA:59,0
DA:60,0
DA:67,0
DA:68,0
DA:69,0
DA:70,0
DA:72,0
DA:101,0
DA:102,0
DA:103,0
DA:104,0
DA:105,0
DA:106,0
DA:107,0
DA:108,0
DA:109,0
DA:110,0
DA:113,0
DA:114,0
DA:117,0
DA:118,0
DA:119,0
DA:120,0
DA:122,0
DA:123,0
DA:135,0
DA:146,0
DA:197,0
DA:202,0
DA:203,0
DA:210,0
DA:212,0
DA:213,0
DA:214,0
DA:215,0
DA:218,0
DA:219,0
DA:220,0
DA:221,0
DA:228,0
DA:229,0
DA:230,0
DA:232,0
DA:233,0
DA:234,0
DA:235,0
DA:236,0
DA:241,0
DA:242,0
DA:243,0
DA:249,0
DA:252,0
DA:253,0
DA:256,0
DA:265,0
DA:266,0
DA:267,0
DA:268,0
DA:269,0
DA:272,0
DA:273,0
DA:274,0
DA:275,0
DA:276,0
DA:277,0
DA:278,0
DA:281,0
DA:282,0
DA:283,0
DA:284,0
DA:285,0
DA:286,0
DA:291,0
DA:293,0
DA:294,0
DA:295,0
DA:298,0
DA:299,0
DA:300,0
DA:309,0
DA:319,0
DA:638,0
DA:675,0
DA:676,0
DA:779,0
DA:780,0
DA:781,0
DA:851,0
DA:852,0
DA:853,0
DA:854,0
DA:855,0
DA:887,0
DA:923,0
DA:924,0
DA:925,0
DA:926,0
DA:927,0
DA:928,0
DA:929,0
DA:930,0
DA:932,0
DA:934,0
DA:935,0
DA:936,0
DA:937,0
DA:940,0
DA:941,0
DA:942,0
DA:945,0
DA:946,0
DA:947,0
DA:948,0
LF:136
LH:0
BRDA:18,0,0,0
BRDA:18,0,1,0
BRDA:20,1,0,0
BRDA:20,1,1,0
BRDA:31,2,0,0
BRDA:31,2,1,0
BRDA:33,3,0,0
BRDA:33,3,1,0
BRDA:42,4,0,0
BRDA:42,4,1,0
BRDA:51,5,0,0
BRDA:51,5,1,0
BRDA:51,6,0,0
BRDA:51,6,1,0
BRDA:51,6,2,0
BRDA:52,7,0,0
BRDA:52,7,1,0
BRDA:52,8,0,0
BRDA:52,8,1,0
BRDA:53,9,0,0
BRDA:53,9,1,0
BRDA:53,10,0,0
BRDA:53,10,1,0
BRDA:53,10,2,0
BRDA:54,11,0,0
BRDA:54,11,1,0
BRDA:54,12,0,0
BRDA:54,12,1,0
BRDA:55,13,0,0
BRDA:55,13,1,0
BRDA:55,14,0,0
BRDA:55,14,1,0
BRDA:56,15,0,0
BRDA:56,15,1,0
BRDA:56,16,0,0
BRDA:56,16,1,0
BRDA:57,17,0,0
BRDA:57,17,1,0
BRDA:58,18,0,0
BRDA:58,18,1,0
BRDA:58,19,0,0
BRDA:58,19,1,0
BRDA:59,20,0,0
BRDA:59,20,1,0
BRDA:59,21,0,0
BRDA:59,21,1,0
BRDA:66,22,0,0
BRDA:66,23,0,0
BRDA:69,24,0,0
BRDA:69,24,1,0
BRDA:83,25,0,0
BRDA:83,25,1,0
BRDA:118,26,0,0
BRDA:118,26,1,0
BRDA:119,27,0,0
BRDA:119,27,1,0
BRDA:120,28,0,0
BRDA:120,28,1,0
BRDA:120,29,0,0
BRDA:120,29,1,0
BRDA:122,30,0,0
BRDA:122,30,1,0
BRDA:200,31,0,0
BRDA:202,32,0,0
BRDA:202,32,1,0
BRDA:207,33,0,0
BRDA:208,34,0,0
BRDA:209,35,0,0
BRDA:212,36,0,0
BRDA:212,36,1,0
BRDA:213,37,0,0
BRDA:213,37,1,0
BRDA:214,38,0,0
BRDA:214,38,1,0
BRDA:214,38,2,0
BRDA:215,39,0,0
BRDA:215,39,1,0
BRDA:219,40,0,0
BRDA:219,40,1,0
BRDA:219,41,0,0
BRDA:219,41,1,0
BRDA:219,41,2,0
BRDA:228,42,0,0
BRDA:228,42,1,0
BRDA:229,43,0,0
BRDA:229,43,1,0
BRDA:229,44,0,0
BRDA:229,44,1,0
BRDA:230,45,0,0
BRDA:230,45,1,0
BRDA:230,46,0,0
BRDA:230,46,1,0
BRDA:232,47,0,0
BRDA:232,47,1,0
BRDA:233,48,0,0
BRDA:233,48,1,0
BRDA:233,49,0,0
BRDA:233,49,1,0
BRDA:236,50,0,0
BRDA:236,50,1,0
BRDA:236,50,2,0
BRDA:241,51,0,0
BRDA:241,51,1,0
BRDA:245,52,0,0
BRDA:245,52,1,0
BRDA:246,53,0,0
BRDA:246,53,1,0
BRDA:246,54,0,0
BRDA:246,54,1,0
BRDA:252,55,0,0
BRDA:252,55,1,0
BRDA:253,56,0,0
BRDA:253,56,1,0
BRDA:267,57,0,0
BRDA:267,57,1,0
BRDA:268,58,0,0
BRDA:268,58,1,0
BRDA:268,59,0,0
BRDA:268,59,1,0
BRDA:268,59,2,0
BRDA:273,60,0,0
BRDA:273,60,1,0
BRDA:275,61,0,0
BRDA:275,61,1,0
BRDA:276,62,0,0
BRDA:276,62,1,0
BRDA:282,63,0,0
BRDA:282,63,1,0
BRDA:284,64,0,0
BRDA:284,64,1,0
BRDA:284,65,0,0
BRDA:284,65,1,0
BRDA:284,65,2,0
BRDA:285,66,0,0
BRDA:285,66,1,0
BRDA:285,67,0,0
BRDA:285,67,1,0
BRDA:291,68,0,0
BRDA:291,68,1,0
BRDA:294,69,0,0
BRDA:294,69,1,0
BRDA:295,70,0,0
BRDA:295,70,1,0
BRDA:299,71,0,0
BRDA:299,71,1,0
BRDA:299,72,0,0
BRDA:299,72,1,0
BRDA:301,73,0,0
BRDA:301,73,1,0
BRDA:303,74,0,0
BRDA:303,74,1,0
BRDA:304,75,0,0
BRDA:304,75,1,0
BRDA:310,76,0,0
BRDA:310,76,1,0
BRDA:312,77,0,0
BRDA:312,77,1,0
BRDA:313,78,0,0
BRDA:313,78,1,0
BRDA:313,79,0,0
BRDA:313,79,1,0
BRDA:313,80,0,0
BRDA:313,80,1,0
BRDA:638,81,0,0
BRDA:638,81,1,0
BRDA:674,82,0,0
BRDA:674,82,1,0
BRDA:675,83,0,0
BRDA:675,83,1,0
BRDA:675,83,2,0
BRDA:683,84,0,0
BRDA:683,84,1,0
BRDA:683,84,2,0
BRDA:779,85,0,0
BRDA:779,85,1,0
BRDA:779,86,0,0
BRDA:779,86,1,0
BRDA:780,87,0,0
BRDA:780,87,1,0
BRDA:780,88,0,0
BRDA:780,88,1,0
BRDA:788,89,0,0
BRDA:788,89,1,0
BRDA:788,90,0,0
BRDA:788,90,1,0
BRDA:851,91,0,0
BRDA:851,91,1,0
BRDA:851,91,2,0
BRDA:852,92,0,0
BRDA:852,92,1,0
BRDA:852,92,2,0
BRDA:852,93,0,0
BRDA:852,93,1,0
BRDA:852,94,0,0
BRDA:852,94,1,0
BRDA:852,94,2,0
BRDA:853,95,0,0
BRDA:853,95,1,0
BRDA:854,96,0,0
BRDA:854,96,1,0
BRDA:854,97,0,0
BRDA:854,97,1,0
BRDA:864,98,0,0
BRDA:864,98,1,0
BRDA:867,99,0,0
BRDA:867,99,1,0
BRDA:887,100,0,0
BRDA:887,100,1,0
BRDA:934,101,0,0
BRDA:934,101,1,0
BRDA:935,102,0,0
BRDA:935,102,1,0
BRDA:947,103,0,0
BRDA:947,103,1,0
BRF:214
BRH:0
end_of_record
TN:
SF:src/services/textualOptimizationService.ts
FN:114,fetchWithAuth
FN:148,fetchOptimizationById
FN:179,listOptimizationsFromOptimize
FN:218,fetchOptimization
FN:229,listOptimizations
FN:246,startTextualOptimization
FN:282,checkOptimizationStatus
FN:306,getMockOptimization
FN:382,getMockOptimizationsList
FN:400,exportOptimizationResults
FN:407,calculateImprovementScore
FN:420,(anonymous_11)
FN:434,(anonymous_12)
FN:445,(anonymous_13)
FNF:14
FNH:0
FNDA:0,fetchWithAuth
FNDA:0,fetchOptimizationById
FNDA:0,listOptimizationsFromOptimize
FNDA:0,fetchOptimization
FNDA:0,listOptimizations
FNDA:0,startTextualOptimization
FNDA:0,checkOptimizationStatus
FNDA:0,getMockOptimization
FNDA:0,getMockOptimizationsList
FNDA:0,exportOptimizationResults
FNDA:0,calculateImprovementScore
FNDA:0,(anonymous_11)
FNDA:0,(anonymous_12)
FNDA:0,(anonymous_13)
DA:1,0
DA:116,0
DA:119,0
DA:129,0
DA:130,0
DA:131,0
DA:137,0
DA:141,0
DA:148,0
DA:149,0
DA:150,0
DA:157,0
DA:158,0
DA:159,0
DA:161,0
DA:162,0
DA:164,0
DA:167,0
DA:169,0
DA:172,0
DA:179,0
DA:180,0
DA:181,0
DA:188,0
DA:189,0
DA:190,0
DA:192,0
DA:195,0
DA:197,0
DA:198,0
DA:199,0
DA:200,0
DA:201,0
DA:202,0
DA:203,0
DA:205,0
DA:208,0
DA:211,0
DA:218,0
DA:219,0
DA:220,0
DA:222,0
DA:229,0
DA:230,0
DA:231,0
DA:232,0
DA:233,0
DA:240,0
DA:246,0
DA:247,0
DA:248,0
DA:256,0
DA:257,0
DA:258,0
DA:264,0
DA:267,0
DA:268,0
DA:271,0
DA:282,0
DA:283,0
DA:284,0
DA:291,0
DA:292,0
DA:295,0
DA:296,0
DA:299,0
DA:307,0
DA:376,0
DA:382,0
DA:383,0
DA:400,0
DA:401,0
DA:407,0
DA:408,0
DA:409,0
DA:413,0
DA:414,0
DA:417,0
DA:420,0
DA:421,0
DA:422,0
DA:423,0
DA:424,0
DA:428,0
DA:434,0
DA:445,0
LF:86
LH:0
BRDA:114,0,0,0
BRDA:130,1,0,0
BRDA:130,1,1,0
BRDA:130,2,0,0
BRDA:130,2,1,0
BRDA:141,3,0,0
BRDA:141,3,1,0
BRDA:157,4,0,0
BRDA:157,4,1,0
BRDA:158,5,0,0
BRDA:158,5,1,0
BRDA:161,6,0,0
BRDA:161,6,1,0
BRDA:188,7,0,0
BRDA:188,7,1,0
BRDA:189,8,0,0
BRDA:189,8,1,0
BRDA:198,9,0,0
BRDA:198,9,1,0
BRDA:200,10,0,0
BRDA:200,10,1,0
BRDA:200,11,0,0
BRDA:200,11,1,0
BRDA:202,12,0,0
BRDA:202,12,1,0
BRDA:202,13,0,0
BRDA:202,13,1,0
BRDA:232,14,0,0
BRDA:232,14,1,0
BRDA:256,15,0,0
BRDA:256,15,1,0
BRDA:257,16,0,0
BRDA:257,16,1,0
BRDA:291,17,0,0
BRDA:291,17,1,0
BRDA:308,18,0,0
BRDA:308,18,1,0
BRDA:408,19,0,0
BRDA:408,19,1,0
BRDA:421,20,0,0
BRDA:421,20,1,0
BRDA:422,21,0,0
BRDA:422,21,1,0
BRDA:423,22,0,0
BRDA:423,22,1,0
BRDA:424,23,0,0
BRDA:424,23,1,0
BRF:47
BRH:0
end_of_record
TN:
SF:src/types/payment.ts
FNF:0
FNH:0
DA:57,0
LF:1
LH:0
BRF:0
BRH:0
end_of_record
TN:
SF:src/utils/componentTest.ts
FN:9,testComponentImports
FN:31,testServiceImports
FN:51,testHookImports
FN:71,runAllTests
FNF:4
FNH:0
FNDA:0,testComponentImports
FNDA:0,testServiceImports
FNDA:0,testHookImports
FNDA:0,runAllTests
DA:9,0
DA:12,0
DA:24,0
DA:26,0
DA:31,0
DA:34,0
DA:36,0
DA:40,0
DA:44,0
DA:46,0
DA:51,0
DA:54,0
DA:56,0
DA:60,0
DA:64,0
DA:66,0
DA:71,0
DA:74,0
DA:75,0
DA:76,0
DA:78,0
DA:80,0
DA:86,0
LF:23
LH:0
BRDA:78,0,0,0
BRDA:78,0,1,0
BRDA:78,0,2,0
BRDA:80,1,0,0
BRDA:80,1,1,0
BRF:5
BRH:0
end_of_record
TN:
SF:src/utils/passwordValidation.ts
FN:36,validatePassword
FN:159,generateSecurePassword
FN:182,(anonymous_2)
FNF:3
FNH:0
FNDA:0,validatePassword
FNDA:0,generateSecurePassword
FNDA:0,(anonymous_2)
DA:12,0
DA:23,0
DA:36,0
DA:41,0
DA:42,0
DA:43,0
DA:46,0
DA:47,0
DA:49,0
DA:50,0
DA:51,0
DA:55,0
DA:56,0
DA:58,0
DA:62,0
DA:63,0
DA:65,0
DA:69,0
DA:70,0
DA:72,0
DA:76,0
DA:77,0
DA:79,0
DA:83,0
DA:84,0
DA:85,0
DA:89,0
DA:90,0
DA:91,0
DA:92,0
DA:93,0
DA:98,0
DA:99,0
DA:100,0
DA:104,0
DA:105,0
DA:106,0
DA:107,0
DA:112,0
DA:113,0
DA:114,0
DA:115,0
DA:116,0
DA:121,0
DA:122,0
DA:123,0
DA:127,0
DA:133,0
DA:134,0
DA:135,0
DA:136,0
DA:137,0
DA:138,0
DA:139,0
DA:140,0
DA:141,0
DA:143,0
DA:144,0
DA:147,0
DA:159,0
DA:160,0
DA:161,0
DA:162,0
DA:163,0
DA:164,0
DA:166,0
DA:169,0
DA:170,0
DA:171,0
DA:172,0
DA:175,0
DA:176,0
DA:180,0
DA:182,0
LF:74
LH:0
BRDA:46,0,0,0
BRDA:46,0,1,0
BRDA:50,1,0,0
BRDA:50,1,1,0
BRDA:51,2,0,0
BRDA:51,2,1,0
BRDA:55,3,0,0
BRDA:55,3,1,0
BRDA:62,4,0,0
BRDA:62,4,1,0
BRDA:69,5,0,0
BRDA:69,5,1,0
BRDA:76,6,0,0
BRDA:76,6,1,0
BRDA:83,7,0,0
BRDA:83,7,1,0
BRDA:90,8,0,0
BRDA:90,8,1,0
BRDA:98,9,0,0
BRDA:98,9,1,0
BRDA:104,10,0,0
BRDA:104,10,1,0
BRDA:104,11,0,0
BRDA:104,11,1,0
BRDA:105,12,0,0
BRDA:105,12,1,0
BRDA:112,13,0,0
BRDA:112,13,1,0
BRDA:114,14,0,0
BRDA:114,14,1,0
BRDA:114,15,0,0
BRDA:114,15,1,0
BRDA:122,16,0,0
BRDA:122,16,1,0
BRDA:133,17,0,0
BRDA:133,17,1,0
BRDA:136,18,0,0
BRDA:136,18,1,0
BRDA:139,19,0,0
BRDA:139,19,1,0
BRDA:159,20,0,0
BRF:41
BRH:0
end_of_record
