TN:
SF:src/App.tsx
FN:47,AppHeader
FN:59,(anonymous_2)
FN:93,MainLayout
FN:129,(anonymous_4)
FNF:4
FNH:0
FNDA:0,AppHeader
FNDA:0,(anonymous_2)
FNDA:0,MainLayout
FNDA:0,(anonymous_4)
DA:1,0
DA:2,0
DA:3,0
DA:4,0
DA:5,0
DA:6,0
DA:7,0
DA:8,0
DA:9,0
DA:10,0
DA:11,0
DA:12,0
DA:13,0
DA:14,0
DA:15,0
DA:16,0
DA:17,0
DA:18,0
DA:19,0
DA:20,0
DA:21,0
DA:22,0
DA:23,0
DA:24,0
DA:25,0
DA:26,0
DA:27,0
DA:28,0
DA:29,0
DA:30,0
DA:31,0
DA:32,0
DA:33,0
DA:34,0
DA:35,0
DA:36,0
DA:37,0
DA:38,0
DA:39,0
DA:40,0
DA:41,0
DA:42,0
DA:44,0
DA:48,0
DA:50,0
DA:60,0
DA:61,0
DA:62,0
DA:94,0
DA:129,0
DA:130,0
DA:162,0
LF:52
LH:0
BRDA:75,0,0,0
BRDA:75,0,1,0
BRDA:79,1,0,0
BRDA:79,1,1,0
BRDA:80,2,0,0
BRDA:80,2,1,0
BRF:6
BRH:0
end_of_record
TN:
SF:src/components/AppSidebar.tsx
FN:85,AppSidebar
FN:96,(anonymous_7)
FN:98,(anonymous_8)
FN:106,(anonymous_9)
FN:107,(anonymous_10)
FN:154,(anonymous_11)
FN:163,(anonymous_12)
FN:193,(anonymous_13)
FNF:8
FNH:4
FNDA:16,AppSidebar
FNDA:8,(anonymous_7)
FNDA:32,(anonymous_8)
FNDA:0,(anonymous_9)
FNDA:0,(anonymous_10)
FNDA:112,(anonymous_11)
FNDA:0,(anonymous_12)
FNDA:0,(anonymous_13)
DA:1,1
DA:13,1
DA:14,1
DA:15,1
DA:16,1
DA:17,1
DA:18,1
DA:19,1
DA:20,1
DA:23,1
DA:25,1
DA:58,1
DA:85,1
DA:86,16
DA:87,16
DA:88,16
DA:89,16
DA:90,16
DA:91,16
DA:92,16
DA:93,16
DA:96,16
DA:97,8
DA:98,8
DA:99,32
DA:100,0
DA:103,8
DA:106,16
DA:107,0
DA:112,16
DA:155,112
DA:158,112
DA:163,0
DA:194,0
LF:34
LH:30
BRDA:90,0,0,16
BRDA:90,0,1,16
BRDA:90,0,2,16
BRDA:90,0,3,16
BRDA:91,1,0,0
BRDA:91,1,1,16
BRDA:99,2,0,0
BRDA:99,2,1,32
BRDA:99,3,0,32
BRDA:99,3,1,0
BRDA:99,3,2,0
BRDA:155,4,0,112
BRDA:155,4,1,96
BRDA:155,4,2,0
BRDA:160,5,0,0
BRDA:160,5,1,112
BRDA:169,6,0,0
BRDA:169,6,1,0
BRDA:177,7,0,0
BRDA:177,7,1,0
BRDA:186,8,0,0
BRDA:186,8,1,0
BRDA:199,9,0,0
BRDA:199,9,1,0
BRDA:219,10,0,16
BRDA:219,10,1,96
BRDA:227,11,0,16
BRDA:227,11,1,96
BRDA:250,12,0,0
BRDA:250,12,1,16
BRDA:250,13,0,16
BRDA:250,13,1,16
BRF:32
BRH:17
end_of_record
TN:
SF:src/components/AudienceAnalysis.tsx
FN:10,(anonymous_0)
FN:53,(anonymous_1)
FN:75,(anonymous_2)
FN:85,(anonymous_3)
FN:104,(anonymous_4)
FNF:5
FNH:0
FNDA:0,(anonymous_0)
FNDA:0,(anonymous_1)
FNDA:0,(anonymous_2)
FNDA:0,(anonymous_3)
FNDA:0,(anonymous_4)
DA:2,0
DA:3,0
DA:4,0
DA:10,0
DA:11,0
DA:13,0
DA:19,0
DA:38,0
DA:54,0
DA:76,0
DA:86,0
DA:105,0
DA:167,0
LF:13
LH:0
BRDA:11,0,0,0
BRDA:11,0,1,0
BRF:2
BRH:0
end_of_record
TN:
SF:src/components/ContentAnalysis.tsx
FN:16,(anonymous_0)
FN:57,(anonymous_1)
FN:66,(anonymous_2)
FN:113,(anonymous_3)
FN:124,(anonymous_4)
FN:149,(anonymous_5)
FN:185,(anonymous_6)
FN:221,(anonymous_7)
FNF:8
FNH:0
FNDA:0,(anonymous_0)
FNDA:0,(anonymous_1)
FNDA:0,(anonymous_2)
FNDA:0,(anonymous_3)
FNDA:0,(anonymous_4)
FNDA:0,(anonymous_5)
FNDA:0,(anonymous_6)
FNDA:0,(anonymous_7)
DA:2,0
DA:3,0
DA:4,0
DA:5,0
DA:16,0
DA:17,0
DA:19,0
DA:57,0
DA:58,0
DA:59,0
DA:60,0
DA:61,0
DA:62,0
DA:66,0
DA:67,0
DA:68,0
DA:69,0
DA:70,0
DA:71,0
DA:75,0
DA:106,0
DA:113,0
DA:114,0
DA:116,0
DA:118,0
DA:120,0
DA:124,0
DA:125,0
DA:127,0
DA:129,0
DA:131,0
DA:135,0
DA:150,0
DA:186,0
DA:222,0
DA:273,0
LF:36
LH:0
BRDA:17,0,0,0
BRDA:17,0,1,0
BRDA:22,1,0,0
BRDA:22,1,1,0
BRDA:43,2,0,0
BRDA:43,2,1,0
BRDA:50,3,0,0
BRDA:50,3,1,0
BRDA:58,4,0,0
BRDA:58,4,1,0
BRDA:58,4,2,0
BRDA:58,4,3,0
BRDA:67,5,0,0
BRDA:67,5,1,0
BRDA:67,5,2,0
BRDA:67,5,3,0
BRDA:75,6,0,0
BRDA:75,6,1,0
BRDA:106,7,0,0
BRDA:106,7,1,0
BRDA:114,8,0,0
BRDA:114,8,1,0
BRDA:114,8,2,0
BRDA:125,9,0,0
BRDA:125,9,1,0
BRDA:125,9,2,0
BRDA:226,10,0,0
BRDA:226,10,1,0
BRDA:226,11,0,0
BRDA:226,11,1,0
BRDA:229,12,0,0
BRDA:229,12,1,0
BRDA:229,13,0,0
BRDA:229,13,1,0
BRF:34
BRH:0
end_of_record
TN:
SF:src/components/ErrorDisplay.tsx
FN:12,(anonymous_0)
FN:13,(anonymous_1)
FN:44,(anonymous_2)
FN:162,(anonymous_3)
FN:184,(anonymous_4)
FN:197,(anonymous_5)
FNF:6
FNH:0
FNDA:0,(anonymous_0)
FNDA:0,(anonymous_1)
FNDA:0,(anonymous_2)
FNDA:0,(anonymous_3)
FNDA:0,(anonymous_4)
FNDA:0,(anonymous_5)
DA:2,0
DA:3,0
DA:4,0
DA:12,0
DA:13,0
DA:14,0
DA:15,0
DA:17,0
DA:18,0
DA:20,0
DA:21,0
DA:23,0
DA:24,0
DA:26,0
DA:27,0
DA:29,0
DA:30,0
DA:32,0
DA:33,0
DA:35,0
DA:36,0
DA:38,0
DA:39,0
DA:41,0
DA:44,0
DA:45,0
DA:47,0
DA:58,0
DA:69,0
DA:80,0
DA:91,0
DA:102,0
DA:113,0
DA:124,0
DA:135,0
DA:146,0
DA:159,0
DA:160,0
DA:162,0
DA:163,0
DA:165,0
DA:167,0
DA:169,0
DA:171,0
DA:175,0
DA:184,0
DA:198,0
DA:224,0
LF:48
LH:0
BRDA:14,0,0,0
BRDA:14,0,1,0
BRDA:17,1,0,0
BRDA:17,1,1,0
BRDA:20,2,0,0
BRDA:20,2,1,0
BRDA:23,3,0,0
BRDA:23,3,1,0
BRDA:26,4,0,0
BRDA:26,4,1,0
BRDA:29,5,0,0
BRDA:29,5,1,0
BRDA:32,6,0,0
BRDA:32,6,1,0
BRDA:35,7,0,0
BRDA:35,7,1,0
BRDA:38,8,0,0
BRDA:38,8,1,0
BRDA:38,9,0,0
BRDA:38,9,1,0
BRDA:45,10,0,0
BRDA:45,10,1,0
BRDA:45,10,2,0
BRDA:45,10,3,0
BRDA:45,10,4,0
BRDA:45,10,5,0
BRDA:45,10,6,0
BRDA:45,10,7,0
BRDA:45,10,8,0
BRDA:45,10,9,0
BRDA:163,11,0,0
BRDA:163,11,1,0
BRDA:163,11,2,0
BRDA:163,11,3,0
BRDA:180,12,0,0
BRDA:180,12,1,0
BRDA:206,13,0,0
BRDA:206,13,1,0
BRF:38
BRH:0
end_of_record
TN:
SF:src/components/ErrorHandler.tsx
FN:32,(anonymous_0)
FN:41,(anonymous_1)
FN:56,(anonymous_2)
FN:71,(anonymous_3)
FN:220,(anonymous_4)
FN:239,(anonymous_5)
FN:263,(anonymous_6)
FN:285,(anonymous_7)
FNF:8
FNH:0
FNDA:0,(anonymous_0)
FNDA:0,(anonymous_1)
FNDA:0,(anonymous_2)
FNDA:0,(anonymous_3)
FNDA:0,(anonymous_4)
FNDA:0,(anonymous_5)
FNDA:0,(anonymous_6)
FNDA:0,(anonymous_7)
DA:3,0
DA:4,0
DA:5,0
DA:15,0
DA:32,0
DA:39,0
DA:41,0
DA:42,0
DA:44,0
DA:46,0
DA:48,0
DA:50,0
DA:52,0
DA:56,0
DA:57,0
DA:59,0
DA:61,0
DA:63,0
DA:65,0
DA:67,0
DA:71,0
DA:72,0
DA:74,0
DA:100,0
DA:135,0
DA:159,0
DA:194,0
DA:220,0
DA:221,0
DA:237,0
DA:238,0
DA:239,0
DA:259,0
DA:263,0
DA:268,0
DA:276,0
DA:285,0
DA:286,0
DA:287,0
DA:294,0
DA:295,0
DA:301,0
DA:302,0
DA:308,0
DA:309,0
DA:315,0
DA:321,0
LF:47
LH:0
BRDA:37,0,0,0
BRDA:39,1,0,0
BRDA:39,1,1,0
BRDA:42,2,0,0
BRDA:42,2,1,0
BRDA:42,2,2,0
BRDA:42,2,3,0
BRDA:42,2,4,0
BRDA:57,3,0,0
BRDA:57,3,1,0
BRDA:57,3,2,0
BRDA:57,3,3,0
BRDA:57,3,4,0
BRDA:72,4,0,0
BRDA:72,4,1,0
BRDA:72,4,2,0
BRDA:72,4,3,0
BRDA:72,4,4,0
BRDA:76,5,0,0
BRDA:76,5,1,0
BRDA:86,6,0,0
BRDA:86,6,1,0
BRDA:102,7,0,0
BRDA:102,7,1,0
BRDA:121,8,0,0
BRDA:121,8,1,0
BRDA:145,9,0,0
BRDA:145,9,1,0
BRDA:161,10,0,0
BRDA:161,10,1,0
BRDA:180,11,0,0
BRDA:180,11,1,0
BRDA:196,12,0,0
BRDA:196,12,1,0
BRDA:205,13,0,0
BRDA:205,13,1,0
BRDA:237,14,0,0
BRDA:237,14,1,0
BRDA:277,15,0,0
BRDA:277,15,1,0
BRDA:286,16,0,0
BRDA:286,16,1,0
BRDA:289,17,0,0
BRDA:289,17,1,0
BRDA:294,18,0,0
BRDA:294,18,1,0
BRDA:301,19,0,0
BRDA:301,19,1,0
BRDA:308,20,0,0
BRDA:308,20,1,0
BRDA:317,21,0,0
BRDA:317,21,1,0
BRF:52
BRH:0
end_of_record
TN:
SF:src/components/GlobalSearch.tsx
FN:15,(anonymous_0)
FN:29,(anonymous_1)
FN:36,(anonymous_2)
FN:37,(anonymous_3)
FN:49,(anonymous_4)
FN:63,(anonymous_5)
FN:74,(anonymous_6)
FN:78,(anonymous_7)
FN:110,(anonymous_8)
FN:115,(anonymous_9)
FNF:10
FNH:0
FNDA:0,(anonymous_0)
FNDA:0,(anonymous_1)
FNDA:0,(anonymous_2)
FNDA:0,(anonymous_3)
FNDA:0,(anonymous_4)
FNDA:0,(anonymous_5)
FNDA:0,(anonymous_6)
FNDA:0,(anonymous_7)
FNDA:0,(anonymous_8)
FNDA:0,(anonymous_9)
DA:2,0
DA:3,0
DA:4,0
DA:5,0
DA:6,0
DA:15,0
DA:16,0
DA:17,0
DA:19,0
DA:28,0
DA:30,0
DA:36,0
DA:37,0
DA:38,0
DA:39,0
DA:40,0
DA:42,0
DA:43,0
DA:44,0
DA:48,0
DA:49,0
DA:52,0
DA:54,0
DA:63,0
DA:75,0
DA:79,0
DA:80,0
DA:81,0
DA:111,0
DA:115,0
DA:129,0
LF:31
LH:0
BRDA:28,0,0,0
BRDA:28,0,1,0
BRDA:30,1,0,0
BRDA:30,1,1,0
BRDA:30,1,2,0
BRDA:38,2,0,0
BRDA:38,2,1,0
BRDA:38,3,0,0
BRDA:38,3,1,0
BRDA:38,3,2,0
BRDA:42,4,0,0
BRDA:42,4,1,0
BRDA:52,5,0,0
BRDA:52,5,1,0
BRDA:70,6,0,0
BRDA:70,6,1,0
BRDA:72,7,0,0
BRDA:72,7,1,0
BRDA:106,8,0,0
BRDA:106,8,1,0
BRF:20
BRH:0
end_of_record
TN:
SF:src/components/ImpactEffortMatrix.tsx
FN:36,(anonymous_0)
FN:45,(anonymous_1)
FN:46,(anonymous_2)
FN:54,(anonymous_3)
FN:55,(anonymous_4)
FN:60,(anonymous_5)
FN:68,(anonymous_6)
FN:76,(anonymous_7)
FN:87,(anonymous_8)
FN:98,(anonymous_9)
FN:109,(anonymous_10)
FN:147,(anonymous_11)
FN:151,(anonymous_12)
FN:162,(anonymous_13)
FN:185,(anonymous_14)
FN:194,(anonymous_15)
FN:203,(anonymous_16)
FN:213,(anonymous_17)
FN:297,(anonymous_18)
FN:313,(anonymous_19)
FN:314,(anonymous_20)
FN:315,(anonymous_21)
FN:403,(anonymous_22)
FN:417,(anonymous_23)
FN:431,(anonymous_24)
FN:445,(anonymous_25)
FNF:26
FNH:0
FNDA:0,(anonymous_0)
FNDA:0,(anonymous_1)
FNDA:0,(anonymous_2)
FNDA:0,(anonymous_3)
FNDA:0,(anonymous_4)
FNDA:0,(anonymous_5)
FNDA:0,(anonymous_6)
FNDA:0,(anonymous_7)
FNDA:0,(anonymous_8)
FNDA:0,(anonymous_9)
FNDA:0,(anonymous_10)
FNDA:0,(anonymous_11)
FNDA:0,(anonymous_12)
FNDA:0,(anonymous_13)
FNDA:0,(anonymous_14)
FNDA:0,(anonymous_15)
FNDA:0,(anonymous_16)
FNDA:0,(anonymous_17)
FNDA:0,(anonymous_18)
FNDA:0,(anonymous_19)
FNDA:0,(anonymous_20)
FNDA:0,(anonymous_21)
FNDA:0,(anonymous_22)
FNDA:0,(anonymous_23)
FNDA:0,(anonymous_24)
FNDA:0,(anonymous_25)
DA:1,0
DA:2,0
DA:3,0
DA:5,0
DA:36,0
DA:40,0
DA:41,0
DA:42,0
DA:45,0
DA:46,0
DA:47,0
DA:48,0
DA:49,0
DA:54,0
DA:55,0
DA:56,0
DA:60,0
DA:62,0
DA:63,0
DA:64,0
DA:68,0
DA:69,0
DA:70,0
DA:71,0
DA:72,0
DA:76,0
DA:77,0
DA:78,0
DA:79,0
DA:80,0
DA:81,0
DA:82,0
DA:87,0
DA:88,0
DA:89,0
DA:90,0
DA:91,0
DA:92,0
DA:93,0
DA:98,0
DA:99,0
DA:100,0
DA:101,0
DA:102,0
DA:103,0
DA:104,0
DA:109,0
DA:110,0
DA:111,0
DA:112,0
DA:113,0
DA:114,0
DA:115,0
DA:119,0
DA:147,0
DA:152,0
DA:162,0
DA:186,0
DA:195,0
DA:204,0
DA:205,0
DA:214,0
DA:215,0
DA:298,0
DA:299,0
DA:300,0
DA:302,0
DA:313,0
DA:314,0
DA:315,0
DA:403,0
DA:417,0
DA:431,0
DA:445,0
DA:457,0
LF:75
LH:0
BRDA:47,0,0,0
BRDA:47,0,1,0
BRDA:48,1,0,0
BRDA:48,1,1,0
BRDA:49,2,0,0
BRDA:49,2,1,0
BRDA:69,3,0,0
BRDA:69,3,1,0
BRDA:69,4,0,0
BRDA:69,4,1,0
BRDA:70,5,0,0
BRDA:70,5,1,0
BRDA:70,6,0,0
BRDA:70,6,1,0
BRDA:71,7,0,0
BRDA:71,7,1,0
BRDA:71,8,0,0
BRDA:71,8,1,0
BRDA:77,9,0,0
BRDA:77,9,1,0
BRDA:77,9,2,0
BRDA:77,9,3,0
BRDA:77,9,4,0
BRDA:88,10,0,0
BRDA:88,10,1,0
BRDA:88,10,2,0
BRDA:88,10,3,0
BRDA:88,10,4,0
BRDA:99,11,0,0
BRDA:99,11,1,0
BRDA:99,11,2,0
BRDA:99,11,3,0
BRDA:99,11,4,0
BRDA:110,12,0,0
BRDA:110,12,1,0
BRDA:110,12,2,0
BRDA:110,12,3,0
BRDA:110,12,4,0
BRDA:204,13,0,0
BRDA:204,13,1,0
BRDA:214,14,0,0
BRDA:214,14,1,0
BRDA:306,15,0,0
BRDA:306,15,1,0
BRDA:320,16,0,0
BRDA:320,16,1,0
BRDA:325,17,0,0
BRDA:325,17,1,0
BRF:48
BRH:0
end_of_record
TN:
SF:src/components/ProtectedRoute.tsx
FN:10,ProtectedRoute
FN:47,AdminRoute
FNF:2
FNH:0
FNDA:0,ProtectedRoute
FNDA:0,AdminRoute
DA:2,0
DA:3,0
DA:4,0
DA:10,0
DA:11,0
DA:12,0
DA:14,0
DA:21,0
DA:22,0
DA:23,0
DA:33,0
DA:34,0
DA:36,0
DA:39,0
DA:40,0
DA:47,0
DA:48,0
DA:49,0
DA:51,0
DA:52,0
DA:62,0
DA:63,0
DA:67,0
DA:68,0
DA:69,0
DA:70,0
DA:73,0
LF:27
LH:0
BRDA:17,0,0,0
BRDA:17,0,1,0
BRDA:21,1,0,0
BRDA:21,1,1,0
BRDA:33,2,0,0
BRDA:33,2,1,0
BRDA:51,3,0,0
BRDA:51,3,1,0
BRDA:62,4,0,0
BRDA:62,4,1,0
BRDA:67,5,0,0
BRDA:67,5,1,0
BRDA:68,6,0,0
BRDA:68,6,1,0
BRDA:68,6,2,0
BRDA:68,6,3,0
BRDA:69,7,0,0
BRDA:69,7,1,0
BRF:18
BRH:0
end_of_record
TN:
SF:src/components/RecommendationsPanel.tsx
FN:12,(anonymous_0)
FN:52,(anonymous_1)
FN:63,(anonymous_2)
FN:92,(anonymous_3)
FN:159,(anonymous_4)
FN:199,(anonymous_5)
FNF:6
FNH:0
FNDA:0,(anonymous_0)
FNDA:0,(anonymous_1)
FNDA:0,(anonymous_2)
FNDA:0,(anonymous_3)
FNDA:0,(anonymous_4)
FNDA:0,(anonymous_5)
DA:2,0
DA:3,0
DA:4,0
DA:5,0
DA:6,0
DA:12,0
DA:13,0
DA:15,0
DA:45,0
DA:52,0
DA:53,0
DA:55,0
DA:57,0
DA:59,0
DA:63,0
DA:64,0
DA:66,0
DA:68,0
DA:70,0
DA:74,0
DA:93,0
DA:160,0
DA:200,0
DA:224,0
LF:24
LH:0
BRDA:13,0,0,0
BRDA:13,0,1,0
BRDA:53,1,0,0
BRDA:53,1,1,0
BRDA:53,1,2,0
BRDA:64,2,0,0
BRDA:64,2,1,0
BRDA:64,2,2,0
BRDA:201,3,0,0
BRDA:201,3,1,0
BRDA:202,4,0,0
BRDA:202,4,1,0
BRDA:206,5,0,0
BRDA:206,5,1,0
BRDA:207,6,0,0
BRDA:207,6,1,0
BRDA:211,7,0,0
BRDA:211,7,1,0
BRDA:212,8,0,0
BRDA:212,8,1,0
BRF:20
BRH:0
end_of_record
TN:
SF:src/components/SourcesAnalytics.tsx
FN:123,SourcesAnalytics
FN:139,(anonymous_1)
FN:151,(anonymous_2)
FN:181,(anonymous_3)
FN:213,(anonymous_4)
FN:223,(anonymous_5)
FN:226,(anonymous_6)
FN:258,(anonymous_7)
FNF:8
FNH:0
FNDA:0,SourcesAnalytics
FNDA:0,(anonymous_1)
FNDA:0,(anonymous_2)
FNDA:0,(anonymous_3)
FNDA:0,(anonymous_4)
FNDA:0,(anonymous_5)
FNDA:0,(anonymous_6)
FNDA:0,(anonymous_7)
DA:1,0
DA:2,0
DA:8,0
DA:9,0
DA:10,0
DA:20,0
DA:23,0
DA:35,0
DA:111,0
DA:123,0
DA:124,0
DA:126,0
DA:139,0
DA:151,0
DA:182,0
DA:213,0
DA:223,0
DA:227,0
DA:259,0
LF:19
LH:0
BRDA:137,0,0,0
BRDA:137,0,1,0
BRDA:141,1,0,0
BRDA:141,1,1,0
BRDA:149,2,0,0
BRDA:149,2,1,0
BRDA:153,3,0,0
BRDA:153,3,1,0
BRF:8
BRH:0
end_of_record
TN:
SF:src/components/ThemeToggle.tsx
FN:6,ThemeToggle
FN:14,(anonymous_1)
FN:23,(anonymous_2)
FN:42,ThemeToggleSimple
FN:49,(anonymous_4)
FNF:5
FNH:0
FNDA:0,ThemeToggle
FNDA:0,(anonymous_1)
FNDA:0,(anonymous_2)
FNDA:0,ThemeToggleSimple
FNDA:0,(anonymous_4)
DA:2,0
DA:3,0
DA:4,0
DA:6,0
DA:7,0
DA:9,0
DA:14,0
DA:23,0
DA:42,0
DA:43,0
DA:45,0
DA:49,0
LF:12
LH:0
BRDA:12,0,0,0
BRDA:12,0,1,0
BRDA:21,1,0,0
BRDA:21,1,1,0
BRDA:49,2,0,0
BRDA:49,2,1,0
BRDA:52,3,0,0
BRDA:52,3,1,0
BRF:8
BRH:0
end_of_record
TN:
SF:src/components/UsageLimits.tsx
FN:14,(anonymous_0)
FNF:1
FNH:0
FNDA:0,(anonymous_0)
DA:2,0
DA:3,0
DA:4,0
DA:5,0
DA:6,0
DA:7,0
DA:8,0
DA:14,0
DA:15,0
DA:17,0
DA:18,0
DA:21,0
DA:23,0
DA:27,0
DA:31,0
DA:32,0
DA:33,0
DA:35,0
DA:178,0
LF:19
LH:0
BRDA:14,0,0,0
BRDA:17,1,0,0
BRDA:17,1,1,0
BRDA:23,2,0,0
BRDA:23,2,1,0
BRDA:27,3,0,0
BRDA:27,3,1,0
BRDA:31,4,0,0
BRDA:31,4,1,0
BRDA:32,5,0,0
BRDA:32,5,1,0
BRDA:33,6,0,0
BRDA:33,6,1,0
BRDA:49,7,0,0
BRDA:49,7,1,0
BRDA:50,8,0,0
BRDA:50,8,1,0
BRDA:66,9,0,0
BRDA:66,9,1,0
BRDA:73,10,0,0
BRDA:73,10,1,0
BRDA:77,11,0,0
BRDA:77,11,1,0
BRDA:77,12,0,0
BRDA:77,12,1,0
BRDA:79,13,0,0
BRDA:79,13,1,0
BRDA:97,14,0,0
BRDA:97,14,1,0
BRDA:104,15,0,0
BRDA:104,15,1,0
BRDA:108,16,0,0
BRDA:108,16,1,0
BRDA:108,17,0,0
BRDA:108,17,1,0
BRDA:110,18,0,0
BRDA:110,18,1,0
BRDA:121,19,0,0
BRDA:121,19,1,0
BRDA:121,19,2,0
BRDA:121,19,3,0
BRDA:121,19,4,0
BRDA:128,20,0,0
BRDA:128,20,1,0
BRDA:128,21,0,0
BRDA:128,21,1,0
BRDA:134,22,0,0
BRDA:134,22,1,0
BRDA:134,23,0,0
BRDA:134,23,1,0
BRDA:152,24,0,0
BRDA:152,24,1,0
BRF:52
BRH:0
end_of_record
TN:
SF:src/components/competitive-analysis/CompetitiveAnalysisDisplay.tsx
FN:22,(anonymous_0)
FN:126,(anonymous_1)
FN:133,(anonymous_2)
FN:135,(anonymous_3)
FN:138,(anonymous_4)
FN:197,(anonymous_5)
FN:203,(anonymous_6)
FN:209,(anonymous_7)
FN:258,(anonymous_8)
FN:310,(anonymous_9)
FN:311,(anonymous_10)
FN:329,(anonymous_11)
FN:333,(anonymous_12)
FN:338,(anonymous_13)
FN:338,(anonymous_14)
FN:363,(anonymous_15)
FN:373,(anonymous_16)
FN:383,(anonymous_17)
FN:393,(anonymous_18)
FN:418,(anonymous_19)
FN:440,(anonymous_20)
FN:450,(anonymous_21)
FN:460,(anonymous_22)
FN:470,(anonymous_23)
FNF:24
FNH:0
FNDA:0,(anonymous_0)
FNDA:0,(anonymous_1)
FNDA:0,(anonymous_2)
FNDA:0,(anonymous_3)
FNDA:0,(anonymous_4)
FNDA:0,(anonymous_5)
FNDA:0,(anonymous_6)
FNDA:0,(anonymous_7)
FNDA:0,(anonymous_8)
FNDA:0,(anonymous_9)
FNDA:0,(anonymous_10)
FNDA:0,(anonymous_11)
FNDA:0,(anonymous_12)
FNDA:0,(anonymous_13)
FNDA:0,(anonymous_14)
FNDA:0,(anonymous_15)
FNDA:0,(anonymous_16)
FNDA:0,(anonymous_17)
FNDA:0,(anonymous_18)
FNDA:0,(anonymous_19)
FNDA:0,(anonymous_20)
FNDA:0,(anonymous_21)
FNDA:0,(anonymous_22)
FNDA:0,(anonymous_23)
DA:2,0
DA:3,0
DA:4,0
DA:22,0
DA:27,0
DA:28,0
DA:30,0
DA:31,0
DA:42,0
DA:43,0
DA:56,0
DA:57,0
DA:59,0
DA:68,0
DA:69,0
DA:86,0
DA:89,0
DA:91,0
DA:92,0
DA:93,0
DA:94,0
DA:95,0
DA:96,0
DA:97,0
DA:98,0
DA:99,0
DA:100,0
DA:102,0
DA:112,0
DA:113,0
DA:114,0
DA:115,0
DA:116,0
DA:118,0
DA:119,0
DA:120,0
DA:121,0
DA:122,0
DA:126,0
DA:127,0
DA:128,0
DA:129,0
DA:132,0
DA:133,0
DA:134,0
DA:135,0
DA:136,0
DA:138,0
DA:139,0
DA:140,0
DA:141,0
DA:144,0
DA:197,0
DA:203,0
DA:209,0
DA:259,0
DA:260,0
DA:261,0
DA:262,0
DA:263,0
DA:265,0
DA:311,0
DA:312,0
DA:313,0
DA:315,0
DA:329,0
DA:333,0
DA:338,0
DA:339,0
DA:340,0
DA:341,0
DA:364,0
DA:374,0
DA:384,0
DA:394,0
DA:419,0
DA:441,0
DA:451,0
DA:461,0
DA:471,0
DA:487,0
LF:81
LH:0
BRDA:27,0,0,0
BRDA:27,0,1,0
BRDA:30,1,0,0
BRDA:30,1,1,0
BRDA:42,2,0,0
BRDA:42,2,1,0
BRDA:56,3,0,0
BRDA:56,3,1,0
BRDA:56,3,2,0
BRDA:57,4,0,0
BRDA:57,4,1,0
BRDA:68,5,0,0
BRDA:68,5,1,0
BRDA:68,6,0,0
BRDA:68,6,1,0
BRDA:89,7,0,0
BRDA:89,7,1,0
BRDA:91,8,0,0
BRDA:91,8,1,0
BRDA:92,9,0,0
BRDA:92,9,1,0
BRDA:93,10,0,0
BRDA:93,10,1,0
BRDA:94,11,0,0
BRDA:94,11,1,0
BRDA:95,12,0,0
BRDA:95,12,1,0
BRDA:96,13,0,0
BRDA:96,13,1,0
BRDA:97,14,0,0
BRDA:97,14,1,0
BRDA:98,15,0,0
BRDA:98,15,1,0
BRDA:99,16,0,0
BRDA:99,16,1,0
BRDA:99,17,0,0
BRDA:99,17,1,0
BRDA:112,18,0,0
BRDA:112,18,1,0
BRDA:113,19,0,0
BRDA:113,19,1,0
BRDA:114,20,0,0
BRDA:114,20,1,0
BRDA:115,21,0,0
BRDA:115,21,1,0
BRDA:116,22,0,0
BRDA:116,22,1,0
BRDA:118,23,0,0
BRDA:118,23,1,0
BRDA:119,24,0,0
BRDA:119,24,1,0
BRDA:120,25,0,0
BRDA:120,25,1,0
BRDA:121,26,0,0
BRDA:121,26,1,0
BRDA:121,27,0,0
BRDA:121,27,1,0
BRDA:122,28,0,0
BRDA:122,28,1,0
BRDA:127,29,0,0
BRDA:127,29,1,0
BRDA:127,29,2,0
BRDA:128,30,0,0
BRDA:128,30,1,0
BRDA:128,30,2,0
BRDA:132,31,0,0
BRDA:132,31,1,0
BRDA:133,32,0,0
BRDA:133,32,1,0
BRDA:133,32,2,0
BRDA:135,33,0,0
BRDA:135,33,1,0
BRDA:135,33,2,0
BRDA:139,34,0,0
BRDA:139,34,1,0
BRDA:140,35,0,0
BRDA:140,35,1,0
BRDA:147,36,0,0
BRDA:147,36,1,0
BRDA:203,37,0,0
BRDA:203,37,1,0
BRDA:236,38,0,0
BRDA:236,38,1,0
BRDA:259,39,0,0
BRDA:259,39,1,0
BRDA:259,39,2,0
BRDA:260,40,0,0
BRDA:260,40,1,0
BRDA:261,41,0,0
BRDA:261,41,1,0
BRDA:261,41,2,0
BRDA:262,42,0,0
BRDA:262,42,1,0
BRDA:263,43,0,0
BRDA:263,43,1,0
BRDA:263,43,2,0
BRDA:269,44,0,0
BRDA:269,44,1,0
BRDA:270,45,0,0
BRDA:270,45,1,0
BRDA:271,46,0,0
BRDA:271,46,1,0
BRDA:277,47,0,0
BRDA:277,47,1,0
BRDA:287,48,0,0
BRDA:287,48,1,0
BRDA:289,49,0,0
BRDA:289,49,1,0
BRDA:266,50,0,0
BRDA:266,50,1,0
BRDA:300,51,0,0
BRDA:300,51,1,0
BRDA:312,52,0,0
BRDA:312,52,1,0
BRDA:312,52,2,0
BRDA:313,53,0,0
BRDA:313,53,1,0
BRDA:329,54,0,0
BRDA:329,54,1,0
BRDA:329,54,2,0
BRDA:339,55,0,0
BRDA:339,55,1,0
BRDA:339,55,2,0
BRDA:340,56,0,0
BRDA:340,56,1,0
BRDA:345,57,0,0
BRDA:345,57,1,0
BRDA:348,58,0,0
BRDA:348,58,1,0
BRDA:355,59,0,0
BRDA:355,59,1,0
BRDA:359,60,0,0
BRDA:359,60,1,0
BRDA:359,60,2,0
BRDA:369,61,0,0
BRDA:369,61,1,0
BRDA:369,61,2,0
BRDA:379,62,0,0
BRDA:379,62,1,0
BRDA:379,62,2,0
BRDA:389,63,0,0
BRDA:389,63,1,0
BRDA:389,63,2,0
BRDA:342,64,0,0
BRDA:342,64,1,0
BRDA:409,65,0,0
BRDA:409,65,1,0
BRDA:423,66,0,0
BRDA:423,66,1,0
BRDA:425,67,0,0
BRDA:425,67,1,0
BRDA:432,68,0,0
BRDA:432,68,1,0
BRDA:436,69,0,0
BRDA:436,69,1,0
BRDA:436,69,2,0
BRDA:446,70,0,0
BRDA:446,70,1,0
BRDA:446,70,2,0
BRDA:456,71,0,0
BRDA:456,71,1,0
BRDA:456,71,2,0
BRDA:466,72,0,0
BRDA:466,72,1,0
BRDA:466,72,2,0
BRDA:419,73,0,0
BRDA:419,73,1,0
BRF:167
BRH:0
end_of_record
TN:
SF:src/components/competitive-analysis/CompetitiveOverview.tsx
FN:11,(anonymous_0)
FN:12,(anonymous_1)
FN:16,(anonymous_2)
FN:22,(anonymous_3)
FNF:4
FNH:0
FNDA:0,(anonymous_0)
FNDA:0,(anonymous_1)
FNDA:0,(anonymous_2)
FNDA:0,(anonymous_3)
DA:2,0
DA:4,0
DA:5,0
DA:11,0
DA:12,0
DA:13,0
DA:16,0
DA:17,0
DA:18,0
DA:19,0
DA:22,0
DA:23,0
DA:24,0
DA:25,0
DA:28,0
DA:123,0
LF:16
LH:0
BRDA:13,0,0,0
BRDA:13,0,1,0
BRDA:17,1,0,0
BRDA:17,1,1,0
BRDA:18,2,0,0
BRDA:18,2,1,0
BRDA:23,3,0,0
BRDA:23,3,1,0
BRDA:24,4,0,0
BRDA:24,4,1,0
BRDA:109,5,0,0
BRDA:109,5,1,0
BRF:12
BRH:0
end_of_record
TN:
SF:src/components/competitive-analysis/DetailedCompetitiveAnalysis.tsx
FN:36,DetailedCompetitiveAnalysis
FN:44,(anonymous_1)
FN:81,(anonymous_2)
FN:87,(anonymous_3)
FN:96,(anonymous_4)
FN:178,(anonymous_5)
FN:199,(anonymous_6)
FN:213,(anonymous_7)
FN:262,(anonymous_8)
FN:277,(anonymous_9)
FN:291,(anonymous_10)
FNF:11
FNH:0
FNDA:0,DetailedCompetitiveAnalysis
FNDA:0,(anonymous_1)
FNDA:0,(anonymous_2)
FNDA:0,(anonymous_3)
FNDA:0,(anonymous_4)
FNDA:0,(anonymous_5)
FNDA:0,(anonymous_6)
FNDA:0,(anonymous_7)
FNDA:0,(anonymous_8)
FNDA:0,(anonymous_9)
FNDA:0,(anonymous_10)
DA:1,0
DA:2,0
DA:3,0
DA:4,0
DA:40,0
DA:41,0
DA:45,0
DA:63,0
DA:64,0
DA:65,0
DA:67,0
DA:68,0
DA:69,0
DA:81,0
DA:82,0
DA:83,0
DA:84,0
DA:87,0
DA:88,0
DA:89,0
DA:90,0
DA:93,0
DA:97,0
DA:179,0
DA:200,0
DA:214,0
DA:263,0
DA:278,0
DA:292,0
DA:309,0
LF:30
LH:0
BRDA:38,0,0,0
BRDA:40,1,0,0
BRDA:40,1,1,0
BRDA:67,2,0,0
BRDA:67,2,1,0
BRDA:67,3,0,0
BRDA:67,3,1,0
BRDA:81,4,0,0
BRDA:82,5,0,0
BRDA:82,5,1,0
BRDA:83,6,0,0
BRDA:83,6,1,0
BRDA:88,7,0,0
BRDA:88,7,1,0
BRDA:89,8,0,0
BRDA:89,8,1,0
BRDA:121,9,0,0
BRDA:121,9,1,0
BRDA:123,10,0,0
BRDA:123,10,1,0
BRDA:131,11,0,0
BRDA:131,11,1,0
BRDA:133,12,0,0
BRDA:133,12,1,0
BRDA:141,13,0,0
BRDA:141,13,1,0
BRDA:150,14,0,0
BRDA:150,14,1,0
BRDA:159,15,0,0
BRDA:159,15,1,0
BRDA:174,16,0,0
BRDA:174,16,1,0
BRDA:174,16,2,0
BRDA:195,17,0,0
BRDA:195,17,1,0
BRDA:195,17,2,0
BRDA:209,18,0,0
BRDA:209,18,1,0
BRDA:209,18,2,0
BRDA:223,19,0,0
BRDA:223,19,1,0
BRDA:232,20,0,0
BRDA:232,20,1,0
BRDA:232,20,2,0
BRDA:258,21,0,0
BRDA:258,21,1,0
BRDA:258,21,2,0
BRDA:273,22,0,0
BRDA:273,22,1,0
BRDA:273,22,2,0
BRDA:287,23,0,0
BRDA:287,23,1,0
BRDA:287,23,2,0
BRF:53
BRH:0
end_of_record
TN:
SF:src/components/competitive-analysis/MetricsComparison.tsx
FN:23,(anonymous_0)
FN:27,(anonymous_1)
FN:42,(anonymous_2)
FN:46,(anonymous_3)
FN:50,(anonymous_4)
FN:57,(anonymous_5)
FN:72,(anonymous_6)
FN:84,(anonymous_7)
FN:187,(anonymous_8)
FNF:9
FNH:0
FNDA:0,(anonymous_0)
FNDA:0,(anonymous_1)
FNDA:0,(anonymous_2)
FNDA:0,(anonymous_3)
FNDA:0,(anonymous_4)
FNDA:0,(anonymous_5)
FNDA:0,(anonymous_6)
FNDA:0,(anonymous_7)
FNDA:0,(anonymous_8)
DA:1,0
DA:2,0
DA:4,0
DA:5,0
DA:6,0
DA:17,0
DA:23,0
DA:24,0
DA:25,0
DA:27,0
DA:28,0
DA:30,0
DA:32,0
DA:34,0
DA:36,0
DA:38,0
DA:42,0
DA:43,0
DA:46,0
DA:47,0
DA:50,0
DA:51,0
DA:52,0
DA:53,0
DA:54,0
DA:57,0
DA:59,0
DA:73,0
DA:85,0
DA:187,0
DA:254,0
LF:31
LH:0
BRDA:24,0,0,0
BRDA:24,0,1,0
BRDA:28,1,0,0
BRDA:28,1,1,0
BRDA:28,1,2,0
BRDA:28,1,3,0
BRDA:28,1,4,0
BRDA:50,2,0,0
BRDA:51,3,0,0
BRDA:51,3,1,0
BRDA:52,4,0,0
BRDA:52,4,1,0
BRDA:53,5,0,0
BRDA:53,5,1,0
BRDA:176,6,0,0
BRDA:176,6,1,0
BRDA:189,7,0,0
BRDA:189,7,1,0
BRDA:203,8,0,0
BRDA:203,8,1,0
BRF:20
BRH:0
end_of_record
TN:
SF:src/components/competitive-analysis/SWOTAnalysis.tsx
FN:20,(anonymous_0)
FN:50,(anonymous_1)
FN:79,(anonymous_2)
FN:101,(anonymous_3)
FN:123,(anonymous_4)
FNF:5
FNH:0
FNDA:0,(anonymous_0)
FNDA:0,(anonymous_1)
FNDA:0,(anonymous_2)
FNDA:0,(anonymous_3)
FNDA:0,(anonymous_4)
DA:2,0
DA:3,0
DA:4,0
DA:20,0
DA:21,0
DA:51,0
DA:80,0
DA:102,0
DA:124,0
DA:179,0
LF:10
LH:0
BRDA:56,0,0,0
BRDA:56,0,1,0
BRF:2
BRH:0
end_of_record
TN:
SF:src/components/competitive-analysis/StrategicRecommendations.tsx
FN:22,(anonymous_0)
FN:26,(anonymous_1)
FN:36,(anonymous_2)
FN:47,(anonymous_3)
FN:58,(anonymous_4)
FN:93,(anonymous_5)
FN:98,(anonymous_6)
FN:130,(anonymous_7)
FN:181,(anonymous_8)
FNF:9
FNH:0
FNDA:0,(anonymous_0)
FNDA:0,(anonymous_1)
FNDA:0,(anonymous_2)
FNDA:0,(anonymous_3)
FNDA:0,(anonymous_4)
FNDA:0,(anonymous_5)
FNDA:0,(anonymous_6)
FNDA:0,(anonymous_7)
FNDA:0,(anonymous_8)
DA:1,0
DA:2,0
DA:3,0
DA:4,0
DA:5,0
DA:22,0
DA:23,0
DA:24,0
DA:26,0
DA:27,0
DA:28,0
DA:29,0
DA:31,0
DA:33,0
DA:36,0
DA:37,0
DA:44,0
DA:47,0
DA:48,0
DA:55,0
DA:58,0
DA:59,0
DA:66,0
DA:69,0
DA:94,0
DA:98,0
DA:131,0
DA:181,0
DA:227,0
LF:29
LH:0
BRDA:28,0,0,0
BRDA:28,0,1,0
BRDA:114,1,0,0
BRDA:114,1,1,0
BRDA:123,2,0,0
BRDA:123,2,1,0
BRDA:148,3,0,0
BRDA:148,3,1,0
BRDA:148,4,0,0
BRDA:148,4,1,0
BRDA:154,5,0,0
BRDA:154,5,1,0
BRDA:160,6,0,0
BRDA:160,6,1,0
BRDA:160,7,0,0
BRDA:160,7,1,0
BRDA:183,8,0,0
BRDA:183,8,1,0
BRDA:197,9,0,0
BRDA:197,9,1,0
BRF:20
BRH:0
end_of_record
TN:
SF:src/components/llmo-report/AudienceSection.tsx
FN:14,(anonymous_0)
FN:54,(anonymous_1)
FN:65,(anonymous_2)
FN:145,(anonymous_3)
FNF:4
FNH:0
FNDA:0,(anonymous_0)
FNDA:0,(anonymous_1)
FNDA:0,(anonymous_2)
FNDA:0,(anonymous_3)
DA:3,0
DA:4,0
DA:14,0
DA:15,0
DA:16,0
DA:31,0
DA:55,0
DA:65,0
DA:66,0
DA:145,0
DA:146,0
DA:167,0
DA:170,0
DA:176,0
LF:14
LH:0
BRDA:15,0,0,0
BRDA:15,0,1,0
BRDA:15,1,0,0
BRDA:15,1,1,0
BRDA:43,2,0,0
BRDA:43,2,1,0
BRDA:49,3,0,0
BRDA:49,3,1,0
BRDA:78,4,0,0
BRDA:78,4,1,0
BRDA:87,5,0,0
BRDA:87,5,1,0
BRDA:96,6,0,0
BRDA:96,6,1,0
BRDA:105,7,0,0
BRDA:105,7,1,0
BRDA:115,8,0,0
BRDA:115,8,1,0
BRDA:115,8,2,0
BRDA:115,8,3,0
BRDA:170,9,0,0
BRDA:170,9,1,0
BRDA:170,9,2,0
BRDA:170,9,3,0
BRDA:170,9,4,0
BRDA:187,10,0,0
BRDA:187,10,1,0
BRF:27
BRH:0
end_of_record
TN:
SF:src/components/llmo-report/LLMOReportDisplay.tsx
FN:23,(anonymous_0)
FN:176,(anonymous_1)
FN:253,getTotalSectionsWithData
FN:263,hasAnyData
FNF:4
FNH:0
FNDA:0,(anonymous_0)
FNDA:0,(anonymous_1)
FNDA:0,getTotalSectionsWithData
FNDA:0,hasAnyData
DA:3,0
DA:5,0
DA:6,0
DA:7,0
DA:8,0
DA:9,0
DA:10,0
DA:12,0
DA:23,0
DA:28,0
DA:30,0
DA:31,0
DA:46,0
DA:177,0
DA:254,0
DA:255,0
DA:256,0
DA:257,0
DA:258,0
DA:259,0
DA:260,0
DA:264,0
LF:22
LH:0
BRDA:25,0,0,0
BRDA:30,1,0,0
BRDA:30,1,1,0
BRDA:164,2,0,0
BRDA:164,2,1,0
BRDA:196,3,0,0
BRDA:196,3,1,0
BRDA:203,4,0,0
BRDA:203,4,1,0
BRDA:210,5,0,0
BRDA:210,5,1,0
BRDA:217,6,0,0
BRDA:217,6,1,0
BRDA:224,7,0,0
BRDA:224,7,1,0
BRDA:232,8,0,0
BRDA:232,8,1,0
BRDA:255,9,0,0
BRDA:255,9,1,0
BRDA:256,10,0,0
BRDA:256,10,1,0
BRDA:257,11,0,0
BRDA:257,11,1,0
BRDA:258,12,0,0
BRDA:258,12,1,0
BRDA:259,13,0,0
BRDA:259,13,1,0
BRDA:265,14,0,0
BRDA:265,14,1,0
BRDA:265,14,2,0
BRDA:265,14,3,0
BRDA:265,14,4,0
BRF:32
BRH:0
end_of_record
TN:
SF:src/components/llmo-report/PerceptionSection.tsx
FN:14,(anonymous_0)
FN:54,(anonymous_1)
FN:65,(anonymous_2)
FN:162,(anonymous_3)
FNF:4
FNH:0
FNDA:0,(anonymous_0)
FNDA:0,(anonymous_1)
FNDA:0,(anonymous_2)
FNDA:0,(anonymous_3)
DA:3,0
DA:4,0
DA:14,0
DA:15,0
DA:16,0
DA:31,0
DA:55,0
DA:65,0
DA:66,0
DA:162,0
DA:163,0
DA:190,0
DA:192,0
LF:13
LH:0
BRDA:15,0,0,0
BRDA:15,0,1,0
BRDA:15,1,0,0
BRDA:15,1,1,0
BRDA:43,2,0,0
BRDA:43,2,1,0
BRDA:49,3,0,0
BRDA:49,3,1,0
BRDA:78,4,0,0
BRDA:78,4,1,0
BRDA:87,5,0,0
BRDA:87,5,1,0
BRDA:96,6,0,0
BRDA:96,6,1,0
BRDA:105,7,0,0
BRDA:105,7,1,0
BRDA:116,8,0,0
BRDA:116,8,1,0
BRDA:133,9,0,0
BRDA:133,9,1,0
BRF:20
BRH:0
end_of_record
TN:
SF:src/components/llmo-report/RecommendationSection.tsx
FN:13,(anonymous_0)
FN:26,(anonymous_1)
FN:58,(anonymous_2)
FN:69,(anonymous_3)
FN:149,(anonymous_4)
FN:167,getScoreColor
FN:174,getScoreBarColor
FNF:7
FNH:0
FNDA:0,(anonymous_0)
FNDA:0,(anonymous_1)
FNDA:0,(anonymous_2)
FNDA:0,(anonymous_3)
FNDA:0,(anonymous_4)
FNDA:0,getScoreColor
FNDA:0,getScoreBarColor
DA:3,0
DA:13,0
DA:14,0
DA:15,0
DA:25,0
DA:26,0
DA:29,0
DA:59,0
DA:69,0
DA:70,0
DA:150,0
DA:168,0
DA:169,0
DA:170,0
DA:171,0
DA:175,0
DA:176,0
DA:177,0
DA:178,0
LF:19
LH:0
BRDA:14,0,0,0
BRDA:14,0,1,0
BRDA:14,1,0,0
BRDA:14,1,1,0
BRDA:41,2,0,0
BRDA:41,2,1,0
BRDA:100,3,0,0
BRDA:100,3,1,0
BRDA:116,4,0,0
BRDA:116,4,1,0
BRDA:128,5,0,0
BRDA:128,5,1,0
BRDA:142,6,0,0
BRDA:142,6,1,0
BRDA:142,6,2,0
BRDA:168,7,0,0
BRDA:168,7,1,0
BRDA:169,8,0,0
BRDA:169,8,1,0
BRDA:170,9,0,0
BRDA:170,9,1,0
BRDA:175,10,0,0
BRDA:175,10,1,0
BRDA:176,11,0,0
BRDA:176,11,1,0
BRDA:177,12,0,0
BRDA:177,12,1,0
BRF:27
BRH:0
end_of_record
TN:
SF:src/components/llmo-report/SemanticSection.tsx
FN:13,(anonymous_0)
FN:26,(anonymous_1)
FN:58,(anonymous_2)
FN:69,(anonymous_3)
FN:77,(anonymous_4)
FN:97,(anonymous_5)
FN:126,(anonymous_6)
FN:149,(anonymous_7)
FN:185,getScoreColor
FN:192,getScoreBarColor
FNF:10
FNH:0
FNDA:0,(anonymous_0)
FNDA:0,(anonymous_1)
FNDA:0,(anonymous_2)
FNDA:0,(anonymous_3)
FNDA:0,(anonymous_4)
FNDA:0,(anonymous_5)
FNDA:0,(anonymous_6)
FNDA:0,(anonymous_7)
FNDA:0,getScoreColor
FNDA:0,getScoreBarColor
DA:3,0
DA:13,0
DA:14,0
DA:15,0
DA:25,0
DA:26,0
DA:29,0
DA:59,0
DA:69,0
DA:70,0
DA:77,0
DA:79,0
DA:98,0
DA:127,0
DA:149,0
DA:150,0
DA:159,0
DA:161,0
DA:186,0
DA:187,0
DA:188,0
DA:189,0
DA:193,0
DA:194,0
DA:195,0
DA:196,0
LF:26
LH:0
BRDA:14,0,0,0
BRDA:14,0,1,0
BRDA:14,1,0,0
BRDA:14,1,1,0
BRDA:41,2,0,0
BRDA:41,2,1,0
BRDA:95,3,0,0
BRDA:95,3,1,0
BRDA:104,4,0,0
BRDA:104,4,1,0
BRDA:119,5,0,0
BRDA:119,5,1,0
BRDA:119,5,2,0
BRDA:159,6,0,0
BRDA:159,6,1,0
BRDA:186,7,0,0
BRDA:186,7,1,0
BRDA:187,8,0,0
BRDA:187,8,1,0
BRDA:188,9,0,0
BRDA:188,9,1,0
BRDA:193,10,0,0
BRDA:193,10,1,0
BRDA:194,11,0,0
BRDA:194,11,1,0
BRDA:195,12,0,0
BRDA:195,12,1,0
BRF:27
BRH:0
end_of_record
TN:
SF:src/components/llmo-report/StatsCard.tsx
FN:18,(anonymous_0)
FNF:1
FNH:0
FNDA:0,(anonymous_0)
DA:18,0
DA:26,0
DA:35,0
LF:3
LH:0
BRDA:24,0,0,0
BRDA:42,1,0,0
BRDA:42,1,1,0
BRDA:44,2,0,0
BRDA:44,2,1,0
BRDA:46,3,0,0
BRDA:46,3,1,0
BRDA:46,4,0,0
BRDA:46,4,1,0
BRDA:55,5,0,0
BRDA:55,5,1,0
BRF:11
BRH:0
end_of_record
TN:
SF:src/components/llmo-report/StrategicSection.tsx
FN:13,(anonymous_0)
FN:42,(anonymous_1)
FN:53,(anonymous_2)
FN:89,(anonymous_3)
FN:109,(anonymous_4)
FN:147,(anonymous_5)
FNF:6
FNH:0
FNDA:0,(anonymous_0)
FNDA:0,(anonymous_1)
FNDA:0,(anonymous_2)
FNDA:0,(anonymous_3)
FNDA:0,(anonymous_4)
FNDA:0,(anonymous_5)
DA:3,0
DA:13,0
DA:14,0
DA:15,0
DA:25,0
DA:43,0
DA:53,0
DA:54,0
DA:90,0
DA:110,0
DA:147,0
DA:148,0
DA:163,0
DA:165,0
LF:14
LH:0
BRDA:14,0,0,0
BRDA:14,0,1,0
BRDA:14,1,0,0
BRDA:14,1,1,0
BRDA:36,2,0,0
BRDA:36,2,1,0
BRDA:65,3,0,0
BRDA:65,3,1,0
BRDA:82,4,0,0
BRDA:82,4,1,0
BRDA:82,4,2,0
BRDA:102,5,0,0
BRDA:102,5,1,0
BRDA:102,5,2,0
BRDA:123,6,0,0
BRDA:123,6,1,0
BRDA:174,7,0,0
BRDA:174,7,1,0
BRF:18
BRH:0
end_of_record
TN:
SF:src/components/llmo-report/index.ts
FN:2,(anonymous_0)
FN:3,(anonymous_1)
FN:4,(anonymous_2)
FN:5,(anonymous_3)
FN:6,(anonymous_4)
FN:7,(anonymous_5)
FN:8,(anonymous_6)
FN:23,(anonymous_7)
FNF:8
FNH:0
FNDA:0,(anonymous_0)
FNDA:0,(anonymous_1)
FNDA:0,(anonymous_2)
FNDA:0,(anonymous_3)
FNDA:0,(anonymous_4)
FNDA:0,(anonymous_5)
FNDA:0,(anonymous_6)
FNDA:0,(anonymous_7)
DA:2,0
DA:3,0
DA:4,0
DA:5,0
DA:6,0
DA:7,0
DA:8,0
DA:23,0
LF:8
LH:0
BRF:0
BRH:0
end_of_record
TN:
SF:src/components/reports/ReportDetails.tsx
FN:12,(anonymous_0)
FN:15,(anonymous_1)
FN:24,(anonymous_2)
FN:192,(anonymous_3)
FN:196,(anonymous_4)
FN:231,(anonymous_5)
FN:247,(anonymous_6)
FN:286,(anonymous_7)
FNF:8
FNH:0
FNDA:0,(anonymous_0)
FNDA:0,(anonymous_1)
FNDA:0,(anonymous_2)
FNDA:0,(anonymous_3)
FNDA:0,(anonymous_4)
FNDA:0,(anonymous_5)
FNDA:0,(anonymous_6)
FNDA:0,(anonymous_7)
DA:1,0
DA:2,0
DA:3,0
DA:4,0
DA:5,0
DA:12,0
DA:13,0
DA:15,0
DA:16,0
DA:17,0
DA:18,0
DA:19,0
DA:20,0
DA:24,0
DA:25,0
DA:26,0
DA:27,0
DA:31,0
DA:32,0
DA:45,0
DA:48,0
DA:159,0
DA:193,0
DA:196,0
DA:232,0
DA:248,0
DA:287,0
DA:336,0
LF:28
LH:0
BRDA:16,0,0,0
BRDA:16,0,1,0
BRDA:16,0,2,0
BRDA:16,0,3,0
BRDA:25,1,0,0
BRDA:25,1,1,0
BRDA:26,2,0,0
BRDA:26,2,1,0
BRDA:31,3,0,0
BRDA:31,3,1,0
BRDA:50,4,0,0
BRDA:50,4,1,0
BRDA:55,5,0,0
BRDA:55,5,1,0
BRDA:55,6,0,0
BRDA:55,6,1,0
BRDA:56,7,0,0
BRDA:56,7,1,0
BRDA:56,8,0,0
BRDA:56,8,1,0
BRDA:57,9,0,0
BRDA:57,9,1,0
BRDA:77,10,0,0
BRDA:77,10,1,0
BRDA:82,11,0,0
BRDA:82,11,1,0
BRDA:82,12,0,0
BRDA:82,12,1,0
BRDA:83,13,0,0
BRDA:83,13,1,0
BRDA:83,14,0,0
BRDA:83,14,1,0
BRDA:84,15,0,0
BRDA:84,15,1,0
BRDA:88,16,0,0
BRDA:88,16,1,0
BRDA:88,17,0,0
BRDA:88,17,1,0
BRDA:93,18,0,0
BRDA:93,18,1,0
BRDA:93,19,0,0
BRDA:93,19,1,0
BRDA:104,20,0,0
BRDA:104,20,1,0
BRDA:109,21,0,0
BRDA:109,21,1,0
BRDA:109,22,0,0
BRDA:109,22,1,0
BRDA:110,23,0,0
BRDA:110,23,1,0
BRDA:110,24,0,0
BRDA:110,24,1,0
BRDA:111,25,0,0
BRDA:111,25,1,0
BRDA:115,26,0,0
BRDA:115,26,1,0
BRDA:115,27,0,0
BRDA:115,27,1,0
BRDA:120,28,0,0
BRDA:120,28,1,0
BRDA:120,29,0,0
BRDA:120,29,1,0
BRDA:131,30,0,0
BRDA:131,30,1,0
BRDA:136,31,0,0
BRDA:136,31,1,0
BRDA:136,32,0,0
BRDA:136,32,1,0
BRDA:137,33,0,0
BRDA:137,33,1,0
BRDA:137,34,0,0
BRDA:137,34,1,0
BRDA:138,35,0,0
BRDA:138,35,1,0
BRDA:142,36,0,0
BRDA:142,36,1,0
BRDA:142,37,0,0
BRDA:142,37,1,0
BRDA:147,38,0,0
BRDA:147,38,1,0
BRDA:147,39,0,0
BRDA:147,39,1,0
BRDA:177,40,0,0
BRDA:177,40,1,0
BRDA:181,41,0,0
BRDA:181,41,1,0
BRDA:185,42,0,0
BRDA:185,42,1,0
BRDA:196,43,0,0
BRDA:196,43,1,0
BRDA:206,44,0,0
BRDA:206,44,1,0
BRDA:207,45,0,0
BRDA:207,45,1,0
BRDA:211,46,0,0
BRDA:211,46,1,0
BRDA:211,47,0,0
BRDA:211,47,1,0
BRDA:219,48,0,0
BRDA:219,48,1,0
BRDA:227,49,0,0
BRDA:227,49,1,0
BRDA:261,50,0,0
BRDA:261,50,1,0
BRDA:276,51,0,0
BRDA:276,51,1,0
BRDA:298,52,0,0
BRDA:298,52,1,0
BRDA:298,52,2,0
BRDA:305,53,0,0
BRDA:305,53,1,0
BRDA:317,54,0,0
BRDA:317,54,1,0
BRF:113
BRH:0
end_of_record
TN:
SF:src/components/reports/ReportModules.tsx
FN:12,(anonymous_0)
FN:183,(anonymous_1)
FN:193,(anonymous_2)
FN:219,(anonymous_3)
FN:230,(anonymous_4)
FN:250,(anonymous_5)
FN:277,(anonymous_6)
FNF:7
FNH:0
FNDA:0,(anonymous_0)
FNDA:0,(anonymous_1)
FNDA:0,(anonymous_2)
FNDA:0,(anonymous_3)
FNDA:0,(anonymous_4)
FNDA:0,(anonymous_5)
FNDA:0,(anonymous_6)
DA:1,0
DA:2,0
DA:3,0
DA:4,0
DA:5,0
DA:12,0
DA:13,0
DA:16,0
DA:183,0
DA:184,0
DA:185,0
DA:186,0
DA:187,0
DA:188,0
DA:193,0
DA:195,0
DA:196,0
DA:209,0
DA:220,0
DA:230,0
DA:251,0
DA:278,0
DA:298,0
LF:23
LH:0
BRDA:24,0,0,0
BRDA:24,0,1,0
BRDA:26,1,0,0
BRDA:26,1,1,0
BRDA:27,2,0,0
BRDA:27,2,1,0
BRDA:30,3,0,0
BRDA:30,3,1,0
BRDA:31,4,0,0
BRDA:31,4,1,0
BRDA:34,5,0,0
BRDA:34,5,1,0
BRDA:35,6,0,0
BRDA:35,6,1,0
BRDA:38,7,0,0
BRDA:38,7,1,0
BRDA:39,8,0,0
BRDA:39,8,1,0
BRDA:42,9,0,0
BRDA:42,9,1,0
BRDA:43,10,0,0
BRDA:43,10,1,0
BRDA:54,11,0,0
BRDA:54,11,1,0
BRDA:56,12,0,0
BRDA:56,12,1,0
BRDA:57,13,0,0
BRDA:57,13,1,0
BRDA:60,14,0,0
BRDA:60,14,1,0
BRDA:61,15,0,0
BRDA:61,15,1,0
BRDA:64,16,0,0
BRDA:64,16,1,0
BRDA:65,17,0,0
BRDA:65,17,1,0
BRDA:68,18,0,0
BRDA:68,18,1,0
BRDA:69,19,0,0
BRDA:69,19,1,0
BRDA:78,20,0,0
BRDA:78,20,1,0
BRDA:81,21,0,0
BRDA:81,21,1,0
BRDA:84,22,0,0
BRDA:84,22,1,0
BRDA:85,23,0,0
BRDA:85,23,1,0
BRDA:93,24,0,0
BRDA:93,24,1,0
BRDA:96,25,0,0
BRDA:96,25,1,0
BRDA:97,26,0,0
BRDA:97,26,1,0
BRDA:108,27,0,0
BRDA:108,27,1,0
BRDA:110,28,0,0
BRDA:110,28,1,0
BRDA:111,29,0,0
BRDA:111,29,1,0
BRDA:114,30,0,0
BRDA:114,30,1,0
BRDA:115,31,0,0
BRDA:115,31,1,0
BRDA:118,32,0,0
BRDA:118,32,1,0
BRDA:119,33,0,0
BRDA:119,33,1,0
BRDA:128,34,0,0
BRDA:128,34,1,0
BRDA:131,35,0,0
BRDA:131,35,1,0
BRDA:134,36,0,0
BRDA:134,36,1,0
BRDA:135,37,0,0
BRDA:135,37,1,0
BRDA:138,38,0,0
BRDA:138,38,1,0
BRDA:139,39,0,0
BRDA:139,39,1,0
BRDA:139,40,0,0
BRDA:139,40,1,0
BRDA:142,41,0,0
BRDA:142,41,1,0
BRDA:143,42,0,0
BRDA:143,42,1,0
BRDA:143,43,0,0
BRDA:143,43,1,0
BRDA:146,44,0,0
BRDA:146,44,1,0
BRDA:147,45,0,0
BRDA:147,45,1,0
BRDA:147,46,0,0
BRDA:147,46,1,0
BRDA:150,47,0,0
BRDA:150,47,1,0
BRDA:151,48,0,0
BRDA:151,48,1,0
BRDA:151,49,0,0
BRDA:151,49,1,0
BRDA:166,50,0,0
BRDA:166,50,1,0
BRDA:169,51,0,0
BRDA:169,51,1,0
BRDA:173,52,0,0
BRDA:173,52,1,0
BRDA:176,53,0,0
BRDA:176,53,1,0
BRDA:177,54,0,0
BRDA:177,54,1,0
BRDA:184,55,0,0
BRDA:184,55,1,0
BRDA:184,55,2,0
BRDA:184,55,3,0
BRDA:195,56,0,0
BRDA:195,56,1,0
BRDA:230,57,0,0
BRDA:230,57,1,0
BRDA:240,58,0,0
BRDA:240,58,1,0
BRDA:246,59,0,0
BRDA:246,59,1,0
BRDA:264,60,0,0
BRDA:264,60,1,0
BRDA:274,61,0,0
BRDA:274,61,1,0
BRDA:274,61,2,0
BRF:127
BRH:0
end_of_record
TN:
SF:src/components/reports/ReportOverview.tsx
FN:11,(anonymous_0)
FN:63,(anonymous_1)
FN:87,(anonymous_2)
FNF:3
FNH:0
FNDA:0,(anonymous_0)
FNDA:0,(anonymous_1)
FNDA:0,(anonymous_2)
DA:2,0
DA:3,0
DA:4,0
DA:5,0
DA:11,0
DA:12,0
DA:64,0
DA:88,0
DA:200,0
LF:9
LH:0
BRF:0
BRH:0
end_of_record
TN:
SF:src/components/ui/GoogleButton.tsx
FN:9,GoogleButton
FN:12,(anonymous_1)
FNF:2
FNH:0
FNDA:0,GoogleButton
FNDA:0,(anonymous_1)
DA:1,0
DA:2,0
DA:9,0
DA:10,0
DA:12,0
DA:13,0
DA:14,0
DA:15,0
DA:16,0
DA:19,0
DA:23,0
LF:11
LH:0
BRDA:9,0,0,0
BRDA:9,1,0,0
BRDA:31,2,0,0
BRDA:31,2,1,0
BRDA:54,3,0,0
BRDA:54,3,1,0
BRF:6
BRH:0
end_of_record
TN:
SF:src/components/ui/accordion.tsx
FN:12,(anonymous_6)
FN:24,(anonymous_7)
FN:44,(anonymous_8)
FNF:3
FNH:0
FNDA:0,(anonymous_6)
FNDA:0,(anonymous_7)
FNDA:0,(anonymous_8)
DA:1,0
DA:2,0
DA:3,0
DA:5,0
DA:7,0
DA:9,0
DA:13,0
DA:19,0
DA:21,0
DA:25,0
DA:39,0
DA:41,0
DA:45,0
DA:54,0
DA:56,0
LF:15
LH:0
BRF:0
BRH:0
end_of_record
TN:
SF:src/components/ui/alert-dialog.tsx
FN:16,(anonymous_6)
FN:31,(anonymous_7)
FN:46,(anonymous_8)
FN:60,(anonymous_9)
FN:77,(anonymous_10)
FN:89,(anonymous_11)
FN:102,(anonymous_12)
FN:114,(anonymous_13)
FNF:8
FNH:0
FNDA:0,(anonymous_6)
FNDA:0,(anonymous_7)
FNDA:0,(anonymous_8)
FNDA:0,(anonymous_9)
FNDA:0,(anonymous_10)
FNDA:0,(anonymous_11)
FNDA:0,(anonymous_12)
FNDA:0,(anonymous_13)
DA:1,0
DA:2,0
DA:4,0
DA:5,0
DA:7,0
DA:9,0
DA:11,0
DA:13,0
DA:17,0
DA:26,0
DA:28,0
DA:32,0
DA:44,0
DA:46,0
DA:50,0
DA:58,0
DA:60,0
DA:64,0
DA:72,0
DA:74,0
DA:78,0
DA:84,0
DA:86,0
DA:90,0
DA:96,0
DA:99,0
DA:103,0
DA:109,0
DA:111,0
DA:115,0
DA:125,0
DA:128,0
DA:129,0
DA:130,0
DA:131,0
DA:132,0
DA:133,0
DA:134,0
DA:135,0
DA:136,0
DA:137,0
DA:138,0
LF:42
LH:0
BRF:0
BRH:0
end_of_record
TN:
SF:src/components/ui/alert.tsx
FN:25,(anonymous_6)
FN:38,(anonymous_7)
FN:50,(anonymous_8)
FNF:3
FNH:0
FNDA:0,(anonymous_6)
FNDA:0,(anonymous_7)
FNDA:0,(anonymous_8)
DA:1,0
DA:2,0
DA:4,0
DA:6,0
DA:22,0
DA:26,0
DA:33,0
DA:35,0
DA:39,0
DA:45,0
DA:47,0
DA:51,0
DA:57,0
DA:59,0
LF:14
LH:0
BRF:0
BRH:0
end_of_record
TN:
SF:src/components/ui/aspect-ratio.tsx
FNF:0
FNH:0
DA:1,0
DA:3,0
DA:5,0
LF:3
LH:0
BRF:0
BRH:0
end_of_record
TN:
SF:src/components/ui/avatar.tsx
FN:9,(anonymous_6)
FN:24,(anonymous_7)
FN:36,(anonymous_8)
FNF:3
FNH:0
FNDA:0,(anonymous_6)
FNDA:0,(anonymous_7)
FNDA:0,(anonymous_8)
DA:1,0
DA:2,0
DA:4,0
DA:6,0
DA:10,0
DA:19,0
DA:21,0
DA:25,0
DA:31,0
DA:33,0
DA:37,0
DA:46,0
DA:48,0
LF:13
LH:0
BRF:0
BRH:0
end_of_record
TN:
SF:src/components/ui/badge.tsx
FN:30,Badge
FNF:1
FNH:1
FNDA:16,Badge
DA:2,1
DA:4,1
DA:6,1
DA:31,16
DA:36,1
LF:5
LH:5
BRF:0
BRH:0
end_of_record
TN:
SF:src/components/ui/breadcrumb-custom.tsx
FN:9,(anonymous_0)
FN:13,(anonymous_1)
FNF:2
FNH:0
FNDA:0,(anonymous_0)
FNDA:0,(anonymous_1)
DA:2,0
DA:3,0
DA:9,0
DA:10,0
DA:14,0
LF:5
LH:0
BRDA:16,0,0,0
BRDA:16,0,1,0
BRF:2
BRH:0
end_of_record
TN:
SF:src/components/ui/breadcrumb.tsx
FN:12,(anonymous_6)
FN:18,(anonymous_7)
FN:33,(anonymous_8)
FN:47,(anonymous_9)
FN:63,(anonymous_10)
FN:75,(anonymous_11)
FN:91,(anonymous_12)
FNF:7
FNH:0
FNDA:0,(anonymous_6)
FNDA:0,(anonymous_7)
FNDA:0,(anonymous_8)
FNDA:0,(anonymous_9)
FNDA:0,(anonymous_10)
FNDA:0,(anonymous_11)
FNDA:0,(anonymous_12)
DA:1,0
DA:2,0
DA:3,0
DA:5,0
DA:7,0
DA:12,0
DA:13,0
DA:15,0
DA:19,0
DA:28,0
DA:30,0
DA:34,0
DA:40,0
DA:42,0
DA:48,0
DA:50,0
DA:58,0
DA:60,0
DA:64,0
DA:73,0
DA:75,0
DA:80,0
DA:89,0
DA:91,0
DA:95,0
DA:105,0
DA:108,0
DA:109,0
DA:110,0
DA:111,0
DA:112,0
DA:113,0
DA:114,0
LF:33
LH:0
BRDA:48,0,0,0
BRDA:48,0,1,0
BRDA:86,1,0,0
BRDA:86,1,1,0
BRF:4
BRH:0
end_of_record
TN:
SF:src/components/ui/button.tsx
FN:43,(anonymous_6)
FNF:1
FNH:1
FNDA:30,(anonymous_6)
DA:1,3
DA:2,3
DA:3,3
DA:5,3
DA:7,3
DA:42,3
DA:44,30
DA:45,30
DA:54,3
DA:56,3
LF:10
LH:10
BRDA:43,0,0,29
BRDA:44,1,0,1
BRDA:44,1,1,29
BRF:3
BRH:3
end_of_record
TN:
SF:src/components/ui/calendar.tsx
FN:10,Calendar
FN:55,(anonymous_1)
FN:56,(anonymous_2)
FNF:3
FNH:0
FNDA:0,Calendar
FNDA:0,(anonymous_1)
FNDA:0,(anonymous_2)
DA:2,0
DA:3,0
DA:5,0
DA:6,0
DA:16,0
DA:55,0
DA:56,0
DA:62,0
DA:64,0
LF:9
LH:0
BRDA:13,0,0,0
BRF:1
BRH:0
end_of_record
TN:
SF:src/components/ui/card.tsx
FN:8,(anonymous_6)
FN:23,(anonymous_7)
FN:35,(anonymous_8)
FN:50,(anonymous_9)
FN:62,(anonymous_10)
FN:70,(anonymous_11)
FNF:6
FNH:0
FNDA:0,(anonymous_6)
FNDA:0,(anonymous_7)
FNDA:0,(anonymous_8)
FNDA:0,(anonymous_9)
FNDA:0,(anonymous_10)
FNDA:0,(anonymous_11)
DA:1,0
DA:3,0
DA:5,0
DA:9,0
DA:18,0
DA:20,0
DA:24,0
DA:30,0
DA:32,0
DA:36,0
DA:45,0
DA:47,0
DA:51,0
DA:57,0
DA:59,0
DA:63,0
DA:65,0
DA:67,0
DA:71,0
DA:77,0
DA:79,0
LF:21
LH:0
BRF:0
BRH:0
end_of_record
TN:
SF:src/components/ui/carousel.tsx
FN:33,useCarousel
FN:47,(anonymous_8)
FN:69,(anonymous_9)
FN:78,(anonymous_10)
FN:82,(anonymous_11)
FN:87,(anonymous_12)
FN:99,(anonymous_13)
FN:107,(anonymous_14)
FN:116,(anonymous_15)
FN:154,(anonymous_16)
FN:176,(anonymous_17)
FN:198,(anonymous_18)
FN:227,(anonymous_19)
FNF:13
FNH:0
FNDA:0,useCarousel
FNDA:0,(anonymous_8)
FNDA:0,(anonymous_9)
FNDA:0,(anonymous_10)
FNDA:0,(anonymous_11)
FNDA:0,(anonymous_12)
FNDA:0,(anonymous_13)
FNDA:0,(anonymous_14)
FNDA:0,(anonymous_15)
FNDA:0,(anonymous_16)
FNDA:0,(anonymous_17)
FNDA:0,(anonymous_18)
FNDA:0,(anonymous_19)
DA:1,0
DA:2,0
DA:5,0
DA:7,0
DA:8,0
DA:31,0
DA:34,0
DA:36,0
DA:37,0
DA:40,0
DA:43,0
DA:59,0
DA:66,0
DA:67,0
DA:69,0
DA:70,0
DA:71,0
DA:74,0
DA:75,0
DA:78,0
DA:79,0
DA:82,0
DA:83,0
DA:86,0
DA:88,0
DA:89,0
DA:90,0
DA:91,0
DA:92,0
DA:93,0
DA:99,0
DA:100,0
DA:101,0
DA:104,0
DA:107,0
DA:108,0
DA:109,0
DA:112,0
DA:113,0
DA:114,0
DA:116,0
DA:117,0
DA:121,0
DA:149,0
DA:151,0
DA:155,0
DA:157,0
DA:171,0
DA:173,0
DA:177,0
DA:179,0
DA:193,0
DA:195,0
DA:199,0
DA:201,0
DA:222,0
DA:224,0
DA:228,0
DA:230,0
DA:251,0
DA:255,0
DA:256,0
DA:257,0
DA:258,0
DA:259,0
LF:65
LH:0
BRDA:36,0,0,0
BRDA:36,0,1,0
BRDA:49,1,0,0
BRDA:62,2,0,0
BRDA:62,2,1,0
BRDA:70,3,0,0
BRDA:70,3,1,0
BRDA:88,4,0,0
BRDA:88,4,1,0
BRDA:91,5,0,0
BRDA:91,5,1,0
BRDA:100,6,0,0
BRDA:100,6,1,0
BRDA:100,7,0,0
BRDA:100,7,1,0
BRDA:108,8,0,0
BRDA:108,8,1,0
BRDA:128,9,0,0
BRDA:128,9,1,0
BRDA:128,10,0,0
BRDA:128,10,1,0
BRDA:163,11,0,0
BRDA:163,11,1,0
BRDA:186,12,0,0
BRDA:186,12,1,0
BRDA:198,13,0,0
BRDA:198,14,0,0
BRDA:208,15,0,0
BRDA:208,15,1,0
BRDA:227,16,0,0
BRDA:227,17,0,0
BRDA:237,18,0,0
BRDA:237,18,1,0
BRF:33
BRH:0
end_of_record
TN:
SF:src/components/ui/chart.tsx
FN:25,useChart
FN:43,(anonymous_7)
FN:68,(anonymous_8)
FN:70,(anonymous_9)
FN:82,(anonymous_10)
FN:85,(anonymous_11)
FN:114,(anonymous_12)
FN:134,(anonymous_13)
FN:186,(anonymous_14)
FN:267,(anonymous_15)
FN:286,(anonymous_16)
FN:318,getPayloadConfigFromPayload
FNF:12
FNH:0
FNDA:0,useChart
FNDA:0,(anonymous_7)
FNDA:0,(anonymous_8)
FNDA:0,(anonymous_9)
FNDA:0,(anonymous_10)
FNDA:0,(anonymous_11)
FNDA:0,(anonymous_12)
FNDA:0,(anonymous_13)
FNDA:0,(anonymous_14)
FNDA:0,(anonymous_15)
FNDA:0,(anonymous_16)
FNDA:0,getPayloadConfigFromPayload
DA:1,0
DA:2,0
DA:4,0
DA:7,0
DA:23,0
DA:26,0
DA:28,0
DA:29,0
DA:32,0
DA:35,0
DA:44,0
DA:45,0
DA:47,0
DA:66,0
DA:68,0
DA:69,0
DA:70,0
DA:73,0
DA:74,0
DA:77,0
DA:82,0
DA:87,0
DA:89,0
DA:101,0
DA:103,0
DA:132,0
DA:134,0
DA:135,0
DA:136,0
DA:139,0
DA:140,0
DA:141,0
DA:143,0
DA:147,0
DA:148,0
DA:155,0
DA:156,0
DA:159,0
DA:170,0
DA:171,0
DA:174,0
DA:176,0
DA:187,0
DA:188,0
DA:189,0
DA:191,0
DA:255,0
DA:257,0
DA:259,0
DA:271,0
DA:273,0
DA:274,0
DA:277,0
DA:287,0
DA:288,0
DA:290,0
DA:315,0
DA:323,0
DA:324,0
DA:328,0
DA:334,0
DA:336,0
DA:340,0
DA:341,0
DA:346,0
DA:351,0
DA:357,0
DA:358,0
DA:359,0
DA:360,0
DA:361,0
DA:362,0
LF:72
LH:0
BRDA:28,0,0,0
BRDA:28,0,1,0
BRDA:45,1,0,0
BRDA:45,1,1,0
BRDA:70,2,0,0
BRDA:70,2,1,0
BRDA:73,3,0,0
BRDA:73,3,1,0
BRDA:87,4,0,0
BRDA:87,4,1,0
BRDA:89,5,0,0
BRDA:89,5,1,0
BRDA:119,6,0,0
BRDA:120,7,0,0
BRDA:121,8,0,0
BRDA:135,9,0,0
BRDA:135,9,1,0
BRDA:135,10,0,0
BRDA:135,10,1,0
BRDA:140,11,0,0
BRDA:140,11,1,0
BRDA:140,11,2,0
BRDA:140,11,3,0
BRDA:143,12,0,0
BRDA:143,12,1,0
BRDA:143,13,0,0
BRDA:143,13,1,0
BRDA:144,14,0,0
BRDA:144,14,1,0
BRDA:147,15,0,0
BRDA:147,15,1,0
BRDA:155,16,0,0
BRDA:155,16,1,0
BRDA:170,17,0,0
BRDA:170,17,1,0
BRDA:170,18,0,0
BRDA:170,18,1,0
BRDA:174,19,0,0
BRDA:174,19,1,0
BRDA:184,20,0,0
BRDA:184,20,1,0
BRDA:187,21,0,0
BRDA:187,21,1,0
BRDA:187,21,2,0
BRDA:187,21,3,0
BRDA:189,22,0,0
BRDA:189,22,1,0
BRDA:189,22,2,0
BRDA:196,23,0,0
BRDA:196,23,1,0
BRDA:199,24,0,0
BRDA:199,24,1,0
BRDA:199,25,0,0
BRDA:199,25,1,0
BRDA:199,25,2,0
BRDA:203,26,0,0
BRDA:203,26,1,0
BRDA:206,27,0,0
BRDA:206,27,1,0
BRDA:215,28,0,0
BRDA:215,28,1,0
BRDA:230,29,0,0
BRDA:230,29,1,0
BRDA:234,30,0,0
BRDA:234,30,1,0
BRDA:236,31,0,0
BRDA:236,31,1,0
BRDA:239,32,0,0
BRDA:239,32,1,0
BRDA:268,33,0,0
BRDA:268,34,0,0
BRDA:273,35,0,0
BRDA:273,35,1,0
BRDA:282,36,0,0
BRDA:282,36,1,0
BRDA:287,37,0,0
BRDA:287,37,1,0
BRDA:287,37,2,0
BRDA:297,38,0,0
BRDA:297,38,1,0
BRDA:297,39,0,0
BRDA:297,39,1,0
BRDA:323,40,0,0
BRDA:323,40,1,0
BRDA:323,41,0,0
BRDA:323,41,1,0
BRDA:328,42,0,0
BRDA:328,42,1,0
BRDA:328,43,0,0
BRDA:328,43,1,0
BRDA:328,43,2,0
BRDA:336,44,0,0
BRDA:336,44,1,0
BRDA:337,45,0,0
BRDA:337,45,1,0
BRDA:341,46,0,0
BRDA:341,46,1,0
BRDA:342,47,0,0
BRDA:342,47,1,0
BRDA:342,47,2,0
BRDA:351,48,0,0
BRDA:351,48,1,0
BRF:102
BRH:0
end_of_record
TN:
SF:src/components/ui/checkbox.tsx
FN:10,(anonymous_6)
FNF:1
FNH:0
FNDA:0,(anonymous_6)
DA:1,0
DA:2,0
DA:3,0
DA:5,0
DA:7,0
DA:11,0
DA:26,0
DA:28,0
LF:8
LH:0
BRF:0
BRH:0
end_of_record
TN:
SF:src/components/ui/collapsible.tsx
FNF:0
FNH:0
DA:1,1
DA:3,1
DA:5,1
DA:7,1
DA:9,1
LF:5
LH:5
BRF:0
BRH:0
end_of_record
TN:
SF:src/components/ui/command.tsx
FN:12,(anonymous_6)
FN:26,(anonymous_7)
FN:41,(anonymous_8)
FN:60,(anonymous_9)
FN:73,(anonymous_10)
FN:86,(anonymous_11)
FN:102,(anonymous_12)
FN:114,(anonymous_13)
FN:127,(anonymous_14)
FNF:9
FNH:0
FNDA:0,(anonymous_6)
FNDA:0,(anonymous_7)
FNDA:0,(anonymous_8)
FNDA:0,(anonymous_9)
FNDA:0,(anonymous_10)
FNDA:0,(anonymous_11)
FNDA:0,(anonymous_12)
FNDA:0,(anonymous_13)
FNDA:0,(anonymous_14)
DA:1,0
DA:3,0
DA:4,0
DA:6,0
DA:7,0
DA:9,0
DA:13,0
DA:22,0
DA:26,0
DA:27,0
DA:38,0
DA:42,0
DA:55,0
DA:57,0
DA:61,0
DA:68,0
DA:70,0
DA:74,0
DA:81,0
DA:83,0
DA:87,0
DA:97,0
DA:99,0
DA:103,0
DA:109,0
DA:111,0
DA:115,0
DA:125,0
DA:127,0
DA:131,0
DA:141,0
DA:144,0
DA:145,0
DA:146,0
DA:147,0
DA:148,0
DA:149,0
DA:150,0
DA:151,0
DA:152,0
LF:40
LH:0
BRF:0
BRH:0
end_of_record
TN:
SF:src/components/ui/context-menu.tsx
FN:24,(anonymous_6)
FN:43,(anonymous_7)
FN:58,(anonymous_8)
FN:77,(anonymous_9)
FN:93,(anonymous_10)
FN:117,(anonymous_11)
FN:141,(anonymous_12)
FN:157,(anonymous_13)
FN:166,(anonymous_14)
FNF:9
FNH:0
FNDA:0,(anonymous_6)
FNDA:0,(anonymous_7)
FNDA:0,(anonymous_8)
FNDA:0,(anonymous_9)
FNDA:0,(anonymous_10)
FNDA:0,(anonymous_11)
FNDA:0,(anonymous_12)
FNDA:0,(anonymous_13)
FNDA:0,(anonymous_14)
DA:1,0
DA:2,0
DA:3,0
DA:5,0
DA:7,0
DA:9,0
DA:11,0
DA:13,0
DA:15,0
DA:17,0
DA:19,0
DA:25,0
DA:38,0
DA:40,0
DA:44,0
DA:53,0
DA:55,0
DA:59,0
DA:70,0
DA:72,0
DA:78,0
DA:88,0
DA:90,0
DA:94,0
DA:111,0
DA:114,0
DA:118,0
DA:134,0
DA:136,0
DA:142,0
DA:152,0
DA:154,0
DA:158,0
DA:164,0
DA:166,0
DA:170,0
DA:180,0
DA:183,0
DA:184,0
DA:185,0
DA:186,0
DA:187,0
DA:188,0
DA:189,0
DA:190,0
DA:191,0
DA:192,0
DA:193,0
DA:194,0
DA:195,0
DA:196,0
DA:197,0
LF:52
LH:0
BRDA:29,0,0,0
BRDA:29,0,1,0
BRDA:82,1,0,0
BRDA:82,1,1,0
BRDA:146,2,0,0
BRDA:146,2,1,0
BRF:6
BRH:0
end_of_record
TN:
SF:src/components/ui/dialog.tsx
FN:18,(anonymous_6)
FN:33,(anonymous_7)
FN:54,(anonymous_8)
FN:68,(anonymous_9)
FN:85,(anonymous_10)
FN:100,(anonymous_11)
FNF:6
FNH:0
FNDA:0,(anonymous_6)
FNDA:0,(anonymous_7)
FNDA:0,(anonymous_8)
FNDA:0,(anonymous_9)
FNDA:0,(anonymous_10)
FNDA:0,(anonymous_11)
DA:1,0
DA:2,0
DA:3,0
DA:5,0
DA:7,0
DA:9,0
DA:11,0
DA:13,0
DA:15,0
DA:19,0
DA:28,0
DA:30,0
DA:34,0
DA:52,0
DA:54,0
DA:58,0
DA:66,0
DA:68,0
DA:72,0
DA:80,0
DA:82,0
DA:86,0
DA:95,0
DA:97,0
DA:101,0
DA:107,0
DA:110,0
DA:111,0
DA:112,0
DA:113,0
DA:114,0
DA:115,0
DA:116,0
DA:117,0
DA:118,0
DA:119,0
LF:36
LH:0
BRF:0
BRH:0
end_of_record
TN:
SF:src/components/ui/drawer.tsx
FN:6,(anonymous_6)
FN:26,(anonymous_7)
FN:38,(anonymous_8)
FN:56,(anonymous_9)
FN:67,(anonymous_10)
FN:81,(anonymous_11)
FN:96,(anonymous_12)
FNF:7
FNH:0
FNDA:0,(anonymous_6)
FNDA:0,(anonymous_7)
FNDA:0,(anonymous_8)
FNDA:0,(anonymous_9)
FNDA:0,(anonymous_10)
FNDA:0,(anonymous_11)
FNDA:0,(anonymous_12)
DA:1,0
DA:2,0
DA:4,0
DA:6,0
DA:10,0
DA:15,0
DA:17,0
DA:19,0
DA:21,0
DA:23,0
DA:27,0
DA:33,0
DA:35,0
DA:39,0
DA:54,0
DA:56,0
DA:60,0
DA:65,0
DA:67,0
DA:71,0
DA:76,0
DA:78,0
DA:82,0
DA:91,0
DA:93,0
DA:97,0
DA:103,0
DA:106,0
DA:107,0
DA:108,0
DA:109,0
DA:110,0
DA:111,0
DA:112,0
DA:113,0
DA:114,0
DA:115,0
LF:37
LH:0
BRDA:7,0,0,0
BRF:1
BRH:0
end_of_record
TN:
SF:src/components/ui/dropdown-menu.tsx
FN:24,(anonymous_6)
FN:44,(anonymous_7)
FN:60,(anonymous_8)
FN:80,(anonymous_9)
FN:96,(anonymous_10)
FN:120,(anonymous_11)
FN:144,(anonymous_12)
FN:160,(anonymous_13)
FN:169,(anonymous_14)
FNF:9
FNH:0
FNDA:0,(anonymous_6)
FNDA:0,(anonymous_7)
FNDA:0,(anonymous_8)
FNDA:0,(anonymous_9)
FNDA:0,(anonymous_10)
FNDA:0,(anonymous_11)
FNDA:0,(anonymous_12)
FNDA:0,(anonymous_13)
FNDA:0,(anonymous_14)
DA:1,0
DA:2,0
DA:3,0
DA:5,0
DA:7,0
DA:9,0
DA:11,0
DA:13,0
DA:15,0
DA:17,0
DA:19,0
DA:25,0
DA:38,0
DA:41,0
DA:45,0
DA:54,0
DA:57,0
DA:61,0
DA:73,0
DA:75,0
DA:81,0
DA:91,0
DA:93,0
DA:97,0
DA:114,0
DA:117,0
DA:121,0
DA:137,0
DA:139,0
DA:145,0
DA:155,0
DA:157,0
DA:161,0
DA:167,0
DA:169,0
DA:173,0
DA:180,0
DA:183,0
DA:184,0
DA:185,0
DA:186,0
DA:187,0
DA:188,0
DA:189,0
DA:190,0
DA:191,0
DA:192,0
DA:193,0
DA:194,0
DA:195,0
DA:196,0
DA:197,0
LF:52
LH:0
BRDA:29,0,0,0
BRDA:29,0,1,0
BRDA:60,1,0,0
BRDA:85,2,0,0
BRDA:85,2,1,0
BRDA:149,3,0,0
BRDA:149,3,1,0
BRF:7
BRH:0
end_of_record
TN:
SF:src/components/ui/form.tsx
FN:29,(anonymous_6)
FN:42,(anonymous_7)
FN:76,(anonymous_8)
FN:90,(anonymous_9)
FN:107,(anonymous_10)
FN:129,(anonymous_11)
FN:146,(anonymous_12)
FNF:7
FNH:0
FNDA:0,(anonymous_6)
FNDA:0,(anonymous_7)
FNDA:0,(anonymous_8)
FNDA:0,(anonymous_9)
FNDA:0,(anonymous_10)
FNDA:0,(anonymous_11)
FNDA:0,(anonymous_12)
DA:1,0
DA:3,0
DA:4,0
DA:13,0
DA:14,0
DA:16,0
DA:25,0
DA:29,0
DA:35,0
DA:42,0
DA:43,0
DA:44,0
DA:45,0
DA:47,0
DA:49,0
DA:50,0
DA:53,0
DA:55,0
DA:69,0
DA:73,0
DA:77,0
DA:79,0
DA:85,0
DA:87,0
DA:91,0
DA:93,0
DA:102,0
DA:104,0
DA:108,0
DA:110,0
DA:124,0
DA:126,0
DA:130,0
DA:132,0
DA:141,0
DA:143,0
DA:147,0
DA:148,0
DA:150,0
DA:151,0
DA:154,0
DA:165,0
DA:168,0
DA:169,0
DA:170,0
DA:171,0
DA:172,0
DA:173,0
DA:174,0
DA:175,0
LF:50
LH:0
BRDA:49,0,0,0
BRDA:49,0,1,0
BRDA:96,1,0,0
BRDA:96,1,1,0
BRDA:115,2,0,0
BRDA:115,2,1,0
BRDA:148,3,0,0
BRDA:148,3,1,0
BRDA:150,4,0,0
BRDA:150,4,1,0
BRF:10
BRH:0
end_of_record
TN:
SF:src/components/ui/hover-card.tsx
FN:13,(anonymous_6)
FNF:1
FNH:0
FNDA:0,(anonymous_6)
DA:1,0
DA:2,0
DA:4,0
DA:6,0
DA:8,0
DA:10,0
DA:14,0
DA:25,0
DA:27,0
LF:9
LH:0
BRDA:13,0,0,0
BRDA:13,1,0,0
BRF:2
BRH:0
end_of_record
TN:
SF:src/components/ui/input-otp.tsx
FN:10,(anonymous_6)
FN:26,(anonymous_7)
FN:34,(anonymous_8)
FN:62,(anonymous_9)
FNF:4
FNH:0
FNDA:0,(anonymous_6)
FNDA:0,(anonymous_7)
FNDA:0,(anonymous_8)
FNDA:0,(anonymous_9)
DA:1,0
DA:2,0
DA:3,0
DA:5,0
DA:7,0
DA:11,0
DA:21,0
DA:23,0
DA:27,0
DA:29,0
DA:31,0
DA:35,0
DA:36,0
DA:38,0
DA:57,0
DA:59,0
DA:63,0
DA:67,0
DA:69,0
LF:19
LH:0
BRDA:43,0,0,0
BRDA:43,0,1,0
BRDA:49,1,0,0
BRDA:49,1,1,0
BRF:4
BRH:0
end_of_record
TN:
SF:src/components/ui/input.tsx
FN:6,(anonymous_6)
FNF:1
FNH:0
FNDA:0,(anonymous_6)
DA:1,1
DA:3,1
DA:5,1
DA:7,0
DA:20,1
DA:22,1
LF:6
LH:5
BRF:0
BRH:0
end_of_record
TN:
SF:src/components/ui/label.tsx
FN:15,(anonymous_6)
FNF:1
FNH:0
FNDA:0,(anonymous_6)
DA:1,0
DA:2,0
DA:3,0
DA:5,0
DA:7,0
DA:11,0
DA:16,0
DA:22,0
DA:24,0
LF:9
LH:0
BRF:0
BRH:0
end_of_record
TN:
SF:src/components/ui/menubar.tsx
FN:20,(anonymous_6)
FN:35,(anonymous_7)
FN:52,(anonymous_8)
FN:71,(anonymous_9)
FN:87,(anonymous_10)
FN:113,(anonymous_11)
FN:129,(anonymous_12)
FN:152,(anonymous_13)
FN:176,(anonymous_14)
FN:192,(anonymous_15)
FN:201,(anonymous_16)
FNF:11
FNH:0
FNDA:0,(anonymous_6)
FNDA:0,(anonymous_7)
FNDA:0,(anonymous_8)
FNDA:0,(anonymous_9)
FNDA:0,(anonymous_10)
FNDA:0,(anonymous_11)
FNDA:0,(anonymous_12)
FNDA:0,(anonymous_13)
FNDA:0,(anonymous_14)
FNDA:0,(anonymous_15)
FNDA:0,(anonymous_16)
DA:1,0
DA:2,0
DA:3,0
DA:5,0
DA:7,0
DA:9,0
DA:11,0
DA:13,0
DA:15,0
DA:17,0
DA:21,0
DA:30,0
DA:32,0
DA:36,0
DA:45,0
DA:47,0
DA:53,0
DA:66,0
DA:68,0
DA:72,0
DA:81,0
DA:83,0
DA:91,0
DA:106,0
DA:108,0
DA:114,0
DA:124,0
DA:126,0
DA:130,0
DA:147,0
DA:149,0
DA:153,0
DA:169,0
DA:171,0
DA:177,0
DA:187,0
DA:189,0
DA:193,0
DA:199,0
DA:201,0
DA:205,0
DA:215,0
DA:218,0
DA:219,0
DA:220,0
DA:221,0
DA:222,0
DA:223,0
DA:224,0
DA:225,0
DA:226,0
DA:227,0
DA:228,0
DA:229,0
DA:230,0
DA:231,0
DA:232,0
DA:233,0
LF:58
LH:0
BRDA:57,0,0,0
BRDA:57,0,1,0
BRDA:88,1,0,0
BRDA:88,2,0,0
BRDA:88,3,0,0
BRDA:118,4,0,0
BRDA:118,4,1,0
BRDA:181,5,0,0
BRDA:181,5,1,0
BRF:9
BRH:0
end_of_record
TN:
SF:src/components/ui/metric-card.tsx
FN:40,MetricCard
FNF:1
FNH:0
FNDA:0,MetricCard
DA:1,0
DA:2,0
DA:3,0
DA:5,0
DA:17,0
DA:40,0
DA:49,0
DA:51,0
LF:8
LH:0
BRF:0
BRH:0
end_of_record
TN:
SF:src/components/ui/navigation-menu.tsx
FN:11,(anonymous_6)
FN:29,(anonymous_7)
FN:50,(anonymous_8)
FN:68,(anonymous_9)
FN:85,(anonymous_10)
FN:103,(anonymous_11)
FNF:6
FNH:0
FNDA:0,(anonymous_6)
FNDA:0,(anonymous_7)
FNDA:0,(anonymous_8)
FNDA:0,(anonymous_9)
FNDA:0,(anonymous_10)
FNDA:0,(anonymous_11)
DA:1,0
DA:2,0
DA:3,0
DA:4,0
DA:6,0
DA:8,0
DA:12,0
DA:24,0
DA:26,0
DA:30,0
DA:39,0
DA:41,0
DA:43,0
DA:47,0
DA:51,0
DA:63,0
DA:65,0
DA:69,0
DA:78,0
DA:80,0
DA:82,0
DA:86,0
DA:97,0
DA:100,0
DA:104,0
DA:115,0
DA:119,0
DA:120,0
DA:121,0
DA:122,0
DA:123,0
DA:124,0
DA:125,0
DA:126,0
DA:127,0
LF:35
LH:0
BRF:0
BRH:0
end_of_record
TN:
SF:src/components/ui/pagination.tsx
FN:7,(anonymous_6)
FN:20,(anonymous_7)
FN:32,(anonymous_8)
FN:42,(anonymous_9)
FN:62,(anonymous_10)
FN:78,(anonymous_11)
FN:94,(anonymous_12)
FNF:7
FNH:0
FNDA:0,(anonymous_6)
FNDA:0,(anonymous_7)
FNDA:0,(anonymous_8)
FNDA:0,(anonymous_9)
FNDA:0,(anonymous_10)
FNDA:0,(anonymous_11)
FNDA:0,(anonymous_12)
DA:1,0
DA:2,0
DA:4,0
DA:5,0
DA:7,0
DA:8,0
DA:15,0
DA:17,0
DA:21,0
DA:27,0
DA:29,0
DA:33,0
DA:35,0
DA:42,0
DA:48,0
DA:60,0
DA:62,0
DA:66,0
DA:76,0
DA:78,0
DA:82,0
DA:92,0
DA:94,0
DA:98,0
DA:107,0
DA:110,0
DA:111,0
DA:112,0
DA:113,0
DA:114,0
DA:115,0
DA:116,0
LF:32
LH:0
BRDA:45,0,0,0
BRDA:49,1,0,0
BRDA:49,1,1,0
BRDA:52,2,0,0
BRDA:52,2,1,0
BRF:5
BRH:0
end_of_record
TN:
SF:src/components/ui/popover.tsx
FN:13,(anonymous_6)
FNF:1
FNH:0
FNDA:0,(anonymous_6)
DA:1,0
DA:2,0
DA:4,0
DA:6,0
DA:8,0
DA:10,0
DA:14,0
DA:27,0
DA:29,0
LF:9
LH:0
BRDA:13,0,0,0
BRDA:13,1,0,0
BRF:2
BRH:0
end_of_record
TN:
SF:src/components/ui/progress.tsx
FN:9,(anonymous_6)
FNF:1
FNH:0
FNDA:0,(anonymous_6)
DA:1,0
DA:2,0
DA:4,0
DA:6,0
DA:10,0
DA:24,0
DA:26,0
LF:7
LH:0
BRDA:20,0,0,0
BRDA:20,0,1,0
BRF:2
BRH:0
end_of_record
TN:
SF:src/components/ui/radio-group.tsx
FN:10,(anonymous_6)
FN:24,(anonymous_7)
FNF:2
FNH:0
FNDA:0,(anonymous_6)
FNDA:0,(anonymous_7)
DA:1,0
DA:2,0
DA:3,0
DA:5,0
DA:7,0
DA:11,0
DA:19,0
DA:21,0
DA:25,0
DA:40,0
DA:42,0
LF:11
LH:0
BRF:0
BRH:0
end_of_record
TN:
SF:src/components/ui/resizable.tsx
FN:6,(anonymous_6)
FN:21,(anonymous_7)
FNF:2
FNH:0
FNDA:0,(anonymous_6)
FNDA:0,(anonymous_7)
DA:1,0
DA:2,0
DA:4,0
DA:6,0
DA:10,0
DA:19,0
DA:21,0
DA:28,0
DA:43,0
LF:9
LH:0
BRDA:35,0,0,0
BRDA:35,0,1,0
BRF:2
BRH:0
end_of_record
TN:
SF:src/components/ui/scroll-area.tsx
FN:9,(anonymous_6)
FN:27,(anonymous_7)
FNF:2
FNH:0
FNDA:0,(anonymous_6)
FNDA:0,(anonymous_7)
DA:1,0
DA:2,0
DA:4,0
DA:6,0
DA:10,0
DA:22,0
DA:24,0
DA:28,0
DA:44,0
DA:46,0
LF:10
LH:0
BRDA:27,0,0,0
BRDA:33,1,0,0
BRDA:33,1,1,0
BRDA:35,2,0,0
BRDA:35,2,1,0
BRF:5
BRH:0
end_of_record
TN:
SF:src/components/ui/select.tsx
FN:15,(anonymous_6)
FN:35,(anonymous_7)
FN:52,(anonymous_8)
FN:70,(anonymous_9)
FN:102,(anonymous_10)
FN:114,(anonymous_11)
FN:137,(anonymous_12)
FNF:7
FNH:0
FNDA:0,(anonymous_6)
FNDA:0,(anonymous_7)
FNDA:0,(anonymous_8)
FNDA:0,(anonymous_9)
FNDA:0,(anonymous_10)
FNDA:0,(anonymous_11)
FNDA:0,(anonymous_12)
DA:1,0
DA:2,0
DA:3,0
DA:4,0
DA:6,0
DA:8,0
DA:10,0
DA:12,0
DA:16,0
DA:30,0
DA:32,0
DA:36,0
DA:47,0
DA:49,0
DA:53,0
DA:64,0
DA:67,0
DA:71,0
DA:97,0
DA:99,0
DA:103,0
DA:109,0
DA:111,0
DA:115,0
DA:132,0
DA:134,0
DA:138,0
DA:144,0
DA:147,0
DA:148,0
DA:149,0
DA:150,0
DA:151,0
DA:152,0
DA:153,0
DA:154,0
DA:155,0
DA:156,0
LF:38
LH:0
BRDA:70,0,0,0
BRDA:76,1,0,0
BRDA:76,1,1,0
BRDA:87,2,0,0
BRDA:87,2,1,0
BRF:5
BRH:0
end_of_record
TN:
SF:src/components/ui/separator.tsx
FN:10,(anonymous_6)
FNF:1
FNH:0
FNDA:0,(anonymous_6)
DA:1,1
DA:2,1
DA:4,1
DA:6,1
DA:14,0
DA:27,1
DA:29,1
LF:7
LH:6
BRDA:11,0,0,0
BRDA:11,1,0,0
BRDA:20,2,0,0
BRDA:20,2,1,0
BRF:4
BRH:0
end_of_record
TN:
SF:src/components/ui/sheet.tsx
FN:19,(anonymous_6)
FN:57,(anonymous_7)
FN:75,(anonymous_8)
FN:89,(anonymous_9)
FN:106,(anonymous_10)
FN:118,(anonymous_11)
FNF:6
FNH:0
FNDA:0,(anonymous_6)
FNDA:0,(anonymous_7)
FNDA:0,(anonymous_8)
FNDA:0,(anonymous_9)
FNDA:0,(anonymous_10)
FNDA:0,(anonymous_11)
DA:1,1
DA:2,1
DA:3,1
DA:4,1
DA:6,1
DA:8,1
DA:10,1
DA:12,1
DA:14,1
DA:16,1
DA:20,0
DA:29,1
DA:31,1
DA:54,1
DA:58,0
DA:73,1
DA:75,1
DA:79,0
DA:87,1
DA:89,1
DA:93,0
DA:101,1
DA:103,1
DA:107,0
DA:113,1
DA:115,1
DA:119,0
DA:125,1
DA:128,1
DA:129,1
LF:30
LH:24
BRDA:57,0,0,0
BRF:1
BRH:0
end_of_record
TN:
SF:src/components/ui/sidebar.tsx
FN:39,useSidebar
FN:56,(anonymous_7)
FN:76,(anonymous_8)
FN:91,(anonymous_9)
FN:93,(anonymous_10)
FN:94,(anonymous_11)
FN:98,(anonymous_12)
FN:99,(anonymous_13)
FN:110,(anonymous_14)
FN:118,(anonymous_15)
FN:165,(anonymous_16)
FN:263,(anonymous_17)
FN:273,(anonymous_18)
FN:289,(anonymous_19)
FN:318,(anonymous_20)
FN:336,(anonymous_21)
FN:354,(anonymous_22)
FN:369,(anonymous_23)
FN:384,(anonymous_24)
FN:399,(anonymous_25)
FN:417,(anonymous_26)
FN:432,(anonymous_27)
FN:453,(anonymous_28)
FN:476,(anonymous_29)
FN:489,(anonymous_30)
FN:502,(anonymous_31)
FN:542,(anonymous_32)
FN:599,(anonymous_33)
FN:627,(anonymous_34)
FN:650,(anonymous_35)
FN:652,(anonymous_36)
FN:686,(anonymous_37)
FN:703,(anonymous_38)
FN:713,(anonymous_39)
FNF:34
FNH:15
FNDA:128,useSidebar
FNDA:8,(anonymous_7)
FNDA:0,(anonymous_8)
FNDA:0,(anonymous_9)
FNDA:0,(anonymous_10)
FNDA:0,(anonymous_11)
FNDA:8,(anonymous_12)
FNDA:0,(anonymous_13)
FNDA:8,(anonymous_14)
FNDA:8,(anonymous_15)
FNDA:16,(anonymous_16)
FNDA:0,(anonymous_17)
FNDA:0,(anonymous_18)
FNDA:0,(anonymous_19)
FNDA:0,(anonymous_20)
FNDA:0,(anonymous_21)
FNDA:16,(anonymous_22)
FNDA:16,(anonymous_23)
FNDA:0,(anonymous_24)
FNDA:16,(anonymous_25)
FNDA:16,(anonymous_26)
FNDA:16,(anonymous_27)
FNDA:0,(anonymous_28)
FNDA:16,(anonymous_29)
FNDA:16,(anonymous_30)
FNDA:112,(anonymous_31)
FNDA:112,(anonymous_32)
FNDA:0,(anonymous_33)
FNDA:0,(anonymous_34)
FNDA:0,(anonymous_35)
FNDA:0,(anonymous_36)
FNDA:0,(anonymous_37)
FNDA:0,(anonymous_38)
FNDA:0,(anonymous_39)
DA:1,1
DA:2,1
DA:3,1
DA:4,1
DA:6,1
DA:7,1
DA:8,1
DA:9,1
DA:10,1
DA:11,1
DA:12,1
DA:13,1
DA:20,1
DA:21,1
DA:22,1
DA:23,1
DA:24,1
DA:25,1
DA:37,1
DA:40,128
DA:41,128
DA:42,0
DA:45,128
DA:48,1
DA:68,8
DA:69,8
DA:73,8
DA:74,8
DA:75,8
DA:77,0
DA:78,0
DA:79,0
DA:81,0
DA:85,0
DA:91,8
DA:92,0
DA:93,0
DA:94,0
DA:98,8
DA:99,8
DA:100,0
DA:104,0
DA:105,0
DA:109,8
DA:110,8
DA:115,8
DA:117,8
DA:118,8
DA:130,8
DA:155,1
DA:157,1
DA:176,16
DA:178,16
DA:179,0
DA:193,16
DA:194,0
DA:213,16
DA:258,1
DA:260,1
DA:264,0
DA:266,0
DA:274,0
DA:275,0
DA:284,1
DA:286,1
DA:290,0
DA:292,0
DA:313,1
DA:315,1
DA:319,0
DA:331,1
DA:333,1
DA:337,0
DA:349,1
DA:351,1
DA:355,16
DA:364,1
DA:366,1
DA:370,16
DA:379,1
DA:381,1
DA:385,0
DA:394,1
DA:396,1
DA:400,16
DA:412,1
DA:414,1
DA:418,16
DA:427,1
DA:429,1
DA:433,16
DA:435,16
DA:448,1
DA:450,1
DA:454,0
DA:456,0
DA:471,1
DA:473,1
DA:477,16
DA:484,1
DA:486,1
DA:490,16
DA:497,1
DA:499,1
DA:503,112
DA:510,1
DA:512,1
DA:534,1
DA:554,112
DA:555,112
DA:558,112
DA:568,112
DA:569,112
DA:572,0
DA:573,0
DA:578,0
DA:591,1
DA:593,1
DA:600,0
DA:602,0
DA:622,1
DA:624,1
DA:628,0
DA:643,1
DA:645,1
DA:652,0
DA:653,0
DA:656,0
DA:681,1
DA:683,1
DA:687,0
DA:698,1
DA:700,1
DA:703,0
DA:704,1
DA:706,1
DA:714,0
DA:716,0
DA:734,1
DA:737,1
DA:738,1
DA:739,1
DA:740,1
DA:741,1
DA:742,1
DA:743,1
DA:744,1
DA:745,1
DA:746,1
DA:747,1
DA:748,1
DA:749,1
DA:750,1
DA:751,1
DA:752,1
DA:753,1
DA:754,1
DA:755,1
DA:756,1
DA:757,1
DA:758,1
DA:759,1
DA:760,1
LF:163
LH:125
BRDA:41,0,0,0
BRDA:41,0,1,128
BRDA:58,1,0,8
BRDA:74,2,0,8
BRDA:74,2,1,8
BRDA:77,3,0,0
BRDA:77,3,1,0
BRDA:78,4,0,0
BRDA:78,4,1,0
BRDA:92,5,0,0
BRDA:92,5,1,0
BRDA:100,6,0,0
BRDA:100,6,1,0
BRDA:101,7,0,0
BRDA:101,7,1,0
BRDA:101,7,2,0
BRDA:115,8,0,8
BRDA:115,8,1,0
BRDA:167,9,0,16
BRDA:168,10,0,16
BRDA:169,11,0,16
BRDA:178,12,0,0
BRDA:178,12,1,16
BRDA:193,13,0,0
BRDA:193,13,1,16
BRDA:218,14,0,0
BRDA:218,14,1,16
BRDA:228,15,0,0
BRDA:228,15,1,16
BRDA:228,16,0,16
BRDA:228,16,1,16
BRDA:236,17,0,16
BRDA:236,17,1,0
BRDA:240,18,0,0
BRDA:240,18,1,16
BRDA:240,19,0,16
BRDA:240,19,1,16
BRDA:432,20,0,16
BRDA:433,21,0,0
BRDA:433,21,1,16
BRDA:453,22,0,0
BRDA:454,23,0,0
BRDA:454,23,1,0
BRDA:544,24,0,0
BRDA:545,25,0,112
BRDA:546,26,0,112
BRDA:547,27,0,112
BRDA:554,28,0,112
BRDA:554,28,1,0
BRDA:568,29,0,112
BRDA:568,29,1,0
BRDA:572,30,0,0
BRDA:572,30,1,0
BRDA:584,31,0,0
BRDA:584,31,1,0
BRDA:599,32,0,0
BRDA:599,33,0,0
BRDA:600,34,0,0
BRDA:600,34,1,0
BRDA:614,35,0,0
BRDA:614,35,1,0
BRDA:650,36,0,0
BRDA:663,37,0,0
BRDA:663,37,1,0
BRDA:713,38,0,0
BRDA:713,39,0,0
BRDA:714,40,0,0
BRDA:714,40,1,0
BRDA:725,41,0,0
BRDA:725,41,1,0
BRDA:726,42,0,0
BRDA:726,42,1,0
BRF:72
BRH:25
end_of_record
TN:
SF:src/components/ui/skeleton.tsx
FN:3,Skeleton
FNF:1
FNH:0
FNDA:0,Skeleton
DA:1,1
DA:7,0
DA:15,1
LF:3
LH:2
BRF:0
BRH:0
end_of_record
TN:
SF:src/components/ui/slider.tsx
FN:9,(anonymous_6)
FNF:1
FNH:0
FNDA:0,(anonymous_6)
DA:1,0
DA:2,0
DA:4,0
DA:6,0
DA:10,0
DA:24,0
DA:26,0
LF:7
LH:0
BRF:0
BRH:0
end_of_record
TN:
SF:src/components/ui/sonner.tsx
FN:29,(anonymous_0)
FN:6,(anonymous_1)
FNF:2
FNH:0
FNDA:0,(anonymous_0)
FNDA:0,(anonymous_1)
DA:1,0
DA:2,0
DA:6,0
DA:7,0
DA:9,0
DA:29,0
LF:6
LH:0
BRDA:7,0,0,0
BRF:1
BRH:0
end_of_record
TN:
SF:src/components/ui/stats-card.tsx
FN:15,StatsCard
FNF:1
FNH:0
FNDA:0,StatsCard
DA:1,0
DA:15,0
DA:22,0
LF:3
LH:0
BRDA:28,0,0,0
BRDA:28,0,1,0
BRDA:32,1,0,0
BRDA:32,1,1,0
BRDA:37,2,0,0
BRDA:37,2,1,0
BRDA:40,3,0,0
BRDA:40,3,1,0
BRDA:42,4,0,0
BRDA:42,4,1,0
BRF:10
BRH:0
end_of_record
TN:
SF:src/components/ui/switch.tsx
FN:9,(anonymous_6)
FNF:1
FNH:0
FNDA:0,(anonymous_6)
DA:1,0
DA:2,0
DA:4,0
DA:6,0
DA:10,0
DA:25,0
DA:27,0
LF:7
LH:0
BRF:0
BRH:0
end_of_record
TN:
SF:src/components/ui/table.tsx
FN:8,(anonymous_6)
FN:22,(anonymous_7)
FN:30,(anonymous_8)
FN:42,(anonymous_9)
FN:57,(anonymous_10)
FN:72,(anonymous_11)
FN:87,(anonymous_12)
FN:99,(anonymous_13)
FNF:8
FNH:0
FNDA:0,(anonymous_6)
FNDA:0,(anonymous_7)
FNDA:0,(anonymous_8)
FNDA:0,(anonymous_9)
FNDA:0,(anonymous_10)
FNDA:0,(anonymous_11)
FNDA:0,(anonymous_12)
FNDA:0,(anonymous_13)
DA:1,0
DA:3,0
DA:5,0
DA:9,0
DA:17,0
DA:19,0
DA:23,0
DA:25,0
DA:27,0
DA:31,0
DA:37,0
DA:39,0
DA:43,0
DA:52,0
DA:54,0
DA:58,0
DA:67,0
DA:69,0
DA:73,0
DA:82,0
DA:84,0
DA:88,0
DA:94,0
DA:96,0
DA:100,0
DA:106,0
DA:109,0
DA:110,0
DA:111,0
DA:112,0
DA:113,0
DA:114,0
DA:115,0
DA:116,0
LF:34
LH:0
BRF:0
BRH:0
end_of_record
TN:
SF:src/components/ui/tabs.tsx
FN:11,(anonymous_6)
FN:26,(anonymous_7)
FN:41,(anonymous_8)
FNF:3
FNH:0
FNDA:0,(anonymous_6)
FNDA:0,(anonymous_7)
FNDA:0,(anonymous_8)
DA:1,0
DA:2,0
DA:4,0
DA:6,0
DA:8,0
DA:12,0
DA:21,0
DA:23,0
DA:27,0
DA:36,0
DA:38,0
DA:42,0
DA:51,0
DA:53,0
LF:14
LH:0
BRF:0
BRH:0
end_of_record
TN:
SF:src/components/ui/textarea.tsx
FN:8,(anonymous_6)
FNF:1
FNH:0
FNDA:0,(anonymous_6)
DA:1,0
DA:2,0
DA:7,0
DA:9,0
DA:21,0
DA:23,0
LF:6
LH:0
BRF:0
BRH:0
end_of_record
TN:
SF:src/components/ui/toast.tsx
FN:13,(anonymous_6)
FN:45,(anonymous_7)
FN:59,(anonymous_8)
FN:74,(anonymous_9)
FN:92,(anonymous_10)
FN:104,(anonymous_11)
FNF:6
FNH:0
FNDA:0,(anonymous_6)
FNDA:0,(anonymous_7)
FNDA:0,(anonymous_8)
FNDA:0,(anonymous_9)
FNDA:0,(anonymous_10)
FNDA:0,(anonymous_11)
DA:1,0
DA:2,0
DA:3,0
DA:4,0
DA:6,0
DA:8,0
DA:10,0
DA:14,0
DA:23,0
DA:25,0
DA:41,0
DA:46,0
DA:54,0
DA:56,0
DA:60,0
DA:69,0
DA:71,0
DA:75,0
DA:87,0
DA:89,0
DA:93,0
DA:99,0
DA:101,0
DA:105,0
DA:111,0
DA:120,0
DA:121,0
DA:122,0
DA:123,0
DA:124,0
DA:125,0
DA:126,0
LF:32
LH:0
BRF:0
BRH:0
end_of_record
TN:
SF:src/components/ui/toaster.tsx
FN:11,Toaster
FN:16,(anonymous_1)
FNF:2
FNH:0
FNDA:0,Toaster
FNDA:0,(anonymous_1)
DA:1,0
DA:2,0
DA:11,0
DA:12,0
DA:14,0
DA:17,0
LF:6
LH:0
BRDA:20,0,0,0
BRDA:20,0,1,0
BRDA:21,1,0,0
BRDA:21,1,1,0
BRF:4
BRH:0
end_of_record
TN:
SF:src/components/ui/toggle-group.tsx
FN:19,(anonymous_6)
FN:37,(anonymous_7)
FNF:2
FNH:0
FNDA:0,(anonymous_6)
FNDA:0,(anonymous_7)
DA:1,0
DA:2,0
DA:5,0
DA:6,0
DA:8,0
DA:15,0
DA:20,0
DA:31,0
DA:33,0
DA:38,0
DA:40,0
DA:57,0
DA:59,0
LF:13
LH:0
BRDA:45,0,0,0
BRDA:45,0,1,0
BRDA:46,1,0,0
BRDA:46,1,1,0
BRF:4
BRH:0
end_of_record
TN:
SF:src/components/ui/toggle.tsx
FN:33,(anonymous_6)
FNF:1
FNH:0
FNDA:0,(anonymous_6)
DA:1,0
DA:2,0
DA:3,0
DA:5,0
DA:7,0
DA:29,0
DA:34,0
DA:41,0
DA:43,0
LF:9
LH:0
BRF:0
BRH:0
end_of_record
TN:
SF:src/components/ui/tooltip.tsx
FN:15,(anonymous_6)
FNF:1
FNH:0
FNDA:0,(anonymous_6)
DA:1,1
DA:2,1
DA:4,1
DA:6,1
DA:8,1
DA:10,1
DA:12,1
DA:16,0
DA:26,1
DA:28,1
LF:10
LH:9
BRDA:15,0,0,0
BRF:1
BRH:0
end_of_record
TN:
SF:src/components/ui/use-toast.ts
FN:3,(anonymous_0)
FN:3,(anonymous_1)
FNF:2
FNH:0
FNDA:0,(anonymous_0)
FNDA:0,(anonymous_1)
DA:1,0
DA:3,0
LF:2
LH:0
BRF:0
BRH:0
end_of_record
TN:
SF:src/contexts/AuthContext.tsx
FN:20,AuthProvider
FN:30,useAuthContext
FNF:2
FNH:0
FNDA:0,AuthProvider
FNDA:0,useAuthContext
DA:1,0
DA:2,0
DA:14,0
DA:20,0
DA:21,0
DA:23,0
DA:30,0
DA:31,0
DA:32,0
DA:33,0
DA:35,0
LF:11
LH:0
BRDA:32,0,0,0
BRDA:32,0,1,0
BRF:2
BRH:0
end_of_record
TN:
SF:src/contexts/PaymentContext.tsx
FN:30,(anonymous_0)
FN:39,(anonymous_1)
FN:57,(anonymous_2)
FN:64,(anonymous_3)
FN:112,(anonymous_4)
FN:120,(anonymous_5)
FN:155,(anonymous_6)
FN:190,(anonymous_7)
FN:191,(anonymous_8)
FN:213,(anonymous_9)
FN:216,(anonymous_10)
FN:220,(anonymous_11)
FN:233,(anonymous_12)
FN:249,(anonymous_13)
FN:255,(anonymous_14)
FN:278,(anonymous_15)
FN:284,(anonymous_16)
FN:289,(anonymous_17)
FN:294,(anonymous_18)
FN:315,(anonymous_19)
FNF:20
FNH:0
FNDA:0,(anonymous_0)
FNDA:0,(anonymous_1)
FNDA:0,(anonymous_2)
FNDA:0,(anonymous_3)
FNDA:0,(anonymous_4)
FNDA:0,(anonymous_5)
FNDA:0,(anonymous_6)
FNDA:0,(anonymous_7)
FNDA:0,(anonymous_8)
FNDA:0,(anonymous_9)
FNDA:0,(anonymous_10)
FNDA:0,(anonymous_11)
FNDA:0,(anonymous_12)
FNDA:0,(anonymous_13)
FNDA:0,(anonymous_14)
FNDA:0,(anonymous_15)
FNDA:0,(anonymous_16)
FNDA:0,(anonymous_17)
FNDA:0,(anonymous_18)
FNDA:0,(anonymous_19)
DA:1,0
DA:3,0
DA:4,0
DA:5,0
DA:24,0
DA:30,0
DA:31,0
DA:32,0
DA:33,0
DA:34,0
DA:35,0
DA:36,0
DA:39,0
DA:40,0
DA:41,0
DA:42,0
DA:57,0
DA:58,0
DA:59,0
DA:60,0
DA:61,0
DA:62,0
DA:63,0
DA:64,0
DA:65,0
DA:68,0
DA:70,0
DA:71,0
DA:84,0
DA:85,0
DA:112,0
DA:113,0
DA:114,0
DA:115,0
DA:116,0
DA:117,0
DA:120,0
DA:132,0
DA:153,0
DA:155,0
DA:167,0
DA:190,0
DA:191,0
DA:192,0
DA:193,0
DA:194,0
DA:197,0
DA:198,0
DA:199,0
DA:202,0
DA:204,0
DA:205,0
DA:207,0
DA:213,0
DA:214,0
DA:215,0
DA:216,0
DA:220,0
DA:224,0
DA:225,0
DA:226,0
DA:231,0
DA:233,0
DA:235,0
DA:236,0
DA:238,0
DA:243,0
DA:245,0
DA:249,0
DA:251,0
DA:252,0
DA:255,0
DA:256,0
DA:257,0
DA:258,0
DA:259,0
DA:260,0
DA:264,0
DA:265,0
DA:267,0
DA:272,0
DA:274,0
DA:278,0
DA:280,0
DA:281,0
DA:284,0
DA:286,0
DA:289,0
DA:291,0
DA:294,0
DA:308,0
DA:315,0
DA:316,0
DA:317,0
DA:318,0
DA:320,0
LF:96
LH:0
BRDA:40,0,0,0
BRDA:40,0,1,0
BRDA:40,1,0,0
BRDA:40,1,1,0
BRDA:41,2,0,0
BRDA:41,2,1,0
BRDA:41,3,0,0
BRDA:41,3,1,0
BRDA:48,4,0,0
BRDA:48,4,1,0
BRDA:49,5,0,0
BRDA:49,5,1,0
BRDA:50,6,0,0
BRDA:50,6,1,0
BRDA:53,7,0,0
BRDA:53,7,1,0
BRDA:57,8,0,0
BRDA:58,9,0,0
BRDA:58,9,1,0
BRDA:58,10,0,0
BRDA:58,10,1,0
BRDA:60,11,0,0
BRDA:60,11,1,0
BRDA:61,12,0,0
BRDA:61,12,1,0
BRDA:62,13,0,0
BRDA:62,13,1,0
BRDA:63,14,0,0
BRDA:63,14,1,0
BRDA:65,15,0,0
BRDA:65,15,1,0
BRDA:68,16,0,0
BRDA:68,16,1,0
BRDA:70,17,0,0
BRDA:70,17,1,0
BRDA:70,17,2,0
BRDA:73,18,0,0
BRDA:73,18,1,0
BRDA:84,19,0,0
BRDA:84,19,1,0
BRDA:89,20,0,0
BRDA:89,20,1,0
BRDA:89,20,2,0
BRDA:90,21,0,0
BRDA:90,21,1,0
BRDA:90,21,2,0
BRDA:92,22,0,0
BRDA:92,22,1,0
BRDA:93,23,0,0
BRDA:93,23,1,0
BRDA:94,24,0,0
BRDA:94,24,1,0
BRDA:95,25,0,0
BRDA:95,25,1,0
BRDA:95,26,0,0
BRDA:95,26,1,0
BRDA:97,27,0,0
BRDA:97,27,1,0
BRDA:98,28,0,0
BRDA:98,28,1,0
BRDA:99,29,0,0
BRDA:99,29,1,0
BRDA:100,30,0,0
BRDA:100,30,1,0
BRDA:101,31,0,0
BRDA:101,31,1,0
BRDA:116,32,0,0
BRDA:116,32,1,0
BRDA:120,33,0,0
BRDA:120,33,1,0
BRDA:155,34,0,0
BRDA:155,34,1,0
BRDA:198,35,0,0
BRDA:198,35,1,0
BRDA:214,36,0,0
BRDA:214,36,1,0
BRDA:233,37,0,0
BRDA:233,37,1,0
BRDA:240,38,0,0
BRDA:240,38,1,0
BRDA:256,39,0,0
BRDA:256,39,1,0
BRDA:269,40,0,0
BRDA:269,40,1,0
BRDA:317,41,0,0
BRDA:317,41,1,0
BRF:86
BRH:0
end_of_record
TN:
SF:src/contexts/ThemeContext.tsx
FN:13,ThemeProvider
FN:17,(anonymous_1)
FN:25,(anonymous_2)
FN:42,(anonymous_3)
FN:45,(anonymous_4)
FN:54,(anonymous_5)
FN:64,useTheme
FNF:7
FNH:0
FNDA:0,ThemeProvider
FNDA:0,(anonymous_1)
FNDA:0,(anonymous_2)
FNDA:0,(anonymous_3)
FNDA:0,(anonymous_4)
FNDA:0,(anonymous_5)
FNDA:0,useTheme
DA:1,0
DA:11,0
DA:13,0
DA:14,0
DA:15,0
DA:17,0
DA:19,0
DA:20,0
DA:21,0
DA:25,0
DA:27,0
DA:29,0
DA:30,0
DA:31,0
DA:32,0
DA:34,0
DA:35,0
DA:39,0
DA:42,0
DA:44,0
DA:45,0
DA:46,0
DA:47,0
DA:48,0
DA:49,0
DA:53,0
DA:54,0
DA:57,0
DA:64,0
DA:65,0
DA:66,0
DA:67,0
DA:69,0
LF:33
LH:0
BRDA:20,0,0,0
BRDA:20,0,1,0
BRDA:29,1,0,0
BRDA:29,1,1,0
BRDA:30,2,0,0
BRDA:30,2,1,0
BRDA:46,3,0,0
BRDA:46,3,1,0
BRDA:47,4,0,0
BRDA:47,4,1,0
BRDA:66,5,0,0
BRDA:66,5,1,0
BRF:12
BRH:0
end_of_record
TN:
SF:src/hooks/use-mobile.tsx
FN:5,useIsMobile
FN:8,(anonymous_7)
FN:10,(anonymous_8)
FN:15,(anonymous_9)
FNF:4
FNH:0
FNDA:0,useIsMobile
FNDA:0,(anonymous_7)
FNDA:0,(anonymous_8)
FNDA:0,(anonymous_9)
DA:1,0
DA:3,0
DA:5,0
DA:6,0
DA:8,0
DA:9,0
DA:10,0
DA:11,0
DA:13,0
DA:14,0
DA:15,0
DA:18,0
LF:12
LH:0
BRF:0
BRH:0
end_of_record
TN:
SF:src/hooks/use-toast.ts
FN:27,genId
FN:58,(anonymous_7)
FN:63,(anonymous_8)
FN:74,(anonymous_9)
FN:85,(anonymous_10)
FN:98,(anonymous_11)
FN:105,(anonymous_12)
FN:124,(anonymous_13)
FN:133,dispatch
FN:135,(anonymous_15)
FN:142,toast
FN:145,(anonymous_17)
FN:150,(anonymous_18)
FN:158,(anonymous_19)
FN:171,useToast
FN:174,(anonymous_21)
FN:176,(anonymous_22)
FN:187,(anonymous_23)
FNF:18
FNH:0
FNDA:0,genId
FNDA:0,(anonymous_7)
FNDA:0,(anonymous_8)
FNDA:0,(anonymous_9)
FNDA:0,(anonymous_10)
FNDA:0,(anonymous_11)
FNDA:0,(anonymous_12)
FNDA:0,(anonymous_13)
FNDA:0,dispatch
FNDA:0,(anonymous_15)
FNDA:0,toast
FNDA:0,(anonymous_17)
FNDA:0,(anonymous_18)
FNDA:0,(anonymous_19)
FNDA:0,useToast
FNDA:0,(anonymous_21)
FNDA:0,(anonymous_22)
FNDA:0,(anonymous_23)
DA:1,0
DA:8,0
DA:9,0
DA:18,0
DA:25,0
DA:28,0
DA:29,0
DA:56,0
DA:58,0
DA:59,0
DA:60,0
DA:63,0
DA:64,0
DA:65,0
DA:71,0
DA:74,0
DA:75,0
DA:77,0
DA:83,0
DA:86,0
DA:91,0
DA:95,0
DA:96,0
DA:98,0
DA:99,0
DA:103,0
DA:106,0
DA:116,0
DA:117,0
DA:122,0
DA:124,0
DA:129,0
DA:131,0
DA:134,0
DA:135,0
DA:136,0
DA:143,0
DA:145,0
DA:146,0
DA:150,0
DA:152,0
DA:159,0
DA:164,0
DA:172,0
DA:174,0
DA:175,0
DA:176,0
DA:177,0
DA:178,0
DA:179,0
DA:184,0
DA:187,0
DA:191,0
LF:53
LH:0
BRDA:59,0,0,0
BRDA:59,0,1,0
BRDA:75,1,0,0
BRDA:75,1,1,0
BRDA:75,1,2,0
BRDA:75,1,3,0
BRDA:86,2,0,0
BRDA:86,2,1,0
BRDA:95,3,0,0
BRDA:95,3,1,0
BRDA:106,4,0,0
BRDA:106,4,1,0
BRDA:106,5,0,0
BRDA:106,5,1,0
BRDA:116,6,0,0
BRDA:116,6,1,0
BRDA:159,7,0,0
BRDA:159,7,1,0
BRDA:178,8,0,0
BRDA:178,8,1,0
BRF:20
BRH:0
end_of_record
TN:
SF:src/hooks/useAnalysis.ts
FN:13,(anonymous_0)
FN:22,(anonymous_1)
FN:23,(anonymous_2)
FN:32,(anonymous_3)
FN:33,(anonymous_4)
FN:48,(anonymous_5)
FN:58,(anonymous_6)
FN:68,(anonymous_7)
FNF:8
FNH:0
FNDA:0,(anonymous_0)
FNDA:0,(anonymous_1)
FNDA:0,(anonymous_2)
FNDA:0,(anonymous_3)
FNDA:0,(anonymous_4)
FNDA:0,(anonymous_5)
FNDA:0,(anonymous_6)
FNDA:0,(anonymous_7)
DA:2,0
DA:3,0
DA:13,0
DA:14,0
DA:22,0
DA:23,0
DA:30,0
DA:32,0
DA:33,0
DA:40,0
DA:41,0
DA:43,0
DA:46,0
DA:48,0
DA:56,0
DA:58,0
DA:64,0
DA:68,0
DA:69,0
DA:78,0
LF:20
LH:0
BRDA:40,0,0,0
BRDA:40,0,1,0
BRF:2
BRH:0
end_of_record
TN:
SF:src/hooks/useAnalysisError.ts
FN:12,(anonymous_0)
FN:16,(anonymous_1)
FN:101,(anonymous_2)
FN:117,(anonymous_3)
FN:121,(anonymous_4)
FN:139,(anonymous_5)
FN:156,(anonymous_6)
FNF:7
FNH:0
FNDA:0,(anonymous_0)
FNDA:0,(anonymous_1)
FNDA:0,(anonymous_2)
FNDA:0,(anonymous_3)
FNDA:0,(anonymous_4)
FNDA:0,(anonymous_5)
FNDA:0,(anonymous_6)
DA:1,0
DA:2,0
DA:12,0
DA:13,0
DA:14,0
DA:16,0
DA:17,0
DA:20,0
DA:21,0
DA:30,0
DA:31,0
DA:40,0
DA:41,0
DA:50,0
DA:51,0
DA:61,0
DA:62,0
DA:72,0
DA:73,0
DA:82,0
DA:83,0
DA:92,0
DA:101,0
DA:102,0
DA:103,0
DA:105,0
DA:106,0
DA:113,0
DA:114,0
DA:117,0
DA:118,0
DA:121,0
DA:122,0
DA:123,0
DA:124,0
DA:126,0
DA:129,0
DA:139,0
DA:140,0
DA:142,0
DA:144,0
DA:146,0
DA:148,0
DA:150,0
DA:152,0
DA:156,0
DA:157,0
DA:160,0
DA:165,0
DA:167,0
LF:50
LH:0
BRDA:17,0,0,0
BRDA:17,0,1,0
BRDA:20,1,0,0
BRDA:20,1,1,0
BRDA:20,2,0,0
BRDA:20,2,1,0
BRDA:23,3,0,0
BRDA:23,3,1,0
BRDA:30,4,0,0
BRDA:30,4,1,0
BRDA:30,5,0,0
BRDA:30,5,1,0
BRDA:33,6,0,0
BRDA:33,6,1,0
BRDA:40,7,0,0
BRDA:40,7,1,0
BRDA:40,8,0,0
BRDA:40,8,1,0
BRDA:43,9,0,0
BRDA:43,9,1,0
BRDA:50,10,0,0
BRDA:50,10,1,0
BRDA:50,11,0,0
BRDA:50,11,1,0
BRDA:53,12,0,0
BRDA:53,12,1,0
BRDA:61,13,0,0
BRDA:61,13,1,0
BRDA:61,14,0,0
BRDA:61,14,1,0
BRDA:64,15,0,0
BRDA:64,15,1,0
BRDA:72,16,0,0
BRDA:72,16,1,0
BRDA:72,17,0,0
BRDA:72,17,1,0
BRDA:72,17,2,0
BRDA:82,18,0,0
BRDA:82,18,1,0
BRDA:82,19,0,0
BRDA:82,19,1,0
BRDA:82,19,2,0
BRDA:94,20,0,0
BRDA:94,20,1,0
BRDA:101,21,0,0
BRDA:105,22,0,0
BRDA:105,22,1,0
BRDA:122,23,0,0
BRDA:122,23,1,0
BRDA:134,24,0,0
BRDA:134,24,1,0
BRDA:140,25,0,0
BRDA:140,25,1,0
BRDA:140,25,2,0
BRDA:140,25,3,0
BRDA:140,25,4,0
BRDA:140,25,5,0
BRDA:157,26,0,0
BRDA:157,26,1,0
BRDA:157,26,2,0
BRDA:157,26,3,0
BRDA:157,26,4,0
BRDA:157,26,5,0
BRDA:157,26,6,0
BRF:64
BRH:0
end_of_record
TN:
SF:src/hooks/useAuth.ts
FN:7,useAuth
FN:15,(anonymous_1)
FN:17,(anonymous_2)
FN:54,(anonymous_3)
FN:57,(anonymous_4)
FN:59,(anonymous_5)
FN:76,(anonymous_6)
FN:89,(anonymous_7)
FN:91,(anonymous_8)
FN:108,(anonymous_9)
FN:121,(anonymous_10)
FN:144,(anonymous_11)
FN:146,(anonymous_12)
FN:151,(anonymous_13)
FN:164,(anonymous_14)
FN:166,(anonymous_15)
FN:183,(anonymous_16)
FN:196,(anonymous_17)
FN:198,(anonymous_18)
FNF:19
FNH:0
FNDA:0,useAuth
FNDA:0,(anonymous_1)
FNDA:0,(anonymous_2)
FNDA:0,(anonymous_3)
FNDA:0,(anonymous_4)
FNDA:0,(anonymous_5)
FNDA:0,(anonymous_6)
FNDA:0,(anonymous_7)
FNDA:0,(anonymous_8)
FNDA:0,(anonymous_9)
FNDA:0,(anonymous_10)
FNDA:0,(anonymous_11)
FNDA:0,(anonymous_12)
FNDA:0,(anonymous_13)
FNDA:0,(anonymous_14)
FNDA:0,(anonymous_15)
FNDA:0,(anonymous_16)
FNDA:0,(anonymous_17)
FNDA:0,(anonymous_18)
DA:1,0
DA:2,0
DA:3,0
DA:5,0
DA:7,0
DA:8,0
DA:15,0
DA:16,0
DA:17,0
DA:18,0
DA:19,0
DA:20,0
DA:23,0
DA:24,0
DA:25,0
DA:28,0
DA:31,0
DA:32,0
DA:34,0
DA:35,0
DA:42,0
DA:43,0
DA:44,0
DA:53,0
DA:54,0
DA:57,0
DA:58,0
DA:59,0
DA:61,0
DA:63,0
DA:69,0
DA:74,0
DA:76,0
DA:78,0
DA:79,0
DA:85,0
DA:89,0
DA:90,0
DA:91,0
DA:93,0
DA:95,0
DA:101,0
DA:106,0
DA:108,0
DA:110,0
DA:111,0
DA:117,0
DA:121,0
DA:122,0
DA:123,0
DA:125,0
DA:131,0
DA:136,0
DA:144,0
DA:145,0
DA:146,0
DA:148,0
DA:151,0
DA:153,0
DA:154,0
DA:160,0
DA:164,0
DA:165,0
DA:166,0
DA:168,0
DA:170,0
DA:176,0
DA:181,0
DA:183,0
DA:185,0
DA:186,0
DA:192,0
DA:196,0
DA:197,0
DA:198,0
DA:201,0
LF:76
LH:0
BRDA:31,0,0,0
BRDA:31,0,1,0
BRDA:32,1,0,0
BRDA:32,1,1,0
BRDA:34,2,0,0
BRDA:34,2,1,0
BRDA:43,3,0,0
BRDA:43,3,1,0
BRDA:78,4,0,0
BRDA:78,4,1,0
BRDA:110,5,0,0
BRDA:110,5,1,0
BRDA:153,6,0,0
BRDA:153,6,1,0
BRDA:185,7,0,0
BRDA:185,7,1,0
BRF:16
BRH:0
end_of_record
TN:
SF:src/hooks/useTextualOptimization.ts
FN:37,(anonymous_0)
FN:47,(anonymous_1)
FN:71,(anonymous_2)
FN:81,(anonymous_3)
FN:82,(anonymous_4)
FN:100,(anonymous_5)
FN:132,(anonymous_6)
FN:136,(anonymous_7)
FN:172,(anonymous_8)
FN:179,(anonymous_9)
FN:186,(anonymous_10)
FN:191,(anonymous_11)
FN:201,(anonymous_12)
FN:235,(anonymous_13)
FN:240,(anonymous_14)
FN:246,(anonymous_15)
FN:268,(anonymous_16)
FNF:17
FNH:0
FNDA:0,(anonymous_0)
FNDA:0,(anonymous_1)
FNDA:0,(anonymous_2)
FNDA:0,(anonymous_3)
FNDA:0,(anonymous_4)
FNDA:0,(anonymous_5)
FNDA:0,(anonymous_6)
FNDA:0,(anonymous_7)
FNDA:0,(anonymous_8)
FNDA:0,(anonymous_9)
FNDA:0,(anonymous_10)
FNDA:0,(anonymous_11)
FNDA:0,(anonymous_12)
FNDA:0,(anonymous_13)
FNDA:0,(anonymous_14)
FNDA:0,(anonymous_15)
FNDA:0,(anonymous_16)
DA:1,0
DA:2,0
DA:37,0
DA:38,0
DA:39,0
DA:40,0
DA:41,0
DA:42,0
DA:47,0
DA:48,0
DA:49,0
DA:50,0
DA:52,0
DA:53,0
DA:54,0
DA:56,0
DA:59,0
DA:60,0
DA:62,0
DA:64,0
DA:71,0
DA:72,0
DA:73,0
DA:74,0
DA:77,0
DA:78,0
DA:81,0
DA:82,0
DA:83,0
DA:84,0
DA:86,0
DA:90,0
DA:91,0
DA:93,0
DA:100,0
DA:101,0
DA:102,0
DA:103,0
DA:105,0
DA:107,0
DA:109,0
DA:110,0
DA:113,0
DA:116,0
DA:119,0
DA:122,0
DA:123,0
DA:125,0
DA:132,0
DA:133,0
DA:134,0
DA:136,0
DA:137,0
DA:138,0
DA:140,0
DA:141,0
DA:142,0
DA:143,0
DA:146,0
DA:147,0
DA:148,0
DA:149,0
DA:152,0
DA:153,0
DA:154,0
DA:156,0
DA:157,0
DA:161,0
DA:162,0
DA:166,0
DA:172,0
DA:173,0
DA:179,0
DA:180,0
DA:186,0
DA:187,0
DA:191,0
DA:192,0
DA:193,0
DA:194,0
DA:196,0
DA:201,0
DA:202,0
DA:203,0
DA:204,0
DA:208,0
DA:235,0
DA:236,0
DA:237,0
DA:238,0
DA:240,0
DA:241,0
DA:242,0
DA:243,0
DA:246,0
DA:247,0
DA:248,0
DA:249,0
DA:251,0
DA:252,0
DA:255,0
DA:257,0
DA:261,0
DA:264,0
DA:268,0
LF:105
LH:0
BRDA:60,0,0,0
BRDA:60,0,1,0
BRDA:83,1,0,0
BRDA:83,1,1,0
BRDA:91,2,0,0
BRDA:91,2,1,0
BRDA:107,3,0,0
BRDA:107,3,1,0
BRDA:109,4,0,0
BRDA:109,4,1,0
BRDA:122,5,0,0
BRDA:122,5,1,0
BRDA:140,6,0,0
BRDA:140,6,1,0
BRDA:146,7,0,0
BRDA:146,7,1,0
BRDA:153,8,0,0
BRDA:153,8,1,0
BRDA:192,9,0,0
BRDA:192,9,1,0
BRDA:202,10,0,0
BRDA:202,10,1,0
BRDA:202,11,0,0
BRDA:202,11,1,0
BRDA:202,11,2,0
BRDA:204,12,0,0
BRDA:204,12,1,0
BRDA:241,13,0,0
BRDA:241,13,1,0
BRDA:255,14,0,0
BRDA:255,14,1,0
BRDA:268,15,0,0
BRDA:268,15,1,0
BRF:33
BRH:0
end_of_record
TN:
SF:src/lib/competitive-mapper.ts
FN:132,mapCompetitiveAnalysisData
FN:151,extractScore
FN:156,extractTotalScore
FN:164,mapOverviewData
FN:174,(anonymous_4)
FN:191,mapMetricsData
FN:215,(anonymous_6)
FN:242,mapSWOTData
FN:254,mapRecommendationsData
FN:264,getScoreColor
FN:271,getScoreBgColor
FN:278,getAdvantageColor
FN:286,getRankColor
FNF:13
FNH:0
FNDA:0,mapCompetitiveAnalysisData
FNDA:0,extractScore
FNDA:0,extractTotalScore
FNDA:0,mapOverviewData
FNDA:0,(anonymous_4)
FNDA:0,mapMetricsData
FNDA:0,(anonymous_6)
FNDA:0,mapSWOTData
FNDA:0,mapRecommendationsData
FNDA:0,getScoreColor
FNDA:0,getScoreBgColor
FNDA:0,getAdvantageColor
FNDA:0,getRankColor
DA:132,0
DA:138,0
DA:140,0
DA:152,0
DA:153,0
DA:157,0
DA:158,0
DA:165,0
DA:166,0
DA:167,0
DA:169,0
DA:170,0
DA:171,0
DA:172,0
DA:174,0
DA:175,0
DA:177,0
DA:192,0
DA:215,0
DA:243,0
DA:255,0
DA:264,0
DA:265,0
DA:266,0
DA:267,0
DA:268,0
DA:271,0
DA:272,0
DA:273,0
DA:274,0
DA:275,0
DA:278,0
DA:279,0
DA:280,0
DA:281,0
DA:282,0
DA:283,0
DA:286,0
DA:287,0
DA:288,0
DA:289,0
LF:41
LH:0
BRDA:153,0,0,0
BRDA:153,0,1,0
BRDA:158,1,0,0
BRDA:158,1,1,0
BRDA:221,2,0,0
BRDA:221,2,1,0
BRDA:222,3,0,0
BRDA:222,3,1,0
BRDA:225,4,0,0
BRDA:225,4,1,0
BRDA:230,5,0,0
BRDA:230,5,1,0
BRDA:265,6,0,0
BRDA:265,6,1,0
BRDA:266,7,0,0
BRDA:266,7,1,0
BRDA:267,8,0,0
BRDA:267,8,1,0
BRDA:272,9,0,0
BRDA:272,9,1,0
BRDA:273,10,0,0
BRDA:273,10,1,0
BRDA:274,11,0,0
BRDA:274,11,1,0
BRDA:280,12,0,0
BRDA:280,12,1,0
BRDA:281,13,0,0
BRDA:281,13,1,0
BRDA:282,14,0,0
BRDA:282,14,1,0
BRDA:287,15,0,0
BRDA:287,15,1,0
BRDA:288,16,0,0
BRDA:288,16,1,0
BRF:34
BRH:0
end_of_record
TN:
SF:src/lib/llmo-mapper.ts
FN:17,mapLLMOReportData
FN:51,mapOverviewData
FN:53,(anonymous_2)
FN:54,(anonymous_3)
FN:57,(anonymous_4)
FN:58,(anonymous_5)
FN:60,(anonymous_6)
FN:64,(anonymous_7)
FN:66,(anonymous_8)
FN:67,(anonymous_9)
FN:68,(anonymous_10)
FN:72,mapPerceptionData
FN:73,(anonymous_12)
FN:84,mapAudienceData
FN:85,(anonymous_14)
FN:94,mapRecommendationData
FN:95,(anonymous_16)
FN:105,mapValuePropData
FN:106,(anonymous_18)
FN:115,mapSemanticAnalysisData
FN:116,(anonymous_20)
FN:131,mapStrategicSynthesisData
FN:132,(anonymous_22)
FN:141,createEmptyMappedData
FNF:24
FNH:0
FNDA:0,mapLLMOReportData
FNDA:0,mapOverviewData
FNDA:0,(anonymous_2)
FNDA:0,(anonymous_3)
FNDA:0,(anonymous_4)
FNDA:0,(anonymous_5)
FNDA:0,(anonymous_6)
FNDA:0,(anonymous_7)
FNDA:0,(anonymous_8)
FNDA:0,(anonymous_9)
FNDA:0,(anonymous_10)
FNDA:0,mapPerceptionData
FNDA:0,(anonymous_12)
FNDA:0,mapAudienceData
FNDA:0,(anonymous_14)
FNDA:0,mapRecommendationData
FNDA:0,(anonymous_16)
FNDA:0,mapValuePropData
FNDA:0,(anonymous_18)
FNDA:0,mapSemanticAnalysisData
FNDA:0,(anonymous_20)
FNDA:0,mapStrategicSynthesisData
FNDA:0,(anonymous_22)
FNDA:0,createEmptyMappedData
DA:17,0
DA:18,0
DA:19,0
DA:20,0
DA:23,0
DA:24,0
DA:27,0
DA:28,0
DA:29,0
DA:30,0
DA:31,0
DA:32,0
DA:33,0
DA:35,0
DA:46,0
DA:47,0
DA:52,0
DA:53,0
DA:54,0
DA:56,0
DA:57,0
DA:58,0
DA:60,0
DA:62,0
DA:64,0
DA:66,0
DA:67,0
DA:68,0
DA:73,0
DA:85,0
DA:95,0
DA:106,0
DA:116,0
DA:132,0
DA:142,0
LF:35
LH:0
BRDA:18,0,0,0
BRDA:18,0,1,0
BRDA:18,1,0,0
BRDA:18,1,1,0
BRDA:18,1,2,0
BRDA:54,2,0,0
BRDA:54,2,1,0
BRDA:58,3,0,0
BRDA:58,3,1,0
BRDA:60,4,0,0
BRDA:60,4,1,0
BRDA:65,5,0,0
BRDA:65,5,1,0
BRDA:66,6,0,0
BRDA:66,6,1,0
BRDA:67,7,0,0
BRDA:67,7,1,0
BRDA:97,8,0,0
BRDA:97,8,1,0
BRDA:98,9,0,0
BRDA:98,9,1,0
BRDA:101,10,0,0
BRDA:101,10,1,0
BRDA:118,11,0,0
BRDA:118,11,1,0
BRDA:135,12,0,0
BRDA:135,12,1,0
BRDA:136,13,0,0
BRDA:136,13,1,0
BRF:29
BRH:0
end_of_record
TN:
SF:src/lib/test-data.ts
FN:7,loadLLMOTestData
FN:212,getReportData
FNF:2
FNH:0
FNDA:0,loadLLMOTestData
FNDA:0,getReportData
DA:7,0
DA:10,0
DA:212,0
DA:215,0
DA:226,0
LF:5
LH:0
BRDA:226,0,0,0
BRDA:226,0,1,0
BRF:2
BRH:0
end_of_record
TN:
SF:src/lib/theme.ts
FNF:0
FNH:0
DA:1,0
LF:1
LH:0
BRF:0
BRH:0
end_of_record
TN:
SF:src/lib/utils.ts
FN:4,cn
FNF:1
FNH:1
FNDA:646,cn
DA:1,3
DA:2,3
DA:4,3
DA:5,646
LF:4
LH:4
BRF:0
BRH:0
end_of_record
TN:
SF:src/mocks/handlers.ts
FN:5,(anonymous_0)
FN:23,(anonymous_1)
FN:36,(anonymous_2)
FN:41,(anonymous_3)
FN:60,(anonymous_4)
FN:71,(anonymous_5)
FN:88,(anonymous_6)
FN:98,(anonymous_7)
FN:127,(anonymous_8)
FN:137,(anonymous_9)
FN:147,(anonymous_10)
FN:166,(anonymous_11)
FN:174,(anonymous_12)
FN:188,(anonymous_13)
FNF:14
FNH:0
FNDA:0,(anonymous_0)
FNDA:0,(anonymous_1)
FNDA:0,(anonymous_2)
FNDA:0,(anonymous_3)
FNDA:0,(anonymous_4)
FNDA:0,(anonymous_5)
FNDA:0,(anonymous_6)
FNDA:0,(anonymous_7)
FNDA:0,(anonymous_8)
FNDA:0,(anonymous_9)
[...]
FNDA:0,(anonymous_2)
DA:1,0
DA:2,0
DA:3,0
DA:4,0
DA:5,0
DA:7,0
DA:8,0
DA:10,0
DA:11,0
DA:17,0
DA:78,0
DA:153,0
LF:12
LH:0
BRF:0
BRH:0
end_of_record
TN:
SF:src/pages/OptimizationAgent.tsx
FN:14,(anonymous_0)
FN:30,(anonymous_1)
FN:60,(anonymous_2)
FN:61,(anonymous_3)
FN:62,(anonymous_4)
FN:70,(anonymous_5)
FN:71,(anonymous_6)
FN:71,(anonymous_7)
FN:78,(anonymous_8)
FN:85,(anonymous_9)
FN:137,(anonymous_10)
FN:185,(anonymous_11)
FN:207,(anonymous_12)
FN:241,(anonymous_13)
FN:251,(anonymous_14)
FN:259,(anonymous_15)
FN:278,(anonymous_16)
FN:301,(anonymous_17)
FNF:18
FNH:0
FNDA:0,(anonymous_0)
FNDA:0,(anonymous_1)
FNDA:0,(anonymous_2)
FNDA:0,(anonymous_3)
FNDA:0,(anonymous_4)
FNDA:0,(anonymous_5)
FNDA:0,(anonymous_6)
FNDA:0,(anonymous_7)
FNDA:0,(anonymous_8)
FNDA:0,(anonymous_9)
FNDA:0,(anonymous_10)
FNDA:0,(anonymous_11)
FNDA:0,(anonymous_12)
FNDA:0,(anonymous_13)
FNDA:0,(anonymous_14)
FNDA:0,(anonymous_15)
FNDA:0,(anonymous_16)
FNDA:0,(anonymous_17)
DA:1,0
DA:2,0
DA:3,0
DA:4,0
DA:5,0
DA:6,0
DA:7,0
DA:8,0
DA:9,0
DA:11,0
DA:12,0
DA:14,0
DA:15,0
DA:27,0
DA:28,0
DA:30,0
DA:31,0
DA:32,0
DA:37,0
DA:40,0
DA:51,0
DA:52,0
DA:54,0
DA:60,0
DA:61,0
DA:62,0
DA:63,0
DA:70,0
DA:71,0
DA:72,0
DA:78,0
DA:79,0
DA:80,0
DA:81,0
DA:85,0
DA:86,0
DA:91,0
DA:92,0
DA:95,0
DA:138,0
DA:185,0
DA:207,0
DA:241,0
DA:251,0
DA:259,0
DA:278,0
DA:302,0
DA:384,0
LF:48
LH:0
BRDA:31,0,0,0
BRDA:31,0,1,0
BRDA:31,1,0,0
BRDA:31,1,1,0
BRDA:31,1,2,0
BRDA:63,2,0,0
BRDA:63,2,1,0
BRDA:64,3,0,0
BRDA:64,3,1,0
BRDA:80,4,0,0
BRDA:80,4,1,0
BRDA:91,5,0,0
BRDA:91,5,1,0
BRDA:122,6,0,0
BRDA:122,6,1,0
BRDA:154,7,0,0
BRDA:154,7,1,0
BRDA:155,8,0,0
BRDA:155,8,1,0
BRDA:165,9,0,0
BRDA:165,9,1,0
BRDA:187,10,0,0
BRDA:187,10,1,0
BRDA:302,11,0,0
BRDA:302,11,1,0
BRF:25
BRH:0
end_of_record
TN:
SF:src/pages/PaymentSuccess.tsx
FN:11,(anonymous_0)
FN:24,(anonymous_1)
FN:27,(anonymous_2)
FN:177,(anonymous_3)
FN:179,(anonymous_4)
FN:182,(anonymous_5)
FN:188,(anonymous_6)
FN:203,(anonymous_7)
FN:218,(anonymous_8)
FN:346,(anonymous_9)
FN:363,(anonymous_10)
FN:371,(anonymous_11)
FN:386,(anonymous_12)
FNF:13
FNH:0
FNDA:0,(anonymous_0)
FNDA:0,(anonymous_1)
FNDA:0,(anonymous_2)
FNDA:0,(anonymous_3)
FNDA:0,(anonymous_4)
FNDA:0,(anonymous_5)
FNDA:0,(anonymous_6)
FNDA:0,(anonymous_7)
FNDA:0,(anonymous_8)
FNDA:0,(anonymous_9)
FNDA:0,(anonymous_10)
FNDA:0,(anonymous_11)
FNDA:0,(anonymous_12)
DA:1,0
DA:2,0
DA:3,0
DA:4,0
DA:5,0
DA:6,0
DA:7,0
DA:8,0
DA:9,0
DA:11,0
DA:12,0
DA:13,0
DA:14,0
DA:15,0
DA:16,0
DA:17,0
DA:18,0
DA:20,0
DA:21,0
DA:22,0
DA:24,0
DA:25,0
DA:26,0
DA:27,0
DA:28,0
DA:29,0
DA:32,0
DA:33,0
DA:35,0
DA:36,0
DA:37,0
DA:39,0
DA:44,0
DA:45,0
DA:53,0
DA:56,0
DA:57,0
DA:58,0
DA:59,0
DA:60,0
DA:61,0
DA:63,0
DA:64,0
DA:67,0
DA:72,0
DA:73,0
DA:74,0
DA:75,0
DA:76,0
DA:77,0
DA:78,0
DA:79,0
DA:80,0
DA:82,0
DA:87,0
DA:90,0
DA:95,0
DA:96,0
DA:97,0
DA:98,0
DA:99,0
DA:100,0
DA:101,0
DA:103,0
DA:109,0
DA:114,0
DA:115,0
DA:116,0
DA:117,0
DA:118,0
DA:120,0
DA:121,0
DA:125,0
DA:130,0
DA:131,0
DA:132,0
DA:133,0
DA:134,0
DA:135,0
DA:136,0
DA:137,0
DA:142,0
DA:143,0
DA:144,0
DA:145,0
DA:146,0
DA:147,0
DA:149,0
DA:153,0
DA:157,0
DA:162,0
DA:163,0
DA:169,0
DA:173,0
DA:177,0
DA:178,0
DA:179,0
DA:180,0
DA:182,0
DA:183,0
DA:184,0
DA:188,0
DA:189,0
DA:191,0
DA:193,0
DA:195,0
DA:197,0
DA:199,0
DA:203,0
DA:204,0
DA:206,0
DA:208,0
DA:210,0
DA:212,0
DA:214,0
DA:218,0
DA:219,0
DA:221,0
DA:228,0
DA:236,0
DA:244,0
DA:251,0
DA:252,0
DA:262,0
DA:347,0
DA:363,0
DA:371,0
DA:387,0
DA:388,0
DA:389,0
DA:391,0
DA:396,0
DA:398,0
DA:404,0
DA:407,0
DA:408,0
DA:429,0
LF:137
LH:0
BRDA:25,0,0,0
BRDA:25,0,1,0
BRDA:32,1,0,0
BRDA:32,1,1,0
BRDA:56,2,0,0
BRDA:56,2,1,0
BRDA:59,3,0,0
BRDA:59,3,1,0
BRDA:72,4,0,0
BRDA:72,4,1,0
BRDA:72,5,0,0
BRDA:72,5,1,0
BRDA:76,6,0,0
BRDA:76,6,1,0
BRDA:77,7,0,0
BRDA:77,7,1,0
BRDA:77,7,2,0
BRDA:77,7,3,0
BRDA:78,8,0,0
BRDA:78,8,1,0
BRDA:95,9,0,0
BRDA:95,9,1,0
BRDA:99,10,0,0
BRDA:99,10,1,0
BRDA:99,11,0,0
BRDA:99,11,1,0
BRDA:99,11,2,0
BRDA:99,11,3,0
BRDA:115,12,0,0
BRDA:115,12,1,0
BRDA:116,13,0,0
BRDA:116,13,1,0
BRDA:120,14,0,0
BRDA:120,14,1,0
BRDA:120,15,0,0
BRDA:120,15,1,0
BRDA:133,16,0,0
BRDA:133,16,1,0
BRDA:134,17,0,0
BRDA:134,17,1,0
BRDA:135,18,0,0
BRDA:135,18,1,0
BRDA:135,19,0,0
BRDA:135,19,1,0
BRDA:142,20,0,0
BRDA:142,20,1,0
BRDA:143,21,0,0
BRDA:143,21,1,0
BRDA:178,22,0,0
BRDA:178,22,1,0
BRDA:178,23,0,0
BRDA:178,23,1,0
BRDA:183,24,0,0
BRDA:183,24,1,0
BRDA:189,25,0,0
BRDA:189,25,1,0
BRDA:189,25,2,0
BRDA:189,25,3,0
BRDA:189,25,4,0
BRDA:204,26,0,0
BRDA:204,26,1,0
BRDA:204,26,2,0
BRDA:204,26,3,0
BRDA:204,26,4,0
BRDA:219,27,0,0
BRDA:219,27,1,0
BRDA:219,27,2,0
BRDA:219,27,3,0
BRDA:251,28,0,0
BRDA:251,28,1,0
BRDA:276,29,0,0
BRDA:276,29,1,0
BRDA:281,30,0,0
BRDA:281,30,1,0
BRDA:299,31,0,0
BRDA:299,31,1,0
BRDA:301,32,0,0
BRDA:301,32,1,0
BRDA:312,33,0,0
BRDA:312,33,1,0
BRDA:317,34,0,0
BRDA:317,34,1,0
BRDA:346,35,0,0
BRDA:346,35,1,0
BRDA:410,36,0,0
BRDA:410,36,1,0
BRF:86
BRH:0
end_of_record
TN:
SF:src/pages/Pricing.tsx
FN:11,(anonymous_1)
FN:16,(anonymous_2)
FN:21,(anonymous_3)
FN:26,(anonymous_4)
FNF:4
FNH:0
FNDA:0,(anonymous_1)
FNDA:0,(anonymous_2)
FNDA:0,(anonymous_3)
FNDA:0,(anonymous_4)
DA:2,0
DA:3,0
DA:4,0
DA:5,0
DA:6,0
DA:8,0
DA:11,0
DA:12,0
DA:13,0
DA:14,0
DA:16,0
DA:17,0
DA:21,0
DA:22,0
DA:26,0
DA:28,0
DA:31,0
DA:133,0
LF:18
LH:0
BRF:0
BRH:0
end_of_record
TN:
SF:src/pages/Recommendations.tsx
FN:7,(anonymous_0)
FNF:1
FNH:0
FNDA:0,(anonymous_0)
DA:1,0
DA:2,0
DA:3,0
DA:4,0
DA:5,0
DA:7,0
DA:8,0
DA:346,0
LF:8
LH:0
BRF:0
BRH:0
end_of_record
TN:
SF:src/pages/Register.tsx
FN:20,(anonymous_0)
FN:27,Register
FN:43,(anonymous_2)
FN:49,(anonymous_3)
FN:82,(anonymous_4)
FN:103,(anonymous_5)
FN:124,(anonymous_6)
FN:138,(anonymous_7)
FN:153,(anonymous_8)
FN:167,(anonymous_9)
FNF:10
FNH:0
FNDA:0,(anonymous_0)
FNDA:0,Register
FNDA:0,(anonymous_2)
FNDA:0,(anonymous_3)
FNDA:0,(anonymous_4)
FNDA:0,(anonymous_5)
FNDA:0,(anonymous_6)
FNDA:0,(anonymous_7)
FNDA:0,(anonymous_8)
FNDA:0,(anonymous_9)
DA:1,0
DA:2,0
DA:3,0
DA:4,0
DA:5,0
DA:6,0
DA:7,0
DA:8,0
DA:9,0
DA:10,0
DA:11,0
DA:12,0
DA:15,0
DA:20,0
DA:27,0
DA:28,0
DA:29,0
DA:30,0
DA:31,0
DA:33,0
DA:43,0
DA:44,0
DA:45,0
DA:46,0
DA:49,0
DA:50,0
DA:57,0
DA:83,0
DA:104,0
DA:125,0
DA:138,0
DA:154,0
DA:167,0
LF:33
LH:0
BRDA:131,0,0,0
BRDA:131,0,1,0
BRDA:141,1,0,0
BRDA:141,1,1,0
BRDA:160,2,0,0
BRDA:160,2,1,0
BRDA:170,3,0,0
BRDA:170,3,1,0
BRDA:184,4,0,0
BRDA:184,4,1,0
BRF:10
BRH:0
end_of_record
TN:
SF:src/pages/ResetPassword.tsx
FN:12,(anonymous_0)
FN:25,(anonymous_1)
FN:38,(anonymous_2)
FN:60,(anonymous_3)
FN:130,(anonymous_4)
FN:206,(anonymous_5)
FN:287,(anonymous_6)
FN:294,(anonymous_7)
FN:304,(anonymous_8)
FN:330,(anonymous_9)
FN:337,(anonymous_10)
FNF:11
FNH:0
FNDA:0,(anonymous_0)
FNDA:0,(anonymous_1)
FNDA:0,(anonymous_2)
FNDA:0,(anonymous_3)
FNDA:0,(anonymous_4)
FNDA:0,(anonymous_5)
FNDA:0,(anonymous_6)
FNDA:0,(anonymous_7)
FNDA:0,(anonymous_8)
FNDA:0,(anonymous_9)
FNDA:0,(anonymous_10)
DA:1,0
DA:2,0
DA:3,0
DA:4,0
DA:5,0
DA:6,0
DA:7,0
DA:8,0
DA:9,0
DA:10,0
DA:12,0
DA:13,0
DA:14,0
DA:15,0
DA:16,0
DA:17,0
DA:18,0
DA:19,0
DA:20,0
DA:21,0
DA:22,0
DA:23,0
DA:25,0
DA:26,0
DA:27,0
DA:28,0
DA:29,0
DA:31,0
DA:32,0
DA:33,0
DA:35,0
DA:38,0
DA:39,0
DA:40,0
DA:41,0
DA:42,0
DA:43,0
DA:45,0
DA:57,0
DA:58,0
DA:60,0
DA:61,0
DA:62,0
DA:63,0
DA:65,0
DA:66,0
DA:67,0
DA:68,0
DA:71,0
DA:72,0
DA:73,0
DA:74,0
DA:77,0
DA:78,0
DA:79,0
DA:81,0
DA:83,0
DA:84,0
DA:85,0
DA:90,0
DA:93,0
DA:94,0
DA:95,0
DA:101,0
DA:105,0
DA:106,0
DA:130,0
DA:181,0
DA:182,0
DA:206,0
DA:257,0
DA:287,0
DA:294,0
DA:305,0
DA:330,0
DA:337,0
DA:434,0
LF:77
LH:0
BRDA:31,0,0,0
BRDA:31,0,1,0
BRDA:46,1,0,0
BRDA:46,1,1,0
BRDA:46,1,2,0
BRDA:46,1,3,0
BRDA:46,1,4,0
BRDA:58,2,0,0
BRDA:58,2,1,0
BRDA:65,3,0,0
BRDA:65,3,1,0
BRDA:71,4,0,0
BRDA:71,4,1,0
BRDA:83,5,0,0
BRDA:83,5,1,0
BRDA:93,6,0,0
BRDA:93,6,1,0
BRDA:105,7,0,0
BRDA:105,7,1,0
BRDA:181,8,0,0
BRDA:181,8,1,0
BRDA:284,9,0,0
BRDA:284,9,1,0
BRDA:297,10,0,0
BRDA:297,10,1,0
BRDA:302,11,0,0
BRDA:302,11,1,0
BRDA:308,12,0,0
BRDA:308,12,1,0
BRDA:312,13,0,0
BRDA:312,13,1,0
BRDA:327,14,0,0
BRDA:327,14,1,0
BRDA:340,15,0,0
BRDA:340,15,1,0
BRDA:345,16,0,0
BRDA:345,16,1,0
BRDA:347,17,0,0
BRDA:347,17,1,0
BRDA:350,18,0,0
BRDA:350,18,1,0
BRDA:352,19,0,0
BRDA:352,19,1,0
BRDA:357,20,0,0
BRDA:357,20,1,0
BRDA:366,21,0,0
BRDA:366,21,1,0
BRDA:366,21,2,0
BRDA:368,22,0,0
BRDA:368,22,1,0
BRF:50
BRH:0
end_of_record
TN:
SF:src/pages/Settings.tsx
FN:24,(anonymous_0)
FN:31,(anonymous_1)
FN:32,(anonymous_2)
FN:335,(anonymous_3)
FNF:4
FNH:0
FNDA:0,(anonymous_0)
FNDA:0,(anonymous_1)
FNDA:0,(anonymous_2)
FNDA:0,(anonymous_3)
DA:1,0
DA:2,0
DA:3,0
DA:4,0
DA:5,0
DA:6,0
DA:7,0
DA:8,0
DA:9,0
DA:10,0
DA:11,0
DA:24,0
DA:25,0
DA:26,0
DA:27,0
DA:28,0
DA:29,0
DA:31,0
DA:32,0
DA:33,0
DA:34,0
DA:35,0
DA:36,0
DA:37,0
DA:39,0
DA:40,0
DA:42,0
DA:43,0
DA:44,0
DA:50,0
DA:54,0
DA:56,0
DA:336,0
DA:414,0
LF:34
LH:0
BRDA:40,0,0,0
BRDA:40,0,1,0
BRDA:42,1,0,0
BRDA:42,1,1,0
BRDA:138,2,0,0
BRDA:138,2,1,0
BRDA:143,3,0,0
BRDA:143,3,1,0
BRDA:148,4,0,0
BRDA:148,4,1,0
BRDA:154,5,0,0
BRDA:154,5,1,0
BRDA:164,6,0,0
BRDA:164,6,1,0
BRDA:185,7,0,0
BRDA:185,7,1,0
BRDA:186,8,0,0
BRDA:186,8,1,0
BRDA:191,9,0,0
BRDA:191,9,1,0
BRDA:192,10,0,0
BRDA:192,10,1,0
BRDA:197,11,0,0
BRDA:197,11,1,0
BRDA:198,12,0,0
BRDA:198,12,1,0
BRDA:333,13,0,0
BRDA:333,13,1,0
BRDA:333,14,0,0
BRDA:333,14,1,0
BRDA:339,15,0,0
BRDA:339,15,1,0
BRDA:339,16,0,0
BRDA:339,16,1,0
BRDA:342,17,0,0
BRDA:342,17,1,0
BRDA:345,18,0,0
BRDA:345,18,1,0
BRDA:346,19,0,0
BRDA:346,19,1,0
BRF:40
BRH:0
end_of_record
TN:
SF:src/pages/Tasks.tsx
FN:108,(anonymous_0)
FN:121,(anonymous_1)
FN:140,(anonymous_2)
FN:141,(anonymous_3)
FN:153,(anonymous_4)
FN:157,(anonymous_5)
FN:179,(anonymous_6)
FN:208,(anonymous_7)
FN:214,(anonymous_8)
FN:233,(anonymous_9)
FN:245,(anonymous_10)
FN:251,(anonymous_11)
FN:264,(anonymous_12)
FN:279,(anonymous_13)
FN:310,(anonymous_14)
FN:322,(anonymous_15)
FN:334,(anonymous_16)
FN:350,(anonymous_17)
FN:355,(anonymous_18)
FN:355,(anonymous_19)
FN:393,(anonymous_20)
FN:410,(anonymous_21)
FN:415,(anonymous_22)
FN:415,(anonymous_23)
FN:453,(anonymous_24)
FN:460,(anonymous_25)
FN:477,(anonymous_26)
FN:482,(anonymous_27)
FN:482,(anonymous_28)
FNF:29
FNH:0
FNDA:0,(anonymous_0)
FNDA:0,(anonymous_1)
FNDA:0,(anonymous_2)
FNDA:0,(anonymous_3)
FNDA:0,(anonymous_4)
FNDA:0,(anonymous_5)
FNDA:0,(anonymous_6)
FNDA:0,(anonymous_7)
FNDA:0,(anonymous_8)
FNDA:0,(anonymous_9)
FNDA:0,(anonymous_10)
FNDA:0,(anonymous_11)
FNDA:0,(anonymous_12)
FNDA:0,(anonymous_13)
FNDA:0,(anonymous_14)
FNDA:0,(anonymous_15)
FNDA:0,(anonymous_16)
FNDA:0,(anonymous_17)
FNDA:0,(anonymous_18)
FNDA:0,(anonymous_19)
FNDA:0,(anonymous_20)
FNDA:0,(anonymous_21)
FNDA:0,(anonymous_22)
FNDA:0,(anonymous_23)
FNDA:0,(anonymous_24)
FNDA:0,(anonymous_25)
FNDA:0,(anonymous_26)
FNDA:0,(anonymous_27)
FNDA:0,(anonymous_28)
DA:1,0
DA:2,0
DA:3,0
DA:4,0
DA:6,0
DA:7,0
DA:8,0
DA:9,0
DA:10,0
DA:11,0
DA:43,0
DA:108,0
DA:109,0
DA:110,0
DA:111,0
DA:112,0
DA:121,0
DA:122,0
DA:123,0
DA:128,0
DA:129,0
DA:130,0
DA:140,0
DA:141,0
DA:142,0
DA:143,0
DA:149,0
DA:153,0
DA:154,0
DA:157,0
DA:158,0
DA:162,0
DA:179,0
DA:208,0
DA:214,0
DA:233,0
DA:245,0
DA:251,0
DA:264,0
DA:279,0
DA:310,0
DA:322,0
DA:334,0
DA:350,0
DA:355,0
DA:356,0
DA:393,0
DA:410,0
DA:415,0
DA:416,0
DA:453,0
DA:460,0
DA:477,0
DA:482,0
DA:483,0
DA:529,0
LF:56
LH:0
BRDA:142,0,0,0
BRDA:142,0,1,0
BRDA:146,1,0,0
BRDA:146,1,1,0
BRDA:158,2,0,0
BRDA:158,2,1,0
BRDA:361,3,0,0
BRDA:361,3,1,0
BRDA:361,4,0,0
BRDA:361,4,1,0
BRDA:421,5,0,0
BRDA:421,5,1,0
BRDA:421,6,0,0
BRDA:421,6,1,0
BRDA:488,7,0,0
BRDA:488,7,1,0
BRDA:488,8,0,0
BRDA:488,8,1,0
BRDA:514,9,0,0
BRDA:514,9,1,0
BRF:20
BRH:0
end_of_record
TN:
SF:src/pages/TechnicalOptimization.tsx
FN:16,(anonymous_0)
FNF:1
FNH:0
FNDA:0,(anonymous_0)
DA:2,0
DA:3,0
DA:4,0
DA:5,0
DA:6,0
DA:16,0
DA:17,0
DA:221,0
LF:8
LH:0
BRF:0
BRH:0
end_of_record
TN:
SF:src/pages/TextualOptimization.tsx
FN:24,(anonymous_0)
FN:51,(anonymous_1)
FN:93,(anonymous_2)
FN:159,(anonymous_3)
FN:166,(anonymous_4)
FN:210,(anonymous_5)
FN:217,(anonymous_6)
FN:224,(anonymous_7)
FN:322,(anonymous_8)
FN:358,(anonymous_9)
FN:423,(anonymous_10)
FN:475,(anonymous_11)
FN:515,(anonymous_12)
FN:523,(anonymous_13)
FN:538,(anonymous_14)
FN:555,(anonymous_15)
FN:560,(anonymous_16)
FN:569,(anonymous_17)
FN:574,(anonymous_18)
FN:583,(anonymous_19)
FNF:20
FNH:0
FNDA:0,(anonymous_0)
FNDA:0,(anonymous_1)
FNDA:0,(anonymous_2)
FNDA:0,(anonymous_3)
FNDA:0,(anonymous_4)
FNDA:0,(anonymous_5)
FNDA:0,(anonymous_6)
FNDA:0,(anonymous_7)
FNDA:0,(anonymous_8)
FNDA:0,(anonymous_9)
FNDA:0,(anonymous_10)
FNDA:0,(anonymous_11)
FNDA:0,(anonymous_12)
FNDA:0,(anonymous_13)
FNDA:0,(anonymous_14)
FNDA:0,(anonymous_15)
FNDA:0,(anonymous_16)
FNDA:0,(anonymous_17)
FNDA:0,(anonymous_18)
FNDA:0,(anonymous_19)
DA:1,0
DA:2,0
DA:3,0
DA:4,0
DA:5,0
DA:7,0
DA:9,0
DA:12,0
DA:13,0
DA:18,0
DA:19,0
DA:20,0
DA:21,0
DA:24,0
DA:25,0
DA:26,0
DA:29,0
DA:42,0
DA:44,0
DA:45,0
DA:48,0
DA:51,0
DA:52,0
DA:53,0
DA:54,0
DA:55,0
DA:56,0
DA:57,0
DA:61,0
DA:62,0
DA:65,0
DA:66,0
DA:67,0
DA:68,0
DA:69,0
DA:71,0
DA:93,0
DA:94,0
DA:95,0
DA:100,0
DA:103,0
DA:104,0
DA:105,0
DA:106,0
DA:126,0
DA:131,0
DA:132,0
DA:140,0
DA:159,0
DA:166,0
DA:210,0
DA:217,0
DA:224,0
DA:323,0
DA:359,0
DA:424,0
DA:476,0
DA:515,0
DA:523,0
DA:538,0
DA:555,0
DA:561,0
DA:569,0
DA:575,0
DA:583,0
DA:610,0
LF:66
LH:0
BRDA:29,0,0,0
BRDA:29,0,1,0
BRDA:94,1,0,0
BRDA:94,1,1,0
BRDA:179,2,0,0
BRDA:179,2,1,0
BRDA:201,3,0,0
BRDA:201,3,1,0
BRDA:202,4,0,0
BRDA:202,4,1,0
BRDA:203,5,0,0
BRDA:203,5,1,0
BRDA:212,6,0,0
BRDA:212,6,1,0
BRDA:219,7,0,0
BRDA:219,7,1,0
BRDA:226,8,0,0
BRDA:226,8,1,0
BRDA:235,9,0,0
BRDA:235,9,1,0
BRDA:241,10,0,0
BRDA:241,10,1,0
BRDA:248,11,0,0
BRDA:248,11,1,0
BRDA:252,12,0,0
BRDA:252,12,1,0
BRDA:324,13,0,0
BRDA:324,13,1,0
BRDA:329,14,0,0
BRDA:329,14,1,0
BRDA:344,15,0,0
BRDA:344,15,1,0
BRDA:356,16,0,0
BRDA:356,16,1,0
BRDA:365,17,0,0
BRDA:365,17,1,0
BRDA:366,18,0,0
BRDA:366,18,1,0
BRDA:367,19,0,0
BRDA:367,19,1,0
BRDA:405,20,0,0
BRDA:405,20,1,0
BRDA:417,21,0,0
BRDA:417,21,1,0
BRDA:588,22,0,0
BRDA:588,22,1,0
BRDA:591,23,0,0
BRDA:591,23,1,0
BRF:48
BRH:0
end_of_record
TN:
SF:src/services/paymentService.ts
FN:16,(anonymous_0)
FN:23,(anonymous_1)
FN:24,(anonymous_2)
FN:30,(anonymous_3)
FN:55,(anonymous_4)
FN:61,(anonymous_5)
FN:125,(anonymous_6)
FN:137,(anonymous_7)
FN:167,(anonymous_8)
FN:174,(anonymous_9)
FN:187,(anonymous_10)
FN:194,(anonymous_11)
FN:206,(anonymous_12)
FN:218,(anonymous_13)
FN:247,(anonymous_14)
FN:263,(anonymous_15)
FN:283,(anonymous_16)
FN:293,(anonymous_17)
FNF:18
FNH:0
FNDA:0,(anonymous_0)
FNDA:0,(anonymous_1)
FNDA:0,(anonymous_2)
FNDA:0,(anonymous_3)
FNDA:0,(anonymous_4)
FNDA:0,(anonymous_5)
FNDA:0,(anonymous_6)
FNDA:0,(anonymous_7)
FNDA:0,(anonymous_8)
FNDA:0,(anonymous_9)
FNDA:0,(anonymous_10)
FNDA:0,(anonymous_11)
FNDA:0,(anonymous_12)
FNDA:0,(anonymous_13)
FNDA:0,(anonymous_14)
FNDA:0,(anonymous_15)
FNDA:0,(anonymous_16)
FNDA:0,(anonymous_17)
DA:1,0
DA:4,0
DA:5,0
DA:11,0
DA:17,0
DA:24,0
DA:31,0
DA:32,0
DA:33,0
DA:35,0
DA:37,0
DA:38,0
DA:40,0
DA:42,0
DA:43,0
DA:46,0
DA:48,0
DA:61,0
DA:63,0
DA:64,0
DA:65,0
DA:69,0
DA:70,0
DA:74,0
DA:75,0
DA:76,0
DA:78,0
DA:93,0
DA:104,0
DA:116,0
DA:117,0
DA:119,0
DA:126,0
DA:127,0
DA:128,0
DA:131,0
DA:132,0
DA:133,0
DA:137,0
DA:140,0
DA:143,0
DA:144,0
DA:147,0
DA:148,0
DA:157,0
DA:160,0
DA:161,0
DA:168,0
DA:169,0
DA:170,0
DA:174,0
DA:177,0
DA:178,0
DA:180,0
DA:181,0
DA:188,0
DA:189,0
DA:190,0
DA:194,0
DA:196,0
DA:197,0
DA:199,0
DA:200,0
DA:207,0
DA:208,0
DA:209,0
DA:211,0
DA:219,0
DA:221,0
DA:222,0
DA:225,0
DA:227,0
DA:228,0
DA:229,0
DA:230,0
DA:234,0
DA:235,0
DA:236,0
DA:237,0
DA:241,0
DA:248,0
DA:249,0
DA:251,0
DA:252,0
DA:253,0
DA:254,0
DA:257,0
DA:264,0
DA:265,0
DA:267,0
DA:268,0
DA:269,0
DA:271,0
DA:278,0
DA:284,0
DA:285,0
DA:287,0
DA:288,0
DA:290,0
DA:295,0
DA:297,0
DA:302,0
LF:102
LH:0
BRDA:24,0,0,0
BRDA:24,0,1,0
BRDA:33,1,0,0
BRDA:33,1,1,0
BRDA:40,2,0,0
BRDA:40,2,1,0
BRDA:40,3,0,0
BRDA:40,3,1,0
BRDA:64,4,0,0
BRDA:64,4,1,0
BRDA:69,5,0,0
BRDA:69,5,1,0
BRDA:76,6,0,0
BRDA:76,6,1,0
BRDA:127,7,0,0
BRDA:127,7,1,0
BRDA:132,8,0,0
BRDA:132,8,1,0
BRDA:147,9,0,0
BRDA:147,9,1,0
BRDA:169,10,0,0
BRDA:169,10,1,0
BRDA:189,11,0,0
BRDA:189,11,1,0
BRDA:209,12,0,0
BRDA:209,12,1,0
BRDA:221,13,0,0
BRDA:221,13,1,0
BRDA:221,14,0,0
BRDA:221,14,1,0
BRDA:227,15,0,0
BRDA:227,15,1,0
BRDA:228,16,0,0
BRDA:228,16,1,0
BRDA:229,17,0,0
BRDA:229,17,1,0
BRDA:234,18,0,0
BRDA:234,18,1,0
BRDA:235,19,0,0
BRDA:235,19,1,0
BRDA:236,20,0,0
BRDA:236,20,1,0
BRDA:249,21,0,0
BRDA:249,21,1,0
BRDA:251,22,0,0
BRDA:251,22,1,0
BRDA:253,23,0,0
BRDA:253,23,1,0
BRDA:265,24,0,0
BRDA:265,24,1,0
BRDA:287,25,0,0
BRDA:287,25,1,0
BRF:52
BRH:0
end_of_record
TN:
SF:src/services/textualOptimizationService.ts
FN:114,fetchWithAuth
FN:159,fetchOptimizationById
FN:199,listOptimizationsFromOptimize
FN:249,fetchOptimization
FN:261,listOptimizations
FN:278,startTextualOptimization
FN:317,checkOptimizationStatus
FN:342,getMockOptimization
FN:418,getMockOptimizationsList
FN:436,exportOptimizationResults
FN:443,calculateImprovementScore
FN:456,(anonymous_11)
FN:470,(anonymous_12)
FN:481,(anonymous_13)
FNF:14
FNH:0
FNDA:0,fetchWithAuth
FNDA:0,fetchOptimizationById
FNDA:0,listOptimizationsFromOptimize
FNDA:0,fetchOptimization
FNDA:0,listOptimizations
FNDA:0,startTextualOptimization
FNDA:0,checkOptimizationStatus
FNDA:0,getMockOptimization
FNDA:0,getMockOptimizationsList
FNDA:0,exportOptimizationResults
FNDA:0,calculateImprovementScore
FNDA:0,(anonymous_11)
FNDA:0,(anonymous_12)
FNDA:0,(anonymous_13)
DA:1,0
DA:115,0
DA:116,0
DA:119,0
DA:120,0
DA:122,0
DA:123,0
DA:127,0
DA:137,0
DA:138,0
DA:139,0
DA:143,0
DA:145,0
DA:148,0
DA:152,0
DA:159,0
DA:160,0
DA:161,0
DA:163,0
DA:170,0
DA:172,0
DA:173,0
DA:174,0
DA:175,0
DA:177,0
DA:178,0
DA:179,0
DA:181,0
DA:184,0
DA:185,0
DA:187,0
DA:190,0
DA:191,0
DA:192,0
DA:199,0
DA:200,0
DA:201,0
DA:203,0
DA:210,0
DA:212,0
DA:213,0
DA:214,0
DA:215,0
DA:217,0
DA:218,0
DA:221,0
DA:222,0
DA:224,0
DA:225,0
DA:226,0
DA:227,0
DA:228,0
DA:229,0
DA:230,0
DA:232,0
DA:233,0
DA:236,0
DA:237,0
DA:240,0
DA:241,0
DA:242,0
DA:249,0
DA:250,0
DA:251,0
DA:253,0
DA:254,0
DA:261,0
DA:262,0
DA:263,0
DA:264,0
DA:265,0
DA:268,0
DA:272,0
DA:278,0
DA:279,0
DA:280,0
DA:288,0
DA:289,0
DA:290,0
DA:291,0
DA:297,0
DA:300,0
DA:301,0
DA:304,0
DA:305,0
DA:306,0
DA:317,0
DA:318,0
DA:319,0
DA:326,0
DA:327,0
DA:330,0
DA:331,0
DA:334,0
DA:335,0
DA:343,0
DA:412,0
DA:418,0
DA:419,0
DA:436,0
DA:437,0
DA:443,0
DA:444,0
DA:445,0
DA:449,0
DA:450,0
DA:453,0
DA:456,0
DA:457,0
DA:458,0
DA:459,0
DA:460,0
DA:464,0
DA:470,0
DA:481,0
LF:115
LH:0
BRDA:114,0,0,0
BRDA:122,1,0,0
BRDA:122,1,1,0
BRDA:138,2,0,0
BRDA:138,2,1,0
BRDA:138,3,0,0
BRDA:138,3,1,0
BRDA:152,4,0,0
BRDA:152,4,1,0
BRDA:172,5,0,0
BRDA:172,5,1,0
BRDA:173,6,0,0
BRDA:173,6,1,0
BRDA:177,7,0,0
BRDA:177,7,1,0
BRDA:212,8,0,0
BRDA:212,8,1,0
BRDA:213,9,0,0
BRDA:213,9,1,0
BRDA:225,10,0,0
BRDA:225,10,1,0
BRDA:227,11,0,0
BRDA:227,11,1,0
BRDA:227,12,0,0
BRDA:227,12,1,0
BRDA:229,13,0,0
BRDA:229,13,1,0
BRDA:229,14,0,0
BRDA:229,14,1,0
BRDA:264,15,0,0
BRDA:264,15,1,0
BRDA:288,16,0,0
BRDA:288,16,1,0
BRDA:289,17,0,0
BRDA:289,17,1,0
BRDA:326,18,0,0
BRDA:326,18,1,0
BRDA:344,19,0,0
BRDA:344,19,1,0
BRDA:444,20,0,0
BRDA:444,20,1,0
BRDA:457,21,0,0
BRDA:457,21,1,0
BRDA:458,22,0,0
BRDA:458,22,1,0
BRDA:459,23,0,0
BRDA:459,23,1,0
BRDA:460,24,0,0
BRDA:460,24,1,0
BRF:49
BRH:0
end_of_record
TN:
SF:src/types/payment.ts
FNF:0
FNH:0
DA:57,0
LF:1
LH:0
BRF:0
BRH:0
end_of_record
TN:
SF:src/utils/componentTest.ts
FN:9,testComponentImports
FN:32,testServiceImports
FN:53,testHookImports
FN:74,runAllTests
FNF:4
FNH:0
FNDA:0,testComponentImports
FNDA:0,testServiceImports
FNDA:0,testHookImports
FNDA:0,runAllTests
DA:2,0
DA:3,0
DA:4,0
DA:5,0
DA:6,0
DA:7,0
DA:9,0
DA:10,0
DA:12,0
DA:14,0
DA:15,0
DA:16,0
DA:17,0
DA:20,0
DA:21,0
DA:23,0
DA:24,0
DA:26,0
DA:27,0
DA:32,0
DA:33,0
DA:35,0
DA:37,0
DA:38,0
DA:41,0
DA:42,0
DA:44,0
DA:45,0
DA:47,0
DA:48,0
DA:53,0
DA:54,0
DA:56,0
DA:58,0
DA:59,0
DA:62,0
DA:63,0
DA:65,0
DA:66,0
DA:68,0
DA:69,0
DA:74,0
DA:75,0
DA:77,0
DA:78,0
DA:79,0
DA:81,0
DA:83,0
DA:84,0
DA:86,0
DA:89,0
LF:51
LH:0
BRDA:81,0,0,0
BRDA:81,0,1,0
BRDA:81,0,2,0
BRDA:83,1,0,0
BRDA:83,1,1,0
BRF:5
BRH:0
end_of_record
